I0316 08:05:01.594652 3474115 config.py:54] PyTorch version 2.6.0 available.
W0316 08:05:01.874867 3474115 warnings.py:109] /opt/conda/lib/python3.10/site-packages/torchvision/io/image.py:13: UserWarning: Failed to load image Python extension: '/opt/conda/lib/python3.10/site-packages/torchvision/image.so: undefined symbol: _ZN3c1017RegisterOperatorsD1Ev'If you don't plan on using image functionality from `torchvision.io`, you can ignore this warning. Otherwise, there might be something wrong with your environment. Did you have `libjpeg` or `libpng` installed before building `torchvision` from source?
  warn(

W0316 08:05:02.861849 3474115 warnings.py:109] /opt/conda/lib/python3.10/site-packages/compressai/models/video/google.py:353: FutureWarning: `torch.cuda.amp.autocast(args...)` is deprecated. Please use `torch.amp.autocast('cuda', args...)` instead.
  @amp.autocast(enabled=False)

Loading checkpoint shards:   0%|          | 0/6 [00:00<?, ?it/s]Loading checkpoint shards:  17%|█▋        | 1/6 [00:00<00:00,  7.48it/s]Loading checkpoint shards:  33%|███▎      | 2/6 [00:00<00:00,  7.97it/s]Loading checkpoint shards:  50%|█████     | 3/6 [00:00<00:00,  8.20it/s]Loading checkpoint shards:  67%|██████▋   | 4/6 [00:00<00:00,  8.22it/s]Loading checkpoint shards:  83%|████████▎ | 5/6 [00:00<00:00,  8.27it/s]Loading checkpoint shards: 100%|██████████| 6/6 [00:00<00:00,  7.96it/s]Loading checkpoint shards: 100%|██████████| 6/6 [00:00<00:00,  8.03it/s]
I0316 08:05:03.810510 3474115 quantize_finetune_llama.py:143] loaded model
I0316 08:05:04.032956 3474115 quantize_finetune_llama.py:171] loaded compression model
I0316 08:05:17.696659 3474115 quantize_finetune_llama.py:175] loaded dataset and devset
I0316 08:05:22.534295 3474115 quantize_finetune_llama.py:195] layer 0 gpu 0
I0316 08:05:24.818526 3474115 quantize_finetune_llama.py:226] computed original embedding for layer 0 in 2.134765863418579s
huggingface/tokenizers: The current process just got forked, after parallelism has already been used. Disabling parallelism to avoid deadlocks...
To disable this warning, you can either:
	- Avoid using `tokenizers` before the fork if possible
	- Explicitly set the environment variable TOKENIZERS_PARALLELISM=(true | false)
I0316 08:05:37.173976 3474726 config.py:54] PyTorch version 2.6.0 available.
W0316 08:05:37.458888 3474726 warnings.py:109] /opt/conda/lib/python3.10/site-packages/torchvision/io/image.py:13: UserWarning: Failed to load image Python extension: '/opt/conda/lib/python3.10/site-packages/torchvision/image.so: undefined symbol: _ZN3c1017RegisterOperatorsD1Ev'If you don't plan on using image functionality from `torchvision.io`, you can ignore this warning. Otherwise, there might be something wrong with your environment. Did you have `libjpeg` or `libpng` installed before building `torchvision` from source?
  warn(

W0316 08:05:38.349210 3474726 warnings.py:109] /opt/conda/lib/python3.10/site-packages/compressai/models/video/google.py:353: FutureWarning: `torch.cuda.amp.autocast(args...)` is deprecated. Please use `torch.amp.autocast('cuda', args...)` instead.
  @amp.autocast(enabled=False)

I0316 08:05:38.353199 3474115 quantize_finetune_llama.py:195] layer 1 gpu 1
I0316 08:05:41.025455 3474115 quantize_finetune_llama.py:226] computed original embedding for layer 1 in 2.5232603549957275s
I0316 08:05:44.406442 3474874 config.py:54] PyTorch version 2.6.0 available.
W0316 08:05:44.692072 3474874 warnings.py:109] /opt/conda/lib/python3.10/site-packages/torchvision/io/image.py:13: UserWarning: Failed to load image Python extension: '/opt/conda/lib/python3.10/site-packages/torchvision/image.so: undefined symbol: _ZN3c1017RegisterOperatorsD1Ev'If you don't plan on using image functionality from `torchvision.io`, you can ignore this warning. Otherwise, there might be something wrong with your environment. Did you have `libjpeg` or `libpng` installed before building `torchvision` from source?
  warn(

W0316 08:05:45.576330 3474874 warnings.py:109] /opt/conda/lib/python3.10/site-packages/compressai/models/video/google.py:353: FutureWarning: `torch.cuda.amp.autocast(args...)` is deprecated. Please use `torch.amp.autocast('cuda', args...)` instead.
  @amp.autocast(enabled=False)

I0316 08:05:45.580357 3474115 quantize_finetune_llama.py:195] layer 2 gpu 2
I0316 08:05:47.650066 3474115 quantize_finetune_llama.py:226] computed original embedding for layer 2 in 1.9221179485321045s
I0316 08:05:51.008789 3475003 config.py:54] PyTorch version 2.6.0 available.
W0316 08:05:51.289348 3475003 warnings.py:109] /opt/conda/lib/python3.10/site-packages/torchvision/io/image.py:13: UserWarning: Failed to load image Python extension: '/opt/conda/lib/python3.10/site-packages/torchvision/image.so: undefined symbol: _ZN3c1017RegisterOperatorsD1Ev'If you don't plan on using image functionality from `torchvision.io`, you can ignore this warning. Otherwise, there might be something wrong with your environment. Did you have `libjpeg` or `libpng` installed before building `torchvision` from source?
  warn(

W0316 08:05:52.170310 3475003 warnings.py:109] /opt/conda/lib/python3.10/site-packages/compressai/models/video/google.py:353: FutureWarning: `torch.cuda.amp.autocast(args...)` is deprecated. Please use `torch.amp.autocast('cuda', args...)` instead.
  @amp.autocast(enabled=False)

I0316 08:05:52.174178 3474115 quantize_finetune_llama.py:195] layer 3 gpu 3
I0316 08:05:55.518402 3474115 quantize_finetune_llama.py:226] computed original embedding for layer 3 in 3.199866533279419s
I0316 08:05:58.800747 3475158 config.py:54] PyTorch version 2.6.0 available.
W0316 08:05:59.081270 3475158 warnings.py:109] /opt/conda/lib/python3.10/site-packages/torchvision/io/image.py:13: UserWarning: Failed to load image Python extension: '/opt/conda/lib/python3.10/site-packages/torchvision/image.so: undefined symbol: _ZN3c1017RegisterOperatorsD1Ev'If you don't plan on using image functionality from `torchvision.io`, you can ignore this warning. Otherwise, there might be something wrong with your environment. Did you have `libjpeg` or `libpng` installed before building `torchvision` from source?
  warn(

W0316 08:05:59.965829 3475158 warnings.py:109] /opt/conda/lib/python3.10/site-packages/compressai/models/video/google.py:353: FutureWarning: `torch.cuda.amp.autocast(args...)` is deprecated. Please use `torch.amp.autocast('cuda', args...)` instead.
  @amp.autocast(enabled=False)

I0316 08:05:59.970206 3474115 quantize_finetune_llama.py:195] layer 4 gpu 0
I0316 08:06:01.155492 3474115 quantize_finetune_llama.py:226] computed original embedding for layer 4 in 0.8141026496887207s
I0316 08:06:04.422953 3475276 config.py:54] PyTorch version 2.6.0 available.
W0316 08:06:04.705530 3475276 warnings.py:109] /opt/conda/lib/python3.10/site-packages/torchvision/io/image.py:13: UserWarning: Failed to load image Python extension: '/opt/conda/lib/python3.10/site-packages/torchvision/image.so: undefined symbol: _ZN3c1017RegisterOperatorsD1Ev'If you don't plan on using image functionality from `torchvision.io`, you can ignore this warning. Otherwise, there might be something wrong with your environment. Did you have `libjpeg` or `libpng` installed before building `torchvision` from source?
  warn(

W0316 08:06:05.583513 3475276 warnings.py:109] /opt/conda/lib/python3.10/site-packages/compressai/models/video/google.py:353: FutureWarning: `torch.cuda.amp.autocast(args...)` is deprecated. Please use `torch.amp.autocast('cuda', args...)` instead.
  @amp.autocast(enabled=False)

I0316 08:06:05.587364 3474115 quantize_finetune_llama.py:195] layer 5 gpu 1
I0316 08:06:06.874247 3474115 quantize_finetune_llama.py:226] computed original embedding for layer 5 in 0.9003925323486328s
I0316 08:06:10.146412 3475393 config.py:54] PyTorch version 2.6.0 available.
W0316 08:06:10.424520 3475393 warnings.py:109] /opt/conda/lib/python3.10/site-packages/torchvision/io/image.py:13: UserWarning: Failed to load image Python extension: '/opt/conda/lib/python3.10/site-packages/torchvision/image.so: undefined symbol: _ZN3c1017RegisterOperatorsD1Ev'If you don't plan on using image functionality from `torchvision.io`, you can ignore this warning. Otherwise, there might be something wrong with your environment. Did you have `libjpeg` or `libpng` installed before building `torchvision` from source?
  warn(

W0316 08:06:11.305560 3475393 warnings.py:109] /opt/conda/lib/python3.10/site-packages/compressai/models/video/google.py:353: FutureWarning: `torch.cuda.amp.autocast(args...)` is deprecated. Please use `torch.amp.autocast('cuda', args...)` instead.
  @amp.autocast(enabled=False)

I0316 08:06:11.309553 3474115 quantize_finetune_llama.py:195] layer 6 gpu 2
I0316 08:06:12.526796 3474115 quantize_finetune_llama.py:226] computed original embedding for layer 6 in 0.8371546268463135s
I0316 08:06:15.905480 3475507 config.py:54] PyTorch version 2.6.0 available.
W0316 08:06:16.190189 3475507 warnings.py:109] /opt/conda/lib/python3.10/site-packages/torchvision/io/image.py:13: UserWarning: Failed to load image Python extension: '/opt/conda/lib/python3.10/site-packages/torchvision/image.so: undefined symbol: _ZN3c1017RegisterOperatorsD1Ev'If you don't plan on using image functionality from `torchvision.io`, you can ignore this warning. Otherwise, there might be something wrong with your environment. Did you have `libjpeg` or `libpng` installed before building `torchvision` from source?
  warn(

W0316 08:06:17.077543 3475507 warnings.py:109] /opt/conda/lib/python3.10/site-packages/compressai/models/video/google.py:353: FutureWarning: `torch.cuda.amp.autocast(args...)` is deprecated. Please use `torch.amp.autocast('cuda', args...)` instead.
  @amp.autocast(enabled=False)

I0316 08:06:17.081619 3474115 quantize_finetune_llama.py:195] layer 7 gpu 3
I0316 08:06:18.330886 3474115 quantize_finetune_llama.py:226] computed original embedding for layer 7 in 0.8506898880004883s
I0316 08:06:21.661789 3475631 config.py:54] PyTorch version 2.6.0 available.
W0316 08:06:21.942830 3475631 warnings.py:109] /opt/conda/lib/python3.10/site-packages/torchvision/io/image.py:13: UserWarning: Failed to load image Python extension: '/opt/conda/lib/python3.10/site-packages/torchvision/image.so: undefined symbol: _ZN3c1017RegisterOperatorsD1Ev'If you don't plan on using image functionality from `torchvision.io`, you can ignore this warning. Otherwise, there might be something wrong with your environment. Did you have `libjpeg` or `libpng` installed before building `torchvision` from source?
  warn(

W0316 08:06:22.834898 3475631 warnings.py:109] /opt/conda/lib/python3.10/site-packages/compressai/models/video/google.py:353: FutureWarning: `torch.cuda.amp.autocast(args...)` is deprecated. Please use `torch.amp.autocast('cuda', args...)` instead.
  @amp.autocast(enabled=False)

I0316 08:06:22.838769 3474115 quantize_finetune_llama.py:195] layer 8 gpu 0
I0316 08:06:24.030138 3474115 quantize_finetune_llama.py:226] computed original embedding for layer 8 in 0.8057041168212891s
I0316 08:06:27.397025 3475749 config.py:54] PyTorch version 2.6.0 available.
W0316 08:06:27.679049 3475749 warnings.py:109] /opt/conda/lib/python3.10/site-packages/torchvision/io/image.py:13: UserWarning: Failed to load image Python extension: '/opt/conda/lib/python3.10/site-packages/torchvision/image.so: undefined symbol: _ZN3c1017RegisterOperatorsD1Ev'If you don't plan on using image functionality from `torchvision.io`, you can ignore this warning. Otherwise, there might be something wrong with your environment. Did you have `libjpeg` or `libpng` installed before building `torchvision` from source?
  warn(

W0316 08:06:28.598798 3475749 warnings.py:109] /opt/conda/lib/python3.10/site-packages/compressai/models/video/google.py:353: FutureWarning: `torch.cuda.amp.autocast(args...)` is deprecated. Please use `torch.amp.autocast('cuda', args...)` instead.
  @amp.autocast(enabled=False)

I0316 08:06:28.602641 3474115 quantize_finetune_llama.py:195] layer 9 gpu 1
I0316 08:06:29.822761 3474115 quantize_finetune_llama.py:226] computed original embedding for layer 9 in 0.824505090713501s
I0316 08:06:33.082882 3475873 config.py:54] PyTorch version 2.6.0 available.
W0316 08:06:33.365163 3475873 warnings.py:109] /opt/conda/lib/python3.10/site-packages/torchvision/io/image.py:13: UserWarning: Failed to load image Python extension: '/opt/conda/lib/python3.10/site-packages/torchvision/image.so: undefined symbol: _ZN3c1017RegisterOperatorsD1Ev'If you don't plan on using image functionality from `torchvision.io`, you can ignore this warning. Otherwise, there might be something wrong with your environment. Did you have `libjpeg` or `libpng` installed before building `torchvision` from source?
  warn(

W0316 08:06:34.247189 3475873 warnings.py:109] /opt/conda/lib/python3.10/site-packages/compressai/models/video/google.py:353: FutureWarning: `torch.cuda.amp.autocast(args...)` is deprecated. Please use `torch.amp.autocast('cuda', args...)` instead.
  @amp.autocast(enabled=False)

I0316 08:06:34.251040 3474115 quantize_finetune_llama.py:195] layer 10 gpu 2
I0316 08:06:35.472161 3474115 quantize_finetune_llama.py:226] computed original embedding for layer 10 in 0.8477561473846436s
I0316 08:06:38.836790 3476005 config.py:54] PyTorch version 2.6.0 available.
W0316 08:06:39.117049 3476005 warnings.py:109] /opt/conda/lib/python3.10/site-packages/torchvision/io/image.py:13: UserWarning: Failed to load image Python extension: '/opt/conda/lib/python3.10/site-packages/torchvision/image.so: undefined symbol: _ZN3c1017RegisterOperatorsD1Ev'If you don't plan on using image functionality from `torchvision.io`, you can ignore this warning. Otherwise, there might be something wrong with your environment. Did you have `libjpeg` or `libpng` installed before building `torchvision` from source?
  warn(

W0316 08:06:39.996421 3476005 warnings.py:109] /opt/conda/lib/python3.10/site-packages/compressai/models/video/google.py:353: FutureWarning: `torch.cuda.amp.autocast(args...)` is deprecated. Please use `torch.amp.autocast('cuda', args...)` instead.
  @amp.autocast(enabled=False)

I0316 08:06:40.000313 3474115 quantize_finetune_llama.py:195] layer 11 gpu 3
I0316 08:06:41.393478 3474115 quantize_finetune_llama.py:226] computed original embedding for layer 11 in 1.0176429748535156s
I0316 08:06:44.730689 3476120 config.py:54] PyTorch version 2.6.0 available.
W0316 08:06:45.012871 3476120 warnings.py:109] /opt/conda/lib/python3.10/site-packages/torchvision/io/image.py:13: UserWarning: Failed to load image Python extension: '/opt/conda/lib/python3.10/site-packages/torchvision/image.so: undefined symbol: _ZN3c1017RegisterOperatorsD1Ev'If you don't plan on using image functionality from `torchvision.io`, you can ignore this warning. Otherwise, there might be something wrong with your environment. Did you have `libjpeg` or `libpng` installed before building `torchvision` from source?
  warn(

W0316 08:06:45.892334 3476120 warnings.py:109] /opt/conda/lib/python3.10/site-packages/compressai/models/video/google.py:353: FutureWarning: `torch.cuda.amp.autocast(args...)` is deprecated. Please use `torch.amp.autocast('cuda', args...)` instead.
  @amp.autocast(enabled=False)

I0316 08:06:45.896208 3474115 quantize_finetune_llama.py:195] layer 12 gpu 0
I0316 08:06:47.346333 3474115 quantize_finetune_llama.py:226] computed original embedding for layer 12 in 1.007028341293335s
I0316 08:06:50.716181 3476237 config.py:54] PyTorch version 2.6.0 available.
W0316 08:06:51.000644 3476237 warnings.py:109] /opt/conda/lib/python3.10/site-packages/torchvision/io/image.py:13: UserWarning: Failed to load image Python extension: '/opt/conda/lib/python3.10/site-packages/torchvision/image.so: undefined symbol: _ZN3c1017RegisterOperatorsD1Ev'If you don't plan on using image functionality from `torchvision.io`, you can ignore this warning. Otherwise, there might be something wrong with your environment. Did you have `libjpeg` or `libpng` installed before building `torchvision` from source?
  warn(

W0316 08:06:51.882331 3476237 warnings.py:109] /opt/conda/lib/python3.10/site-packages/compressai/models/video/google.py:353: FutureWarning: `torch.cuda.amp.autocast(args...)` is deprecated. Please use `torch.amp.autocast('cuda', args...)` instead.
  @amp.autocast(enabled=False)

I0316 08:06:51.886176 3474115 quantize_finetune_llama.py:195] layer 13 gpu 1
I0316 08:06:53.290078 3474115 quantize_finetune_llama.py:226] computed original embedding for layer 13 in 0.9832074642181396s
I0316 08:06:56.668722 3476371 config.py:54] PyTorch version 2.6.0 available.
W0316 08:06:56.952033 3476371 warnings.py:109] /opt/conda/lib/python3.10/site-packages/torchvision/io/image.py:13: UserWarning: Failed to load image Python extension: '/opt/conda/lib/python3.10/site-packages/torchvision/image.so: undefined symbol: _ZN3c1017RegisterOperatorsD1Ev'If you don't plan on using image functionality from `torchvision.io`, you can ignore this warning. Otherwise, there might be something wrong with your environment. Did you have `libjpeg` or `libpng` installed before building `torchvision` from source?
  warn(

W0316 08:06:57.833073 3476371 warnings.py:109] /opt/conda/lib/python3.10/site-packages/compressai/models/video/google.py:353: FutureWarning: `torch.cuda.amp.autocast(args...)` is deprecated. Please use `torch.amp.autocast('cuda', args...)` instead.
  @amp.autocast(enabled=False)

I0316 08:06:57.837018 3474115 quantize_finetune_llama.py:195] layer 14 gpu 2
I0316 08:06:59.316402 3474115 quantize_finetune_llama.py:226] computed original embedding for layer 14 in 1.0501289367675781s
I0316 08:07:02.684077 3476493 config.py:54] PyTorch version 2.6.0 available.
W0316 08:07:02.964382 3476493 warnings.py:109] /opt/conda/lib/python3.10/site-packages/torchvision/io/image.py:13: UserWarning: Failed to load image Python extension: '/opt/conda/lib/python3.10/site-packages/torchvision/image.so: undefined symbol: _ZN3c1017RegisterOperatorsD1Ev'If you don't plan on using image functionality from `torchvision.io`, you can ignore this warning. Otherwise, there might be something wrong with your environment. Did you have `libjpeg` or `libpng` installed before building `torchvision` from source?
  warn(

W0316 08:07:03.840821 3476493 warnings.py:109] /opt/conda/lib/python3.10/site-packages/compressai/models/video/google.py:353: FutureWarning: `torch.cuda.amp.autocast(args...)` is deprecated. Please use `torch.amp.autocast('cuda', args...)` instead.
  @amp.autocast(enabled=False)

I0316 08:07:03.844642 3474115 quantize_finetune_llama.py:195] layer 15 gpu 3
I0316 08:07:05.095567 3474115 quantize_finetune_llama.py:226] computed original embedding for layer 15 in 0.8533163070678711s
I0316 08:07:08.362015 3476617 config.py:54] PyTorch version 2.6.0 available.
W0316 08:07:08.644066 3476617 warnings.py:109] /opt/conda/lib/python3.10/site-packages/torchvision/io/image.py:13: UserWarning: Failed to load image Python extension: '/opt/conda/lib/python3.10/site-packages/torchvision/image.so: undefined symbol: _ZN3c1017RegisterOperatorsD1Ev'If you don't plan on using image functionality from `torchvision.io`, you can ignore this warning. Otherwise, there might be something wrong with your environment. Did you have `libjpeg` or `libpng` installed before building `torchvision` from source?
  warn(

W0316 08:07:09.535733 3476617 warnings.py:109] /opt/conda/lib/python3.10/site-packages/compressai/models/video/google.py:353: FutureWarning: `torch.cuda.amp.autocast(args...)` is deprecated. Please use `torch.amp.autocast('cuda', args...)` instead.
  @amp.autocast(enabled=False)

I0316 08:07:09.539645 3474115 quantize_finetune_llama.py:195] layer 16 gpu 0
I0316 08:07:10.790393 3474115 quantize_finetune_llama.py:226] computed original embedding for layer 16 in 0.8372364044189453s
I0316 08:07:14.155192 3476739 config.py:54] PyTorch version 2.6.0 available.
W0316 08:07:14.435443 3476739 warnings.py:109] /opt/conda/lib/python3.10/site-packages/torchvision/io/image.py:13: UserWarning: Failed to load image Python extension: '/opt/conda/lib/python3.10/site-packages/torchvision/image.so: undefined symbol: _ZN3c1017RegisterOperatorsD1Ev'If you don't plan on using image functionality from `torchvision.io`, you can ignore this warning. Otherwise, there might be something wrong with your environment. Did you have `libjpeg` or `libpng` installed before building `torchvision` from source?
  warn(

W0316 08:07:15.340672 3476739 warnings.py:109] /opt/conda/lib/python3.10/site-packages/compressai/models/video/google.py:353: FutureWarning: `torch.cuda.amp.autocast(args...)` is deprecated. Please use `torch.amp.autocast('cuda', args...)` instead.
  @amp.autocast(enabled=False)

I0316 08:07:15.344544 3474115 quantize_finetune_llama.py:195] layer 17 gpu 1
I0316 08:07:16.784999 3474115 quantize_finetune_llama.py:226] computed original embedding for layer 17 in 1.056623935699463s
I0316 08:07:20.170039 3476853 config.py:54] PyTorch version 2.6.0 available.
W0316 08:07:20.452577 3476853 warnings.py:109] /opt/conda/lib/python3.10/site-packages/torchvision/io/image.py:13: UserWarning: Failed to load image Python extension: '/opt/conda/lib/python3.10/site-packages/torchvision/image.so: undefined symbol: _ZN3c1017RegisterOperatorsD1Ev'If you don't plan on using image functionality from `torchvision.io`, you can ignore this warning. Otherwise, there might be something wrong with your environment. Did you have `libjpeg` or `libpng` installed before building `torchvision` from source?
  warn(

W0316 08:07:21.336209 3476853 warnings.py:109] /opt/conda/lib/python3.10/site-packages/compressai/models/video/google.py:353: FutureWarning: `torch.cuda.amp.autocast(args...)` is deprecated. Please use `torch.amp.autocast('cuda', args...)` instead.
  @amp.autocast(enabled=False)

I0316 08:07:21.340057 3474115 quantize_finetune_llama.py:195] layer 18 gpu 2
I0316 08:07:21.623410 3476853 data_utils.py:336] using 256 training seqs, 128 validation seqs
I0316 08:07:22.554907 3474115 quantize_finetune_llama.py:226] computed original embedding for layer 18 in 0.8335702419281006s
I0316 08:07:26.162667 3476982 config.py:54] PyTorch version 2.6.0 available.
W0316 08:07:26.444724 3476982 warnings.py:109] /opt/conda/lib/python3.10/site-packages/torchvision/io/image.py:13: UserWarning: Failed to load image Python extension: '/opt/conda/lib/python3.10/site-packages/torchvision/image.so: undefined symbol: _ZN3c1017RegisterOperatorsD1Ev'If you don't plan on using image functionality from `torchvision.io`, you can ignore this warning. Otherwise, there might be something wrong with your environment. Did you have `libjpeg` or `libpng` installed before building `torchvision` from source?
  warn(

W0316 08:07:27.476031 3476982 warnings.py:109] /opt/conda/lib/python3.10/site-packages/compressai/models/video/google.py:353: FutureWarning: `torch.cuda.amp.autocast(args...)` is deprecated. Please use `torch.amp.autocast('cuda', args...)` instead.
  @amp.autocast(enabled=False)

I0316 08:07:27.479988 3474115 quantize_finetune_llama.py:195] layer 19 gpu 3
I0316 08:07:27.725754 3476982 data_utils.py:336] using 256 training seqs, 128 validation seqs
I0316 08:07:28.858837 3474115 quantize_finetune_llama.py:226] computed original embedding for layer 19 in 0.9534504413604736s
I0316 08:07:32.684901 3477129 config.py:54] PyTorch version 2.6.0 available.
W0316 08:07:32.981530 3477129 warnings.py:109] /opt/conda/lib/python3.10/site-packages/torchvision/io/image.py:13: UserWarning: Failed to load image Python extension: '/opt/conda/lib/python3.10/site-packages/torchvision/image.so: undefined symbol: _ZN3c1017RegisterOperatorsD1Ev'If you don't plan on using image functionality from `torchvision.io`, you can ignore this warning. Otherwise, there might be something wrong with your environment. Did you have `libjpeg` or `libpng` installed before building `torchvision` from source?
  warn(

W0316 08:07:33.973089 3477129 warnings.py:109] /opt/conda/lib/python3.10/site-packages/compressai/models/video/google.py:353: FutureWarning: `torch.cuda.amp.autocast(args...)` is deprecated. Please use `torch.amp.autocast('cuda', args...)` instead.
  @amp.autocast(enabled=False)

I0316 08:07:33.977531 3474115 quantize_finetune_llama.py:195] layer 20 gpu 0
I0316 08:07:34.157649 3477129 data_utils.py:336] using 256 training seqs, 128 validation seqs
17_v proxy err 0.0060086920857429504 tr(WHW.T) 845.7654418945312
17_q proxy err 0.0007661563577130437 tr(WHW.T) 7163.2734375
17_k proxy err 0.0005282189813442528 tr(WHW.T) 10697.431640625
17_o proxy err 0.0061075808480381966 tr(WHW.T) 58.14826965332031
17_up proxy err 0.003311790991574526 tr(WHW.T) 1921.07861328125
17_gate proxy err 0.0018110168166458607 tr(WHW.T) 3571.31640625
17_down proxy err 0.004630276933312416 tr(WHW.T) 165.43495178222656
I0316 08:08:09.891051 3474115 quantize_finetune_llama.py:226] computed original embedding for layer 20 in 0.9719793796539307s
I0316 08:08:13.743291 3477719 config.py:54] PyTorch version 2.6.0 available.
W0316 08:08:14.111812 3477719 warnings.py:109] /opt/conda/lib/python3.10/site-packages/torchvision/io/image.py:13: UserWarning: Failed to load image Python extension: '/opt/conda/lib/python3.10/site-packages/torchvision/image.so: undefined symbol: _ZN3c1017RegisterOperatorsD1Ev'If you don't plan on using image functionality from `torchvision.io`, you can ignore this warning. Otherwise, there might be something wrong with your environment. Did you have `libjpeg` or `libpng` installed before building `torchvision` from source?
  warn(

18_v proxy err 0.005505905486643314 tr(WHW.T) 1003.7705078125
18_q proxy err 0.0007905223174020648 tr(WHW.T) 7510.48046875
18_k proxy err 0.0005766292451880872 tr(WHW.T) 10462.6650390625
18_o proxy err 0.005309746600687504 tr(WHW.T) 69.96558380126953
18_up proxy err 0.003522344632074237 tr(WHW.T) 2023.183837890625
18_gate proxy err 0.0019104777602478862 tr(WHW.T) 3783.076416015625
18_down proxy err 0.00465028453618288 tr(WHW.T) 198.52699279785156
W0316 08:08:15.089094 3477719 warnings.py:109] /opt/conda/lib/python3.10/site-packages/compressai/models/video/google.py:353: FutureWarning: `torch.cuda.amp.autocast(args...)` is deprecated. Please use `torch.amp.autocast('cuda', args...)` instead.
  @amp.autocast(enabled=False)

I0316 08:08:15.093257 3474115 quantize_finetune_llama.py:195] layer 21 gpu 1
I0316 08:08:15.295782 3477719 data_utils.py:336] using 256 training seqs, 128 validation seqs
I0316 08:08:16.853889 3474115 quantize_finetune_llama.py:226] computed original embedding for layer 21 in 0.9153752326965332s
I0316 08:08:20.656088 3477862 config.py:54] PyTorch version 2.6.0 available.
W0316 08:08:20.972035 3477862 warnings.py:109] /opt/conda/lib/python3.10/site-packages/torchvision/io/image.py:13: UserWarning: Failed to load image Python extension: '/opt/conda/lib/python3.10/site-packages/torchvision/image.so: undefined symbol: _ZN3c1017RegisterOperatorsD1Ev'If you don't plan on using image functionality from `torchvision.io`, you can ignore this warning. Otherwise, there might be something wrong with your environment. Did you have `libjpeg` or `libpng` installed before building `torchvision` from source?
  warn(

19_v proxy err 0.005395808257162571 tr(WHW.T) 1019.1412353515625
19_q proxy err 0.0008415805059485137 tr(WHW.T) 6944.4130859375
19_k proxy err 0.0005674970452673733 tr(WHW.T) 10548.4892578125
19_o proxy err 0.005243506282567978 tr(WHW.T) 62.291683197021484
19_up proxy err 0.003547143191099167 tr(WHW.T) 2149.330322265625
19_gate proxy err 0.002097022719681263 tr(WHW.T) 3687.5126953125
19_down proxy err 0.004525785334408283 tr(WHW.T) 222.93177795410156
W0316 08:08:21.959036 3477862 warnings.py:109] /opt/conda/lib/python3.10/site-packages/compressai/models/video/google.py:353: FutureWarning: `torch.cuda.amp.autocast(args...)` is deprecated. Please use `torch.amp.autocast('cuda', args...)` instead.
  @amp.autocast(enabled=False)

I0316 08:08:21.963378 3474115 quantize_finetune_llama.py:195] layer 22 gpu 2
I0316 08:08:22.120153 3477862 data_utils.py:336] using 256 training seqs, 128 validation seqs
I0316 08:08:23.966944 3474115 quantize_finetune_llama.py:226] computed original embedding for layer 22 in 0.8663787841796875s
I0316 08:08:27.685603 3478015 config.py:54] PyTorch version 2.6.0 available.
W0316 08:08:28.004683 3478015 warnings.py:109] /opt/conda/lib/python3.10/site-packages/torchvision/io/image.py:13: UserWarning: Failed to load image Python extension: '/opt/conda/lib/python3.10/site-packages/torchvision/image.so: undefined symbol: _ZN3c1017RegisterOperatorsD1Ev'If you don't plan on using image functionality from `torchvision.io`, you can ignore this warning. Otherwise, there might be something wrong with your environment. Did you have `libjpeg` or `libpng` installed before building `torchvision` from source?
  warn(

W0316 08:08:28.979173 3478015 warnings.py:109] /opt/conda/lib/python3.10/site-packages/compressai/models/video/google.py:353: FutureWarning: `torch.cuda.amp.autocast(args...)` is deprecated. Please use `torch.amp.autocast('cuda', args...)` instead.
  @amp.autocast(enabled=False)

I0316 08:08:28.983337 3474115 quantize_finetune_llama.py:195] layer 23 gpu 3
I0316 08:08:29.209236 3478015 data_utils.py:336] using 256 training seqs, 128 validation seqs
I0316 08:08:30.621282 3474115 quantize_finetune_llama.py:226] computed original embedding for layer 23 in 1.1512060165405273s
I0316 08:08:34.482710 3478170 config.py:54] PyTorch version 2.6.0 available.
W0316 08:08:34.805450 3478170 warnings.py:109] /opt/conda/lib/python3.10/site-packages/torchvision/io/image.py:13: UserWarning: Failed to load image Python extension: '/opt/conda/lib/python3.10/site-packages/torchvision/image.so: undefined symbol: _ZN3c1017RegisterOperatorsD1Ev'If you don't plan on using image functionality from `torchvision.io`, you can ignore this warning. Otherwise, there might be something wrong with your environment. Did you have `libjpeg` or `libpng` installed before building `torchvision` from source?
  warn(

W0316 08:08:35.845266 3478170 warnings.py:109] /opt/conda/lib/python3.10/site-packages/compressai/models/video/google.py:353: FutureWarning: `torch.cuda.amp.autocast(args...)` is deprecated. Please use `torch.amp.autocast('cuda', args...)` instead.
  @amp.autocast(enabled=False)

I0316 08:08:35.849645 3474115 quantize_finetune_llama.py:195] layer 24 gpu 0
I0316 08:08:36.068753 3478170 data_utils.py:336] using 256 training seqs, 128 validation seqs
20_v proxy err 0.005550498142838478 tr(WHW.T) 990.5983276367188
20_q proxy err 0.0008217180729843676 tr(WHW.T) 7150.947265625
20_k proxy err 0.0005776840262115002 tr(WHW.T) 10386.2470703125
20_o proxy err 0.003866427345201373 tr(WHW.T) 100.31707000732422
20_up proxy err 0.0034747980535030365 tr(WHW.T) 2340.89453125
20_gate proxy err 0.0020531669724732637 tr(WHW.T) 4024.62744140625
20_down proxy err 0.004495528526604176 tr(WHW.T) 274.8815002441406
21_v proxy err 0.0053162891417741776 tr(WHW.T) 1144.5655517578125
21_q proxy err 0.0009146971278823912 tr(WHW.T) 7064.314453125
21_k proxy err 0.0006565990624949336 tr(WHW.T) 9976.4658203125
21_o proxy err 0.004131771158427 tr(WHW.T) 75.50972747802734
21_up proxy err 0.0036543819587677717 tr(WHW.T) 2361.650390625
21_gate proxy err 0.0021885507740080357 tr(WHW.T) 4004.37646484375
21_down proxy err 0.004500832874327898 tr(WHW.T) 276.5857849121094
I0316 08:09:12.070420 3474115 quantize_finetune_llama.py:226] computed original embedding for layer 24 in 1.0089833736419678s
I0316 08:09:15.815540 3478769 config.py:54] PyTorch version 2.6.0 available.
W0316 08:09:16.144908 3478769 warnings.py:109] /opt/conda/lib/python3.10/site-packages/torchvision/io/image.py:13: UserWarning: Failed to load image Python extension: '/opt/conda/lib/python3.10/site-packages/torchvision/image.so: undefined symbol: _ZN3c1017RegisterOperatorsD1Ev'If you don't plan on using image functionality from `torchvision.io`, you can ignore this warning. Otherwise, there might be something wrong with your environment. Did you have `libjpeg` or `libpng` installed before building `torchvision` from source?
  warn(

W0316 08:09:17.143448 3478769 warnings.py:109] /opt/conda/lib/python3.10/site-packages/compressai/models/video/google.py:353: FutureWarning: `torch.cuda.amp.autocast(args...)` is deprecated. Please use `torch.amp.autocast('cuda', args...)` instead.
  @amp.autocast(enabled=False)

I0316 08:09:17.147694 3474115 quantize_finetune_llama.py:195] layer 25 gpu 1
I0316 08:09:17.361892 3478769 data_utils.py:336] using 256 training seqs, 128 validation seqs
22_v proxy err 0.005068052094429731 tr(WHW.T) 1243.2529296875
22_q proxy err 0.0008599482825957239 tr(WHW.T) 7746.84765625
22_k proxy err 0.0006391780916601419 tr(WHW.T) 10603.2041015625
22_o proxy err 0.0034734639339149 tr(WHW.T) 114.30065155029297
22_up proxy err 0.0036775951739400625 tr(WHW.T) 2474.510498046875
22_gate proxy err 0.002224317751824856 tr(WHW.T) 4156.64013671875
22_down proxy err 0.004484391305595636 tr(WHW.T) 311.8800048828125
I0316 08:09:20.326355 3474115 quantize_finetune_llama.py:226] computed original embedding for layer 25 in 1.0307645797729492s
I0316 08:09:24.201381 3478942 config.py:54] PyTorch version 2.6.0 available.
W0316 08:09:24.537633 3478942 warnings.py:109] /opt/conda/lib/python3.10/site-packages/torchvision/io/image.py:13: UserWarning: Failed to load image Python extension: '/opt/conda/lib/python3.10/site-packages/torchvision/image.so: undefined symbol: _ZN3c1017RegisterOperatorsD1Ev'If you don't plan on using image functionality from `torchvision.io`, you can ignore this warning. Otherwise, there might be something wrong with your environment. Did you have `libjpeg` or `libpng` installed before building `torchvision` from source?
  warn(

23_v proxy err 0.0046088797971606255 tr(WHW.T) 1486.037353515625
23_q proxy err 0.0009776923106983304 tr(WHW.T) 7346.60986328125
23_k proxy err 0.0007295852992683649 tr(WHW.T) 9982.2392578125
23_o proxy err 0.004185007885098457 tr(WHW.T) 85.13458251953125
23_up proxy err 0.0038102767430245876 tr(WHW.T) 2533.51025390625
23_gate proxy err 0.0023903714027255774 tr(WHW.T) 4097.51953125
23_down proxy err 0.004505454562604427 tr(WHW.T) 321.33892822265625
W0316 08:09:25.508258 3478942 warnings.py:109] /opt/conda/lib/python3.10/site-packages/compressai/models/video/google.py:353: FutureWarning: `torch.cuda.amp.autocast(args...)` is deprecated. Please use `torch.amp.autocast('cuda', args...)` instead.
  @amp.autocast(enabled=False)

I0316 08:09:25.512269 3474115 quantize_finetune_llama.py:195] layer 26 gpu 2
I0316 08:09:25.779279 3478942 data_utils.py:336] using 256 training seqs, 128 validation seqs
I0316 08:09:26.958529 3474115 quantize_finetune_llama.py:226] computed original embedding for layer 26 in 0.9903774261474609s
I0316 08:09:30.739808 3479087 config.py:54] PyTorch version 2.6.0 available.
W0316 08:09:31.064108 3479087 warnings.py:109] /opt/conda/lib/python3.10/site-packages/torchvision/io/image.py:13: UserWarning: Failed to load image Python extension: '/opt/conda/lib/python3.10/site-packages/torchvision/image.so: undefined symbol: _ZN3c1017RegisterOperatorsD1Ev'If you don't plan on using image functionality from `torchvision.io`, you can ignore this warning. Otherwise, there might be something wrong with your environment. Did you have `libjpeg` or `libpng` installed before building `torchvision` from source?
  warn(

W0316 08:09:32.104483 3479087 warnings.py:109] /opt/conda/lib/python3.10/site-packages/compressai/models/video/google.py:353: FutureWarning: `torch.cuda.amp.autocast(args...)` is deprecated. Please use `torch.amp.autocast('cuda', args...)` instead.
  @amp.autocast(enabled=False)

I0316 08:09:32.108526 3474115 quantize_finetune_llama.py:195] layer 27 gpu 3
I0316 08:09:32.284383 3479087 data_utils.py:336] using 256 training seqs, 128 validation seqs
I0316 08:09:33.506105 3474115 quantize_finetune_llama.py:226] computed original embedding for layer 27 in 0.9158675670623779s
I0316 08:09:37.440673 3479220 config.py:54] PyTorch version 2.6.0 available.
W0316 08:09:37.782943 3479220 warnings.py:109] /opt/conda/lib/python3.10/site-packages/torchvision/io/image.py:13: UserWarning: Failed to load image Python extension: '/opt/conda/lib/python3.10/site-packages/torchvision/image.so: undefined symbol: _ZN3c1017RegisterOperatorsD1Ev'If you don't plan on using image functionality from `torchvision.io`, you can ignore this warning. Otherwise, there might be something wrong with your environment. Did you have `libjpeg` or `libpng` installed before building `torchvision` from source?
  warn(

W0316 08:09:38.914165 3479220 warnings.py:109] /opt/conda/lib/python3.10/site-packages/compressai/models/video/google.py:353: FutureWarning: `torch.cuda.amp.autocast(args...)` is deprecated. Please use `torch.amp.autocast('cuda', args...)` instead.
  @amp.autocast(enabled=False)

I0316 08:09:38.918436 3474115 quantize_finetune_llama.py:195] layer 28 gpu 0
I0316 08:09:39.208296 3479220 data_utils.py:336] using 256 training seqs, 128 validation seqs
24_v proxy err 0.004883133340626955 tr(WHW.T) 1394.900634765625
24_q proxy err 0.0010164277628064156 tr(WHW.T) 7020.447265625
24_k proxy err 0.0007011743145994842 tr(WHW.T) 10323.43359375
24_o proxy err 0.003289375454187393 tr(WHW.T) 133.98797607421875
24_up proxy err 0.0038626366294920444 tr(WHW.T) 2621.76513671875
24_gate proxy err 0.002410058630630374 tr(WHW.T) 4262.74853515625
24_down proxy err 0.004516845103353262 tr(WHW.T) 340.22412109375
25_v proxy err 0.004425479099154472 tr(WHW.T) 1707.664794921875
25_q proxy err 0.001094563864171505 tr(WHW.T) 7162.16357421875
25_k proxy err 0.0008276610169559717 tr(WHW.T) 9611.58984375
25_o proxy err 0.003950162325054407 tr(WHW.T) 83.535888671875
25_up proxy err 0.0038356527220457792 tr(WHW.T) 2805.728515625
25_gate proxy err 0.002343872096389532 tr(WHW.T) 4666.4404296875
25_down proxy err 0.004479940049350262 tr(WHW.T) 373.460693359375
I0316 08:10:16.650709 3474115 quantize_finetune_llama.py:226] computed original embedding for layer 28 in 0.9944682121276855s
I0316 08:10:20.480222 3479871 config.py:54] PyTorch version 2.6.0 available.
W0316 08:10:20.818295 3479871 warnings.py:109] /opt/conda/lib/python3.10/site-packages/torchvision/io/image.py:13: UserWarning: Failed to load image Python extension: '/opt/conda/lib/python3.10/site-packages/torchvision/image.so: undefined symbol: _ZN3c1017RegisterOperatorsD1Ev'If you don't plan on using image functionality from `torchvision.io`, you can ignore this warning. Otherwise, there might be something wrong with your environment. Did you have `libjpeg` or `libpng` installed before building `torchvision` from source?
  warn(

26_v proxy err 0.004419241100549698 tr(WHW.T) 1668.8843994140625
26_q proxy err 0.0010272801155224442 tr(WHW.T) 7469.98291015625
26_k proxy err 0.0007397542940452695 tr(WHW.T) 10487.8740234375
26_o proxy err 0.0026891513261944056 tr(WHW.T) 202.88172912597656
26_up proxy err 0.003603327786549926 tr(WHW.T) 3154.75146484375
26_gate proxy err 0.0021767348516732454 tr(WHW.T) 5302.16455078125
26_down proxy err 0.004599547013640404 tr(WHW.T) 401.19390869140625
W0316 08:10:21.789807 3479871 warnings.py:109] /opt/conda/lib/python3.10/site-packages/compressai/models/video/google.py:353: FutureWarning: `torch.cuda.amp.autocast(args...)` is deprecated. Please use `torch.amp.autocast('cuda', args...)` instead.
  @amp.autocast(enabled=False)

I0316 08:10:21.793722 3474115 quantize_finetune_llama.py:195] layer 29 gpu 1
I0316 08:10:22.189795 3479871 data_utils.py:336] using 256 training seqs, 128 validation seqs
I0316 08:10:23.850468 3474115 quantize_finetune_llama.py:226] computed original embedding for layer 29 in 1.1485488414764404s
I0316 08:10:27.753542 3480014 config.py:54] PyTorch version 2.6.0 available.
27_v proxy err 0.004032700322568417 tr(WHW.T) 1799.3350830078125
27_q proxy err 0.0009873014641925693 tr(WHW.T) 7691.708984375
27_k proxy err 0.000724589976016432 tr(WHW.T) 10618.70703125
27_o proxy err 0.0036668709944933653 tr(WHW.T) 126.13690185546875
27_up proxy err 0.0032826948445290327 tr(WHW.T) 3691.557861328125
27_gate proxy err 0.002052629366517067 tr(WHW.T) 5990.82568359375
27_down proxy err 0.004657522775232792 tr(WHW.T) 466.9318542480469
W0316 08:10:28.066767 3480014 warnings.py:109] /opt/conda/lib/python3.10/site-packages/torchvision/io/image.py:13: UserWarning: Failed to load image Python extension: '/opt/conda/lib/python3.10/site-packages/torchvision/image.so: undefined symbol: _ZN3c1017RegisterOperatorsD1Ev'If you don't plan on using image functionality from `torchvision.io`, you can ignore this warning. Otherwise, there might be something wrong with your environment. Did you have `libjpeg` or `libpng` installed before building `torchvision` from source?
  warn(

W0316 08:10:29.033373 3480014 warnings.py:109] /opt/conda/lib/python3.10/site-packages/compressai/models/video/google.py:353: FutureWarning: `torch.cuda.amp.autocast(args...)` is deprecated. Please use `torch.amp.autocast('cuda', args...)` instead.
  @amp.autocast(enabled=False)

I0316 08:10:29.037759 3474115 quantize_finetune_llama.py:195] layer 30 gpu 2
I0316 08:10:29.437211 3480014 data_utils.py:336] using 256 training seqs, 128 validation seqs
I0316 08:10:30.471096 3474115 quantize_finetune_llama.py:226] computed original embedding for layer 30 in 0.9658806324005127s
I0316 08:10:34.188225 3480167 config.py:54] PyTorch version 2.6.0 available.
W0316 08:10:34.497855 3480167 warnings.py:109] /opt/conda/lib/python3.10/site-packages/torchvision/io/image.py:13: UserWarning: Failed to load image Python extension: '/opt/conda/lib/python3.10/site-packages/torchvision/image.so: undefined symbol: _ZN3c1017RegisterOperatorsD1Ev'If you don't plan on using image functionality from `torchvision.io`, you can ignore this warning. Otherwise, there might be something wrong with your environment. Did you have `libjpeg` or `libpng` installed before building `torchvision` from source?
  warn(

W0316 08:10:35.607993 3480167 warnings.py:109] /opt/conda/lib/python3.10/site-packages/compressai/models/video/google.py:353: FutureWarning: `torch.cuda.amp.autocast(args...)` is deprecated. Please use `torch.amp.autocast('cuda', args...)` instead.
  @amp.autocast(enabled=False)

I0316 08:10:35.612262 3474115 quantize_finetune_llama.py:195] layer 31 gpu 3
I0316 08:10:35.944379 3480167 data_utils.py:336] using 256 training seqs, 128 validation seqs
I0316 08:10:37.195797 3474115 quantize_finetune_llama.py:226] computed original embedding for layer 31 in 1.0671892166137695s
I0316 08:10:40.941011 3480339 config.py:54] PyTorch version 2.6.0 available.
W0316 08:10:41.290202 3480339 warnings.py:109] /opt/conda/lib/python3.10/site-packages/torchvision/io/image.py:13: UserWarning: Failed to load image Python extension: '/opt/conda/lib/python3.10/site-packages/torchvision/image.so: undefined symbol: _ZN3c1017RegisterOperatorsD1Ev'If you don't plan on using image functionality from `torchvision.io`, you can ignore this warning. Otherwise, there might be something wrong with your environment. Did you have `libjpeg` or `libpng` installed before building `torchvision` from source?
  warn(

W0316 08:10:42.300826 3480339 warnings.py:109] /opt/conda/lib/python3.10/site-packages/compressai/models/video/google.py:353: FutureWarning: `torch.cuda.amp.autocast(args...)` is deprecated. Please use `torch.amp.autocast('cuda', args...)` instead.
  @amp.autocast(enabled=False)

I0316 08:10:42.861927 3480339 data_utils.py:336] using 256 training seqs, 128 validation seqs
28_v proxy err 0.0037527575623244047 tr(WHW.T) 2018.944091796875
28_q proxy err 0.0010253541404381394 tr(WHW.T) 7651.126953125
28_k proxy err 0.0007544297259300947 tr(WHW.T) 10544.8251953125
28_o proxy err 0.003019966185092926 tr(WHW.T) 194.8240966796875
28_up proxy err 0.002750147832557559 tr(WHW.T) 4661.2666015625
28_gate proxy err 0.001979121705517173 tr(WHW.T) 6547.48193359375
28_down proxy err 0.004666055087000132 tr(WHW.T) 603.8403930664062
29_v proxy err 0.003960906062275171 tr(WHW.T) 1801.7730712890625
29_q proxy err 0.0010211342014372349 tr(WHW.T) 7227.0009765625
29_k proxy err 0.0007108062272891402 tr(WHW.T) 10558.609375
29_o proxy err 0.0025411315727978945 tr(WHW.T) 207.9054412841797
29_up proxy err 0.0021954774856567383 tr(WHW.T) 6070.0498046875
29_gate proxy err 0.0018235733732581139 tr(WHW.T) 7369.6142578125
29_down proxy err 0.0046982541680336 tr(WHW.T) 782.2448120117188
30_v proxy err 0.003256497671827674 tr(WHW.T) 2261.489501953125
30_q proxy err 0.0009740632376633584 tr(WHW.T) 7815.9453125
30_k proxy err 0.0007309562643058598 tr(WHW.T) 10521.625
30_o proxy err 0.0026506930589675903 tr(WHW.T) 251.96908569335938
30_up proxy err 0.0013587501598522067 tr(WHW.T) 10016.376953125
30_gate proxy err 0.001245581777766347 tr(WHW.T) 11001.119140625
30_down proxy err 0.0027281229849904776 tr(WHW.T) 3582.617919921875
31_v proxy err 0.003922914154827595 tr(WHW.T) 1268.2034912109375
31_q proxy err 0.0007641916745342314 tr(WHW.T) 6858.09130859375
31_k proxy err 0.0005284752696752548 tr(WHW.T) 10233.677734375
31_o proxy err 0.0020473916083574295 tr(WHW.T) 457.7950744628906
31_up proxy err 0.0007808022783137858 tr(WHW.T) 14563.890625
31_gate proxy err 0.0007712321821600199 tr(WHW.T) 14836.2939453125
31_down proxy err 0.0019241857808083296 tr(WHW.T) 17873.55859375
