I0317 15:42:01.540164 3971814 config.py:54] PyTorch version 2.6.0 available.
W0317 15:42:01.821714 3971814 warnings.py:109] /opt/conda/lib/python3.10/site-packages/torchvision/io/image.py:13: UserWarning: Failed to load image Python extension: '/opt/conda/lib/python3.10/site-packages/torchvision/image.so: undefined symbol: _ZN3c1017RegisterOperatorsD1Ev'If you don't plan on using image functionality from `torchvision.io`, you can ignore this warning. Otherwise, there might be something wrong with your environment. Did you have `libjpeg` or `libpng` installed before building `torchvision` from source?
  warn(

W0317 15:42:02.770223 3971814 warnings.py:109] /opt/conda/lib/python3.10/site-packages/compressai/models/video/google.py:353: FutureWarning: `torch.cuda.amp.autocast(args...)` is deprecated. Please use `torch.amp.autocast('cuda', args...)` instead.
  @amp.autocast(enabled=False)

Loading checkpoint shards:   0%|          | 0/7 [00:00<?, ?it/s]Loading checkpoint shards:  14%|█▍        | 1/7 [00:00<00:00,  7.37it/s]Loading checkpoint shards:  29%|██▊       | 2/7 [00:00<00:00,  7.08it/s]Loading checkpoint shards:  43%|████▎     | 3/7 [00:00<00:00,  7.54it/s]Loading checkpoint shards:  57%|█████▋    | 4/7 [00:00<00:00,  7.85it/s]Loading checkpoint shards:  71%|███████▏  | 5/7 [00:00<00:00,  8.08it/s]Loading checkpoint shards:  86%|████████▌ | 6/7 [00:00<00:00,  8.19it/s]Loading checkpoint shards: 100%|██████████| 7/7 [00:00<00:00,  8.36it/s]Loading checkpoint shards: 100%|██████████| 7/7 [00:00<00:00,  8.01it/s]
I0317 15:42:04.221251 3971814 quantize_finetune_llama.py:144] loaded model
I0317 15:42:04.538822 3971814 quantize_finetune_llama.py:178] loaded compression model
I0317 15:42:22.192634 3971814 quantize_finetune_llama.py:182] loaded dataset and devset
I0317 15:42:28.115664 3971814 quantize_finetune_llama.py:202] layer 0 gpu 0
I0317 15:42:30.929944 3971814 quantize_finetune_llama.py:233] computed original embedding for layer 0 in 2.6677498817443848s
tensor(0.0125, device='cuda:0') tensor(5.7775e-08, device='cuda:0')
huggingface/tokenizers: The current process just got forked, after parallelism has already been used. Disabling parallelism to avoid deadlocks...
To disable this warning, you can either:
	- Avoid using `tokenizers` before the fork if possible
	- Explicitly set the environment variable TOKENIZERS_PARALLELISM=(true | false)
I0317 15:42:50.554037 3972615 config.py:54] PyTorch version 2.6.0 available.
W0317 15:42:50.834771 3972615 warnings.py:109] /opt/conda/lib/python3.10/site-packages/torchvision/io/image.py:13: UserWarning: Failed to load image Python extension: '/opt/conda/lib/python3.10/site-packages/torchvision/image.so: undefined symbol: _ZN3c1017RegisterOperatorsD1Ev'If you don't plan on using image functionality from `torchvision.io`, you can ignore this warning. Otherwise, there might be something wrong with your environment. Did you have `libjpeg` or `libpng` installed before building `torchvision` from source?
  warn(

W0317 15:42:51.719446 3972615 warnings.py:109] /opt/conda/lib/python3.10/site-packages/compressai/models/video/google.py:353: FutureWarning: `torch.cuda.amp.autocast(args...)` is deprecated. Please use `torch.amp.autocast('cuda', args...)` instead.
  @amp.autocast(enabled=False)

I0317 15:42:51.723510 3971814 quantize_finetune_llama.py:202] layer 1 gpu 1
I0317 15:42:56.419308 3971814 quantize_finetune_llama.py:233] computed original embedding for layer 1 in 4.53403902053833s
I0317 15:42:59.749743 3972776 config.py:54] PyTorch version 2.6.0 available.
W0317 15:43:00.032361 3972776 warnings.py:109] /opt/conda/lib/python3.10/site-packages/torchvision/io/image.py:13: UserWarning: Failed to load image Python extension: '/opt/conda/lib/python3.10/site-packages/torchvision/image.so: undefined symbol: _ZN3c1017RegisterOperatorsD1Ev'If you don't plan on using image functionality from `torchvision.io`, you can ignore this warning. Otherwise, there might be something wrong with your environment. Did you have `libjpeg` or `libpng` installed before building `torchvision` from source?
  warn(

W0317 15:43:00.919346 3972776 warnings.py:109] /opt/conda/lib/python3.10/site-packages/compressai/models/video/google.py:353: FutureWarning: `torch.cuda.amp.autocast(args...)` is deprecated. Please use `torch.amp.autocast('cuda', args...)` instead.
  @amp.autocast(enabled=False)

I0317 15:43:00.923345 3971814 quantize_finetune_llama.py:202] layer 2 gpu 2
I0317 15:43:04.907861 3971814 quantize_finetune_llama.py:233] computed original embedding for layer 2 in 3.8416996002197266s
I0317 15:43:08.201280 3972936 config.py:54] PyTorch version 2.6.0 available.
W0317 15:43:08.482470 3972936 warnings.py:109] /opt/conda/lib/python3.10/site-packages/torchvision/io/image.py:13: UserWarning: Failed to load image Python extension: '/opt/conda/lib/python3.10/site-packages/torchvision/image.so: undefined symbol: _ZN3c1017RegisterOperatorsD1Ev'If you don't plan on using image functionality from `torchvision.io`, you can ignore this warning. Otherwise, there might be something wrong with your environment. Did you have `libjpeg` or `libpng` installed before building `torchvision` from source?
  warn(

W0317 15:43:09.388875 3972936 warnings.py:109] /opt/conda/lib/python3.10/site-packages/compressai/models/video/google.py:353: FutureWarning: `torch.cuda.amp.autocast(args...)` is deprecated. Please use `torch.amp.autocast('cuda', args...)` instead.
  @amp.autocast(enabled=False)

I0317 15:43:09.392821 3971814 quantize_finetune_llama.py:202] layer 3 gpu 3
I0317 15:43:12.923829 3971814 quantize_finetune_llama.py:233] computed original embedding for layer 3 in 3.381336212158203s
I0317 15:43:16.164241 3973097 config.py:54] PyTorch version 2.6.0 available.
W0317 15:43:16.445009 3973097 warnings.py:109] /opt/conda/lib/python3.10/site-packages/torchvision/io/image.py:13: UserWarning: Failed to load image Python extension: '/opt/conda/lib/python3.10/site-packages/torchvision/image.so: undefined symbol: _ZN3c1017RegisterOperatorsD1Ev'If you don't plan on using image functionality from `torchvision.io`, you can ignore this warning. Otherwise, there might be something wrong with your environment. Did you have `libjpeg` or `libpng` installed before building `torchvision` from source?
  warn(

W0317 15:43:17.328703 3973097 warnings.py:109] /opt/conda/lib/python3.10/site-packages/compressai/models/video/google.py:353: FutureWarning: `torch.cuda.amp.autocast(args...)` is deprecated. Please use `torch.amp.autocast('cuda', args...)` instead.
  @amp.autocast(enabled=False)

I0317 15:43:17.332591 3971814 quantize_finetune_llama.py:202] layer 4 gpu 0
I0317 15:43:17.503250 3973097 data_utils.py:336] using 256 training seqs, 128 validation seqs
I0317 15:43:18.573976 3971814 quantize_finetune_llama.py:233] computed original embedding for layer 4 in 0.871126651763916s
I0317 15:43:22.114470 3973235 config.py:54] PyTorch version 2.6.0 available.
W0317 15:43:22.430898 3973235 warnings.py:109] /opt/conda/lib/python3.10/site-packages/torchvision/io/image.py:13: UserWarning: Failed to load image Python extension: '/opt/conda/lib/python3.10/site-packages/torchvision/image.so: undefined symbol: _ZN3c1017RegisterOperatorsD1Ev'If you don't plan on using image functionality from `torchvision.io`, you can ignore this warning. Otherwise, there might be something wrong with your environment. Did you have `libjpeg` or `libpng` installed before building `torchvision` from source?
  warn(

W0317 15:43:23.364684 3973235 warnings.py:109] /opt/conda/lib/python3.10/site-packages/compressai/models/video/google.py:353: FutureWarning: `torch.cuda.amp.autocast(args...)` is deprecated. Please use `torch.amp.autocast('cuda', args...)` instead.
  @amp.autocast(enabled=False)

I0317 15:43:23.368560 3971814 quantize_finetune_llama.py:202] layer 5 gpu 1
I0317 15:43:24.678615 3971814 quantize_finetune_llama.py:233] computed original embedding for layer 5 in 0.910635232925415s
I0317 15:43:28.177445 3973352 config.py:54] PyTorch version 2.6.0 available.
W0317 15:43:28.469336 3973352 warnings.py:109] /opt/conda/lib/python3.10/site-packages/torchvision/io/image.py:13: UserWarning: Failed to load image Python extension: '/opt/conda/lib/python3.10/site-packages/torchvision/image.so: undefined symbol: _ZN3c1017RegisterOperatorsD1Ev'If you don't plan on using image functionality from `torchvision.io`, you can ignore this warning. Otherwise, there might be something wrong with your environment. Did you have `libjpeg` or `libpng` installed before building `torchvision` from source?
  warn(

W0317 15:43:29.371282 3973352 warnings.py:109] /opt/conda/lib/python3.10/site-packages/compressai/models/video/google.py:353: FutureWarning: `torch.cuda.amp.autocast(args...)` is deprecated. Please use `torch.amp.autocast('cuda', args...)` instead.
  @amp.autocast(enabled=False)

I0317 15:43:29.375118 3971814 quantize_finetune_llama.py:202] layer 6 gpu 2
3_v proxy err 0.015142587013542652 tr(WHW.T) 40.46714782714844
bpp_loss 3.3685078620910645
3_q proxy err 0.0004940695944242179 tr(WHW.T) 6654.2763671875
bpp_loss 4.359781503677368
3_k proxy err 0.0002611527743283659 tr(WHW.T) 3660.859619140625
bpp_loss 5.431405544281006
3_o proxy err 0.009594595059752464 tr(WHW.T) 0.9357947707176208
bpp_loss 3.4646544456481934
3_up proxy err 0.008557116612792015 tr(WHW.T) 316.0293273925781
bpp_loss 3.6051479067121233
3_gate proxy err 0.0033011646009981632 tr(WHW.T) 875.7510375976562
bpp_loss 3.843449592590332
3_down proxy err 0.009200861677527428 tr(WHW.T) 2.1166555881500244
bpp_loss 3.6032567705426897
I0317 15:44:09.775709 3971814 quantize_finetune_llama.py:233] computed original embedding for layer 6 in 0.8405749797821045s
I0317 15:44:13.060899 3973952 config.py:54] PyTorch version 2.6.0 available.
W0317 15:44:13.345108 3973952 warnings.py:109] /opt/conda/lib/python3.10/site-packages/torchvision/io/image.py:13: UserWarning: Failed to load image Python extension: '/opt/conda/lib/python3.10/site-packages/torchvision/image.so: undefined symbol: _ZN3c1017RegisterOperatorsD1Ev'If you don't plan on using image functionality from `torchvision.io`, you can ignore this warning. Otherwise, there might be something wrong with your environment. Did you have `libjpeg` or `libpng` installed before building `torchvision` from source?
  warn(

W0317 15:44:14.233659 3973952 warnings.py:109] /opt/conda/lib/python3.10/site-packages/compressai/models/video/google.py:353: FutureWarning: `torch.cuda.amp.autocast(args...)` is deprecated. Please use `torch.amp.autocast('cuda', args...)` instead.
  @amp.autocast(enabled=False)

I0317 15:44:14.237540 3971814 quantize_finetune_llama.py:202] layer 7 gpu 3
I0317 15:44:15.500053 3971814 quantize_finetune_llama.py:233] computed original embedding for layer 7 in 0.8430130481719971s
I0317 15:44:18.760174 3974073 config.py:54] PyTorch version 2.6.0 available.
W0317 15:44:19.041915 3974073 warnings.py:109] /opt/conda/lib/python3.10/site-packages/torchvision/io/image.py:13: UserWarning: Failed to load image Python extension: '/opt/conda/lib/python3.10/site-packages/torchvision/image.so: undefined symbol: _ZN3c1017RegisterOperatorsD1Ev'If you don't plan on using image functionality from `torchvision.io`, you can ignore this warning. Otherwise, there might be something wrong with your environment. Did you have `libjpeg` or `libpng` installed before building `torchvision` from source?
  warn(

W0317 15:44:19.927092 3974073 warnings.py:109] /opt/conda/lib/python3.10/site-packages/compressai/models/video/google.py:353: FutureWarning: `torch.cuda.amp.autocast(args...)` is deprecated. Please use `torch.amp.autocast('cuda', args...)` instead.
  @amp.autocast(enabled=False)

I0317 15:44:19.931089 3971814 quantize_finetune_llama.py:202] layer 8 gpu 0
I0317 15:44:20.073166 3974073 data_utils.py:336] using 256 training seqs, 128 validation seqs
I0317 15:44:21.533802 3971814 quantize_finetune_llama.py:233] computed original embedding for layer 8 in 1.1918458938598633s
I0317 15:44:25.014526 3974206 config.py:54] PyTorch version 2.6.0 available.
W0317 15:44:25.316681 3974206 warnings.py:109] /opt/conda/lib/python3.10/site-packages/torchvision/io/image.py:13: UserWarning: Failed to load image Python extension: '/opt/conda/lib/python3.10/site-packages/torchvision/image.so: undefined symbol: _ZN3c1017RegisterOperatorsD1Ev'If you don't plan on using image functionality from `torchvision.io`, you can ignore this warning. Otherwise, there might be something wrong with your environment. Did you have `libjpeg` or `libpng` installed before building `torchvision` from source?
  warn(

W0317 15:44:26.217655 3974206 warnings.py:109] /opt/conda/lib/python3.10/site-packages/compressai/models/video/google.py:353: FutureWarning: `torch.cuda.amp.autocast(args...)` is deprecated. Please use `torch.amp.autocast('cuda', args...)` instead.
  @amp.autocast(enabled=False)

I0317 15:44:26.221372 3971814 quantize_finetune_llama.py:202] layer 9 gpu 1
I0317 15:44:27.504759 3971814 quantize_finetune_llama.py:233] computed original embedding for layer 9 in 0.8621940612792969s
I0317 15:44:30.970634 3974333 config.py:54] PyTorch version 2.6.0 available.
W0317 15:44:31.246891 3974333 warnings.py:109] /opt/conda/lib/python3.10/site-packages/torchvision/io/image.py:13: UserWarning: Failed to load image Python extension: '/opt/conda/lib/python3.10/site-packages/torchvision/image.so: undefined symbol: _ZN3c1017RegisterOperatorsD1Ev'If you don't plan on using image functionality from `torchvision.io`, you can ignore this warning. Otherwise, there might be something wrong with your environment. Did you have `libjpeg` or `libpng` installed before building `torchvision` from source?
  warn(

W0317 15:44:32.136672 3974333 warnings.py:109] /opt/conda/lib/python3.10/site-packages/compressai/models/video/google.py:353: FutureWarning: `torch.cuda.amp.autocast(args...)` is deprecated. Please use `torch.amp.autocast('cuda', args...)` instead.
  @amp.autocast(enabled=False)

I0317 15:44:32.140480 3971814 quantize_finetune_llama.py:202] layer 10 gpu 2
7_v proxy err 0.013714717701077461 tr(WHW.T) 53.14668655395508
bpp_loss 3.347080707550049
7_q proxy err 0.0006452756351791322 tr(WHW.T) 6036.439453125
bpp_loss 4.281119346618652
7_k proxy err 0.0002577647101134062 tr(WHW.T) 4611.79638671875
bpp_loss 5.415344953536987
7_o proxy err 0.018482841551303864 tr(WHW.T) 3.787719964981079
bpp_loss 3.4682105779647827
7_up proxy err 0.007469308562576771 tr(WHW.T) 651.590087890625
bpp_loss 3.598892484392439
7_gate proxy err 0.002022818196564913 tr(WHW.T) 2636.09716796875
bpp_loss 3.898660659790039
7_down proxy err 0.009823658503592014 tr(WHW.T) 6.803934574127197
bpp_loss 3.5960592201777866
I0317 15:45:11.902979 3971814 quantize_finetune_llama.py:233] computed original embedding for layer 10 in 0.8531944751739502s
I0317 15:45:15.167918 3974926 config.py:54] PyTorch version 2.6.0 available.
W0317 15:45:15.449689 3974926 warnings.py:109] /opt/conda/lib/python3.10/site-packages/torchvision/io/image.py:13: UserWarning: Failed to load image Python extension: '/opt/conda/lib/python3.10/site-packages/torchvision/image.so: undefined symbol: _ZN3c1017RegisterOperatorsD1Ev'If you don't plan on using image functionality from `torchvision.io`, you can ignore this warning. Otherwise, there might be something wrong with your environment. Did you have `libjpeg` or `libpng` installed before building `torchvision` from source?
  warn(

W0317 15:45:16.335082 3974926 warnings.py:109] /opt/conda/lib/python3.10/site-packages/compressai/models/video/google.py:353: FutureWarning: `torch.cuda.amp.autocast(args...)` is deprecated. Please use `torch.amp.autocast('cuda', args...)` instead.
  @amp.autocast(enabled=False)

I0317 15:45:16.339008 3971814 quantize_finetune_llama.py:202] layer 11 gpu 3
I0317 15:45:17.615088 3971814 quantize_finetune_llama.py:233] computed original embedding for layer 11 in 0.8893332481384277s
I0317 15:45:20.872642 3975046 config.py:54] PyTorch version 2.6.0 available.
W0317 15:45:21.155679 3975046 warnings.py:109] /opt/conda/lib/python3.10/site-packages/torchvision/io/image.py:13: UserWarning: Failed to load image Python extension: '/opt/conda/lib/python3.10/site-packages/torchvision/image.so: undefined symbol: _ZN3c1017RegisterOperatorsD1Ev'If you don't plan on using image functionality from `torchvision.io`, you can ignore this warning. Otherwise, there might be something wrong with your environment. Did you have `libjpeg` or `libpng` installed before building `torchvision` from source?
  warn(

W0317 15:45:22.050125 3975046 warnings.py:109] /opt/conda/lib/python3.10/site-packages/compressai/models/video/google.py:353: FutureWarning: `torch.cuda.amp.autocast(args...)` is deprecated. Please use `torch.amp.autocast('cuda', args...)` instead.
  @amp.autocast(enabled=False)

I0317 15:45:22.054112 3971814 quantize_finetune_llama.py:202] layer 12 gpu 0
I0317 15:45:22.205316 3975046 data_utils.py:336] using 256 training seqs, 128 validation seqs
I0317 15:45:23.349771 3971814 quantize_finetune_llama.py:233] computed original embedding for layer 12 in 0.9136264324188232s
I0317 15:45:26.782710 3975181 config.py:54] PyTorch version 2.6.0 available.
W0317 15:45:27.088842 3975181 warnings.py:109] /opt/conda/lib/python3.10/site-packages/torchvision/io/image.py:13: UserWarning: Failed to load image Python extension: '/opt/conda/lib/python3.10/site-packages/torchvision/image.so: undefined symbol: _ZN3c1017RegisterOperatorsD1Ev'If you don't plan on using image functionality from `torchvision.io`, you can ignore this warning. Otherwise, there might be something wrong with your environment. Did you have `libjpeg` or `libpng` installed before building `torchvision` from source?
  warn(

W0317 15:45:28.005383 3975181 warnings.py:109] /opt/conda/lib/python3.10/site-packages/compressai/models/video/google.py:353: FutureWarning: `torch.cuda.amp.autocast(args...)` is deprecated. Please use `torch.amp.autocast('cuda', args...)` instead.
  @amp.autocast(enabled=False)

I0317 15:45:28.009182 3971814 quantize_finetune_llama.py:202] layer 13 gpu 1
I0317 15:45:29.392394 3971814 quantize_finetune_llama.py:233] computed original embedding for layer 13 in 0.9609315395355225s
I0317 15:45:32.883283 3975298 config.py:54] PyTorch version 2.6.0 available.
W0317 15:45:33.162449 3975298 warnings.py:109] /opt/conda/lib/python3.10/site-packages/torchvision/io/image.py:13: UserWarning: Failed to load image Python extension: '/opt/conda/lib/python3.10/site-packages/torchvision/image.so: undefined symbol: _ZN3c1017RegisterOperatorsD1Ev'If you don't plan on using image functionality from `torchvision.io`, you can ignore this warning. Otherwise, there might be something wrong with your environment. Did you have `libjpeg` or `libpng` installed before building `torchvision` from source?
  warn(

W0317 15:45:34.046233 3975298 warnings.py:109] /opt/conda/lib/python3.10/site-packages/compressai/models/video/google.py:353: FutureWarning: `torch.cuda.amp.autocast(args...)` is deprecated. Please use `torch.amp.autocast('cuda', args...)` instead.
  @amp.autocast(enabled=False)

I0317 15:45:34.049942 3971814 quantize_finetune_llama.py:202] layer 14 gpu 2
11_v proxy err 0.013506936840713024 tr(WHW.T) 74.2698974609375
bpp_loss 3.3620158433914185
11_q proxy err 0.0009908854262903333 tr(WHW.T) 5157.30615234375
bpp_loss 4.2234461307525635
11_k proxy err 0.0003695660561788827 tr(WHW.T) 4189.68798828125
bpp_loss 5.375115156173706
11_o proxy err 0.03170197457075119 tr(WHW.T) 4.454066753387451
bpp_loss 3.4916086196899414
11_up proxy err 0.007062909658998251 tr(WHW.T) 789.370361328125
bpp_loss 3.6259355545043945
11_gate proxy err 0.0019059188198298216 tr(WHW.T) 3167.24609375
bpp_loss 3.8710803985595703
11_down proxy err 0.009707517921924591 tr(WHW.T) 9.071778297424316
bpp_loss 3.6179894719805037
I0317 15:46:14.399316 3971814 quantize_finetune_llama.py:233] computed original embedding for layer 14 in 1.2106897830963135s
I0317 15:46:17.626142 3975913 config.py:54] PyTorch version 2.6.0 available.
W0317 15:46:17.906213 3975913 warnings.py:109] /opt/conda/lib/python3.10/site-packages/torchvision/io/image.py:13: UserWarning: Failed to load image Python extension: '/opt/conda/lib/python3.10/site-packages/torchvision/image.so: undefined symbol: _ZN3c1017RegisterOperatorsD1Ev'If you don't plan on using image functionality from `torchvision.io`, you can ignore this warning. Otherwise, there might be something wrong with your environment. Did you have `libjpeg` or `libpng` installed before building `torchvision` from source?
  warn(

W0317 15:46:18.793356 3975913 warnings.py:109] /opt/conda/lib/python3.10/site-packages/compressai/models/video/google.py:353: FutureWarning: `torch.cuda.amp.autocast(args...)` is deprecated. Please use `torch.amp.autocast('cuda', args...)` instead.
  @amp.autocast(enabled=False)

I0317 15:46:18.797260 3971814 quantize_finetune_llama.py:202] layer 15 gpu 3
I0317 15:46:20.082033 3971814 quantize_finetune_llama.py:233] computed original embedding for layer 15 in 0.858344316482544s
I0317 15:46:23.353015 3976023 config.py:54] PyTorch version 2.6.0 available.
W0317 15:46:23.634476 3976023 warnings.py:109] /opt/conda/lib/python3.10/site-packages/torchvision/io/image.py:13: UserWarning: Failed to load image Python extension: '/opt/conda/lib/python3.10/site-packages/torchvision/image.so: undefined symbol: _ZN3c1017RegisterOperatorsD1Ev'If you don't plan on using image functionality from `torchvision.io`, you can ignore this warning. Otherwise, there might be something wrong with your environment. Did you have `libjpeg` or `libpng` installed before building `torchvision` from source?
  warn(

W0317 15:46:24.537807 3976023 warnings.py:109] /opt/conda/lib/python3.10/site-packages/compressai/models/video/google.py:353: FutureWarning: `torch.cuda.amp.autocast(args...)` is deprecated. Please use `torch.amp.autocast('cuda', args...)` instead.
  @amp.autocast(enabled=False)

I0317 15:46:24.541730 3971814 quantize_finetune_llama.py:202] layer 16 gpu 0
I0317 15:46:25.811850 3971814 quantize_finetune_llama.py:233] computed original embedding for layer 16 in 0.8562250137329102s
I0317 15:46:29.144435 3976137 config.py:54] PyTorch version 2.6.0 available.
W0317 15:46:29.425083 3976137 warnings.py:109] /opt/conda/lib/python3.10/site-packages/torchvision/io/image.py:13: UserWarning: Failed to load image Python extension: '/opt/conda/lib/python3.10/site-packages/torchvision/image.so: undefined symbol: _ZN3c1017RegisterOperatorsD1Ev'If you don't plan on using image functionality from `torchvision.io`, you can ignore this warning. Otherwise, there might be something wrong with your environment. Did you have `libjpeg` or `libpng` installed before building `torchvision` from source?
  warn(

W0317 15:46:30.305300 3976137 warnings.py:109] /opt/conda/lib/python3.10/site-packages/compressai/models/video/google.py:353: FutureWarning: `torch.cuda.amp.autocast(args...)` is deprecated. Please use `torch.amp.autocast('cuda', args...)` instead.
  @amp.autocast(enabled=False)

I0317 15:46:30.309349 3971814 quantize_finetune_llama.py:202] layer 17 gpu 1
I0317 15:46:31.622933 3971814 quantize_finetune_llama.py:233] computed original embedding for layer 17 in 0.9199423789978027s
I0317 15:46:35.000107 3976264 config.py:54] PyTorch version 2.6.0 available.
W0317 15:46:35.279605 3976264 warnings.py:109] /opt/conda/lib/python3.10/site-packages/torchvision/io/image.py:13: UserWarning: Failed to load image Python extension: '/opt/conda/lib/python3.10/site-packages/torchvision/image.so: undefined symbol: _ZN3c1017RegisterOperatorsD1Ev'If you don't plan on using image functionality from `torchvision.io`, you can ignore this warning. Otherwise, there might be something wrong with your environment. Did you have `libjpeg` or `libpng` installed before building `torchvision` from source?
  warn(

W0317 15:46:36.174426 3976264 warnings.py:109] /opt/conda/lib/python3.10/site-packages/compressai/models/video/google.py:353: FutureWarning: `torch.cuda.amp.autocast(args...)` is deprecated. Please use `torch.amp.autocast('cuda', args...)` instead.
  @amp.autocast(enabled=False)

I0317 15:46:36.178279 3971814 quantize_finetune_llama.py:202] layer 18 gpu 2
I0317 15:46:37.390896 3971814 quantize_finetune_llama.py:233] computed original embedding for layer 18 in 0.8174698352813721s
I0317 15:46:40.611773 3976404 config.py:54] PyTorch version 2.6.0 available.
W0317 15:46:40.892452 3976404 warnings.py:109] /opt/conda/lib/python3.10/site-packages/torchvision/io/image.py:13: UserWarning: Failed to load image Python extension: '/opt/conda/lib/python3.10/site-packages/torchvision/image.so: undefined symbol: _ZN3c1017RegisterOperatorsD1Ev'If you don't plan on using image functionality from `torchvision.io`, you can ignore this warning. Otherwise, there might be something wrong with your environment. Did you have `libjpeg` or `libpng` installed before building `torchvision` from source?
  warn(

W0317 15:46:41.767031 3976404 warnings.py:109] /opt/conda/lib/python3.10/site-packages/compressai/models/video/google.py:353: FutureWarning: `torch.cuda.amp.autocast(args...)` is deprecated. Please use `torch.amp.autocast('cuda', args...)` instead.
  @amp.autocast(enabled=False)

I0317 15:46:41.770895 3971814 quantize_finetune_llama.py:202] layer 19 gpu 3
I0317 15:46:43.097293 3971814 quantize_finetune_llama.py:233] computed original embedding for layer 19 in 0.943519115447998s
I0317 15:46:46.352796 3976528 config.py:54] PyTorch version 2.6.0 available.
W0317 15:46:46.633690 3976528 warnings.py:109] /opt/conda/lib/python3.10/site-packages/torchvision/io/image.py:13: UserWarning: Failed to load image Python extension: '/opt/conda/lib/python3.10/site-packages/torchvision/image.so: undefined symbol: _ZN3c1017RegisterOperatorsD1Ev'If you don't plan on using image functionality from `torchvision.io`, you can ignore this warning. Otherwise, there might be something wrong with your environment. Did you have `libjpeg` or `libpng` installed before building `torchvision` from source?
  warn(

W0317 15:46:47.514669 3976528 warnings.py:109] /opt/conda/lib/python3.10/site-packages/compressai/models/video/google.py:353: FutureWarning: `torch.cuda.amp.autocast(args...)` is deprecated. Please use `torch.amp.autocast('cuda', args...)` instead.
  @amp.autocast(enabled=False)

I0317 15:46:47.518634 3971814 quantize_finetune_llama.py:202] layer 20 gpu 0
I0317 15:46:49.247406 3971814 quantize_finetune_llama.py:233] computed original embedding for layer 20 in 1.321563959121704s
I0317 15:46:52.494548 3976642 config.py:54] PyTorch version 2.6.0 available.
W0317 15:46:52.773819 3976642 warnings.py:109] /opt/conda/lib/python3.10/site-packages/torchvision/io/image.py:13: UserWarning: Failed to load image Python extension: '/opt/conda/lib/python3.10/site-packages/torchvision/image.so: undefined symbol: _ZN3c1017RegisterOperatorsD1Ev'If you don't plan on using image functionality from `torchvision.io`, you can ignore this warning. Otherwise, there might be something wrong with your environment. Did you have `libjpeg` or `libpng` installed before building `torchvision` from source?
  warn(

W0317 15:46:53.651845 3976642 warnings.py:109] /opt/conda/lib/python3.10/site-packages/compressai/models/video/google.py:353: FutureWarning: `torch.cuda.amp.autocast(args...)` is deprecated. Please use `torch.amp.autocast('cuda', args...)` instead.
  @amp.autocast(enabled=False)

I0317 15:46:53.655839 3971814 quantize_finetune_llama.py:202] layer 21 gpu 1
I0317 15:46:55.119996 3971814 quantize_finetune_llama.py:233] computed original embedding for layer 21 in 1.0704131126403809s
I0317 15:46:58.400670 3976759 config.py:54] PyTorch version 2.6.0 available.
W0317 15:46:58.681010 3976759 warnings.py:109] /opt/conda/lib/python3.10/site-packages/torchvision/io/image.py:13: UserWarning: Failed to load image Python extension: '/opt/conda/lib/python3.10/site-packages/torchvision/image.so: undefined symbol: _ZN3c1017RegisterOperatorsD1Ev'If you don't plan on using image functionality from `torchvision.io`, you can ignore this warning. Otherwise, there might be something wrong with your environment. Did you have `libjpeg` or `libpng` installed before building `torchvision` from source?
  warn(

W0317 15:46:59.556104 3976759 warnings.py:109] /opt/conda/lib/python3.10/site-packages/compressai/models/video/google.py:353: FutureWarning: `torch.cuda.amp.autocast(args...)` is deprecated. Please use `torch.amp.autocast('cuda', args...)` instead.
  @amp.autocast(enabled=False)

I0317 15:46:59.559977 3971814 quantize_finetune_llama.py:202] layer 22 gpu 2
I0317 15:47:00.922469 3971814 quantize_finetune_llama.py:233] computed original embedding for layer 22 in 0.9557321071624756s
I0317 15:47:04.169686 3976876 config.py:54] PyTorch version 2.6.0 available.
W0317 15:47:04.450028 3976876 warnings.py:109] /opt/conda/lib/python3.10/site-packages/torchvision/io/image.py:13: UserWarning: Failed to load image Python extension: '/opt/conda/lib/python3.10/site-packages/torchvision/image.so: undefined symbol: _ZN3c1017RegisterOperatorsD1Ev'If you don't plan on using image functionality from `torchvision.io`, you can ignore this warning. Otherwise, there might be something wrong with your environment. Did you have `libjpeg` or `libpng` installed before building `torchvision` from source?
  warn(

W0317 15:47:05.336030 3976876 warnings.py:109] /opt/conda/lib/python3.10/site-packages/compressai/models/video/google.py:353: FutureWarning: `torch.cuda.amp.autocast(args...)` is deprecated. Please use `torch.amp.autocast('cuda', args...)` instead.
  @amp.autocast(enabled=False)

I0317 15:47:05.339987 3971814 quantize_finetune_llama.py:202] layer 23 gpu 3
I0317 15:47:06.592789 3971814 quantize_finetune_llama.py:233] computed original embedding for layer 23 in 0.8831455707550049s
I0317 15:47:09.838451 3976996 config.py:54] PyTorch version 2.6.0 available.
W0317 15:47:10.118549 3976996 warnings.py:109] /opt/conda/lib/python3.10/site-packages/torchvision/io/image.py:13: UserWarning: Failed to load image Python extension: '/opt/conda/lib/python3.10/site-packages/torchvision/image.so: undefined symbol: _ZN3c1017RegisterOperatorsD1Ev'If you don't plan on using image functionality from `torchvision.io`, you can ignore this warning. Otherwise, there might be something wrong with your environment. Did you have `libjpeg` or `libpng` installed before building `torchvision` from source?
  warn(

W0317 15:47:11.023096 3976996 warnings.py:109] /opt/conda/lib/python3.10/site-packages/compressai/models/video/google.py:353: FutureWarning: `torch.cuda.amp.autocast(args...)` is deprecated. Please use `torch.amp.autocast('cuda', args...)` instead.
  @amp.autocast(enabled=False)

I0317 15:47:11.026988 3971814 quantize_finetune_llama.py:202] layer 24 gpu 0
I0317 15:47:12.280927 3971814 quantize_finetune_llama.py:233] computed original embedding for layer 24 in 0.8799335956573486s
I0317 15:47:15.621243 3977128 config.py:54] PyTorch version 2.6.0 available.
W0317 15:47:15.898667 3977128 warnings.py:109] /opt/conda/lib/python3.10/site-packages/torchvision/io/image.py:13: UserWarning: Failed to load image Python extension: '/opt/conda/lib/python3.10/site-packages/torchvision/image.so: undefined symbol: _ZN3c1017RegisterOperatorsD1Ev'If you don't plan on using image functionality from `torchvision.io`, you can ignore this warning. Otherwise, there might be something wrong with your environment. Did you have `libjpeg` or `libpng` installed before building `torchvision` from source?
  warn(

W0317 15:47:16.773699 3977128 warnings.py:109] /opt/conda/lib/python3.10/site-packages/compressai/models/video/google.py:353: FutureWarning: `torch.cuda.amp.autocast(args...)` is deprecated. Please use `torch.amp.autocast('cuda', args...)` instead.
  @amp.autocast(enabled=False)

I0317 15:47:16.777568 3971814 quantize_finetune_llama.py:202] layer 25 gpu 1
I0317 15:47:18.436804 3971814 quantize_finetune_llama.py:233] computed original embedding for layer 25 in 1.3010942935943604s
I0317 15:47:21.727431 3977247 config.py:54] PyTorch version 2.6.0 available.
W0317 15:47:22.007682 3977247 warnings.py:109] /opt/conda/lib/python3.10/site-packages/torchvision/io/image.py:13: UserWarning: Failed to load image Python extension: '/opt/conda/lib/python3.10/site-packages/torchvision/image.so: undefined symbol: _ZN3c1017RegisterOperatorsD1Ev'If you don't plan on using image functionality from `torchvision.io`, you can ignore this warning. Otherwise, there might be something wrong with your environment. Did you have `libjpeg` or `libpng` installed before building `torchvision` from source?
  warn(

W0317 15:47:22.884982 3977247 warnings.py:109] /opt/conda/lib/python3.10/site-packages/compressai/models/video/google.py:353: FutureWarning: `torch.cuda.amp.autocast(args...)` is deprecated. Please use `torch.amp.autocast('cuda', args...)` instead.
  @amp.autocast(enabled=False)

I0317 15:47:22.888887 3971814 quantize_finetune_llama.py:202] layer 26 gpu 2
I0317 15:47:24.157843 3971814 quantize_finetune_llama.py:233] computed original embedding for layer 26 in 0.8685436248779297s
I0317 15:47:27.407478 3977364 config.py:54] PyTorch version 2.6.0 available.
W0317 15:47:27.683929 3977364 warnings.py:109] /opt/conda/lib/python3.10/site-packages/torchvision/io/image.py:13: UserWarning: Failed to load image Python extension: '/opt/conda/lib/python3.10/site-packages/torchvision/image.so: undefined symbol: _ZN3c1017RegisterOperatorsD1Ev'If you don't plan on using image functionality from `torchvision.io`, you can ignore this warning. Otherwise, there might be something wrong with your environment. Did you have `libjpeg` or `libpng` installed before building `torchvision` from source?
  warn(

W0317 15:47:28.561787 3977364 warnings.py:109] /opt/conda/lib/python3.10/site-packages/compressai/models/video/google.py:353: FutureWarning: `torch.cuda.amp.autocast(args...)` is deprecated. Please use `torch.amp.autocast('cuda', args...)` instead.
  @amp.autocast(enabled=False)

I0317 15:47:28.565742 3971814 quantize_finetune_llama.py:202] layer 27 gpu 3
I0317 15:47:29.819923 3971814 quantize_finetune_llama.py:233] computed original embedding for layer 27 in 0.8443622589111328s
I0317 15:47:33.068230 3977474 config.py:54] PyTorch version 2.6.0 available.
W0317 15:47:33.348957 3977474 warnings.py:109] /opt/conda/lib/python3.10/site-packages/torchvision/io/image.py:13: UserWarning: Failed to load image Python extension: '/opt/conda/lib/python3.10/site-packages/torchvision/image.so: undefined symbol: _ZN3c1017RegisterOperatorsD1Ev'If you don't plan on using image functionality from `torchvision.io`, you can ignore this warning. Otherwise, there might be something wrong with your environment. Did you have `libjpeg` or `libpng` installed before building `torchvision` from source?
  warn(

W0317 15:47:34.234103 3977474 warnings.py:109] /opt/conda/lib/python3.10/site-packages/compressai/models/video/google.py:353: FutureWarning: `torch.cuda.amp.autocast(args...)` is deprecated. Please use `torch.amp.autocast('cuda', args...)` instead.
  @amp.autocast(enabled=False)

I0317 15:47:34.237943 3971814 quantize_finetune_llama.py:202] layer 28 gpu 0
I0317 15:47:35.479670 3971814 quantize_finetune_llama.py:233] computed original embedding for layer 28 in 0.8783786296844482s
I0317 15:47:38.853761 3977591 config.py:54] PyTorch version 2.6.0 available.
W0317 15:47:39.133115 3977591 warnings.py:109] /opt/conda/lib/python3.10/site-packages/torchvision/io/image.py:13: UserWarning: Failed to load image Python extension: '/opt/conda/lib/python3.10/site-packages/torchvision/image.so: undefined symbol: _ZN3c1017RegisterOperatorsD1Ev'If you don't plan on using image functionality from `torchvision.io`, you can ignore this warning. Otherwise, there might be something wrong with your environment. Did you have `libjpeg` or `libpng` installed before building `torchvision` from source?
  warn(

W0317 15:47:40.015298 3977591 warnings.py:109] /opt/conda/lib/python3.10/site-packages/compressai/models/video/google.py:353: FutureWarning: `torch.cuda.amp.autocast(args...)` is deprecated. Please use `torch.amp.autocast('cuda', args...)` instead.
  @amp.autocast(enabled=False)

I0317 15:47:40.019213 3971814 quantize_finetune_llama.py:202] layer 29 gpu 1
I0317 15:47:41.375306 3971814 quantize_finetune_llama.py:233] computed original embedding for layer 29 in 0.9424233436584473s
I0317 15:47:44.582521 3977732 config.py:54] PyTorch version 2.6.0 available.
W0317 15:47:44.859400 3977732 warnings.py:109] /opt/conda/lib/python3.10/site-packages/torchvision/io/image.py:13: UserWarning: Failed to load image Python extension: '/opt/conda/lib/python3.10/site-packages/torchvision/image.so: undefined symbol: _ZN3c1017RegisterOperatorsD1Ev'If you don't plan on using image functionality from `torchvision.io`, you can ignore this warning. Otherwise, there might be something wrong with your environment. Did you have `libjpeg` or `libpng` installed before building `torchvision` from source?
  warn(

W0317 15:47:45.740940 3977732 warnings.py:109] /opt/conda/lib/python3.10/site-packages/compressai/models/video/google.py:353: FutureWarning: `torch.cuda.amp.autocast(args...)` is deprecated. Please use `torch.amp.autocast('cuda', args...)` instead.
  @amp.autocast(enabled=False)

I0317 15:47:45.744775 3971814 quantize_finetune_llama.py:202] layer 30 gpu 2
I0317 15:47:46.981901 3971814 quantize_finetune_llama.py:233] computed original embedding for layer 30 in 0.8418447971343994s
I0317 15:47:50.188550 3977842 config.py:54] PyTorch version 2.6.0 available.
W0317 15:47:50.467432 3977842 warnings.py:109] /opt/conda/lib/python3.10/site-packages/torchvision/io/image.py:13: UserWarning: Failed to load image Python extension: '/opt/conda/lib/python3.10/site-packages/torchvision/image.so: undefined symbol: _ZN3c1017RegisterOperatorsD1Ev'If you don't plan on using image functionality from `torchvision.io`, you can ignore this warning. Otherwise, there might be something wrong with your environment. Did you have `libjpeg` or `libpng` installed before building `torchvision` from source?
  warn(

W0317 15:47:51.341699 3977842 warnings.py:109] /opt/conda/lib/python3.10/site-packages/compressai/models/video/google.py:353: FutureWarning: `torch.cuda.amp.autocast(args...)` is deprecated. Please use `torch.amp.autocast('cuda', args...)` instead.
  @amp.autocast(enabled=False)

I0317 15:47:51.345647 3971814 quantize_finetune_llama.py:202] layer 31 gpu 3
I0317 15:47:52.836530 3971814 quantize_finetune_llama.py:233] computed original embedding for layer 31 in 1.1085095405578613s
I0317 15:47:56.217786 3977974 config.py:54] PyTorch version 2.6.0 available.
W0317 15:47:56.498894 3977974 warnings.py:109] /opt/conda/lib/python3.10/site-packages/torchvision/io/image.py:13: UserWarning: Failed to load image Python extension: '/opt/conda/lib/python3.10/site-packages/torchvision/image.so: undefined symbol: _ZN3c1017RegisterOperatorsD1Ev'If you don't plan on using image functionality from `torchvision.io`, you can ignore this warning. Otherwise, there might be something wrong with your environment. Did you have `libjpeg` or `libpng` installed before building `torchvision` from source?
  warn(

W0317 15:47:57.378843 3977974 warnings.py:109] /opt/conda/lib/python3.10/site-packages/compressai/models/video/google.py:353: FutureWarning: `torch.cuda.amp.autocast(args...)` is deprecated. Please use `torch.amp.autocast('cuda', args...)` instead.
  @amp.autocast(enabled=False)

