I0317 13:56:26.295024 3907405 config.py:54] PyTorch version 2.6.0 available.
W0317 13:56:26.581672 3907405 warnings.py:109] /opt/conda/lib/python3.10/site-packages/torchvision/io/image.py:13: UserWarning: Failed to load image Python extension: '/opt/conda/lib/python3.10/site-packages/torchvision/image.so: undefined symbol: _ZN3c1017RegisterOperatorsD1Ev'If you don't plan on using image functionality from `torchvision.io`, you can ignore this warning. Otherwise, there might be something wrong with your environment. Did you have `libjpeg` or `libpng` installed before building `torchvision` from source?
  warn(

W0317 13:56:27.454040 3907405 warnings.py:109] /opt/conda/lib/python3.10/site-packages/compressai/models/video/google.py:353: FutureWarning: `torch.cuda.amp.autocast(args...)` is deprecated. Please use `torch.amp.autocast('cuda', args...)` instead.
  @amp.autocast(enabled=False)

Loading checkpoint shards:   0%|          | 0/6 [00:00<?, ?it/s]Loading checkpoint shards:  17%|█▋        | 1/6 [00:00<00:00,  7.25it/s]Loading checkpoint shards:  33%|███▎      | 2/6 [00:00<00:00,  7.86it/s]Loading checkpoint shards:  50%|█████     | 3/6 [00:00<00:00,  8.13it/s]Loading checkpoint shards:  67%|██████▋   | 4/6 [00:00<00:00,  8.28it/s]Loading checkpoint shards:  83%|████████▎ | 5/6 [00:00<00:00,  8.32it/s]Loading checkpoint shards: 100%|██████████| 6/6 [00:00<00:00,  8.10it/s]Loading checkpoint shards: 100%|██████████| 6/6 [00:00<00:00,  8.08it/s]
I0317 13:56:28.395714 3907405 quantize_finetune_llama.py:144] loaded model
I0317 13:56:28.637619 3907405 quantize_finetune_llama.py:177] loaded compression model
I0317 13:56:42.633987 3907405 quantize_finetune_llama.py:181] loaded dataset and devset
I0317 13:56:47.786723 3907405 quantize_finetune_llama.py:201] layer 0 gpu 0
I0317 13:56:50.177044 3907405 quantize_finetune_llama.py:232] computed original embedding for layer 0 in 2.2401585578918457s
huggingface/tokenizers: The current process just got forked, after parallelism has already been used. Disabling parallelism to avoid deadlocks...
To disable this warning, you can either:
	- Avoid using `tokenizers` before the fork if possible
	- Explicitly set the environment variable TOKENIZERS_PARALLELISM=(true | false)
I0317 13:57:02.452190 3908002 config.py:54] PyTorch version 2.6.0 available.
W0317 13:57:02.736546 3908002 warnings.py:109] /opt/conda/lib/python3.10/site-packages/torchvision/io/image.py:13: UserWarning: Failed to load image Python extension: '/opt/conda/lib/python3.10/site-packages/torchvision/image.so: undefined symbol: _ZN3c1017RegisterOperatorsD1Ev'If you don't plan on using image functionality from `torchvision.io`, you can ignore this warning. Otherwise, there might be something wrong with your environment. Did you have `libjpeg` or `libpng` installed before building `torchvision` from source?
  warn(

W0317 13:57:03.622105 3908002 warnings.py:109] /opt/conda/lib/python3.10/site-packages/compressai/models/video/google.py:353: FutureWarning: `torch.cuda.amp.autocast(args...)` is deprecated. Please use `torch.amp.autocast('cuda', args...)` instead.
  @amp.autocast(enabled=False)

I0317 13:57:03.626157 3907405 quantize_finetune_llama.py:201] layer 1 gpu 1
I0317 13:57:03.822777 3908002 data_utils.py:336] using 256 training seqs, 128 validation seqs
I0317 13:57:06.309512 3907405 quantize_finetune_llama.py:232] computed original embedding for layer 1 in 2.521426200866699s
I0317 13:57:09.813816 3908134 config.py:54] PyTorch version 2.6.0 available.
W0317 13:57:10.128342 3908134 warnings.py:109] /opt/conda/lib/python3.10/site-packages/torchvision/io/image.py:13: UserWarning: Failed to load image Python extension: '/opt/conda/lib/python3.10/site-packages/torchvision/image.so: undefined symbol: _ZN3c1017RegisterOperatorsD1Ev'If you don't plan on using image functionality from `torchvision.io`, you can ignore this warning. Otherwise, there might be something wrong with your environment. Did you have `libjpeg` or `libpng` installed before building `torchvision` from source?
  warn(

W0317 13:57:11.095955 3908134 warnings.py:109] /opt/conda/lib/python3.10/site-packages/compressai/models/video/google.py:353: FutureWarning: `torch.cuda.amp.autocast(args...)` is deprecated. Please use `torch.amp.autocast('cuda', args...)` instead.
  @amp.autocast(enabled=False)

I0317 13:57:11.100365 3907405 quantize_finetune_llama.py:201] layer 2 gpu 2
I0317 13:57:11.270120 3908134 data_utils.py:336] using 256 training seqs, 128 validation seqs
I0317 13:57:13.688349 3907405 quantize_finetune_llama.py:232] computed original embedding for layer 2 in 2.4366297721862793s
I0317 13:57:17.399672 3908285 config.py:54] PyTorch version 2.6.0 available.
W0317 13:57:17.747999 3908285 warnings.py:109] /opt/conda/lib/python3.10/site-packages/torchvision/io/image.py:13: UserWarning: Failed to load image Python extension: '/opt/conda/lib/python3.10/site-packages/torchvision/image.so: undefined symbol: _ZN3c1017RegisterOperatorsD1Ev'If you don't plan on using image functionality from `torchvision.io`, you can ignore this warning. Otherwise, there might be something wrong with your environment. Did you have `libjpeg` or `libpng` installed before building `torchvision` from source?
  warn(

W0317 13:57:18.728092 3908285 warnings.py:109] /opt/conda/lib/python3.10/site-packages/compressai/models/video/google.py:353: FutureWarning: `torch.cuda.amp.autocast(args...)` is deprecated. Please use `torch.amp.autocast('cuda', args...)` instead.
  @amp.autocast(enabled=False)

I0317 13:57:18.732155 3907405 quantize_finetune_llama.py:201] layer 3 gpu 3
I0317 13:57:18.913285 3908285 data_utils.py:336] using 256 training seqs, 128 validation seqs
I0317 13:57:21.626232 3907405 quantize_finetune_llama.py:232] computed original embedding for layer 3 in 2.734562873840332s
I0317 13:57:25.531258 3908420 config.py:54] PyTorch version 2.6.0 available.
W0317 13:57:25.904455 3908420 warnings.py:109] /opt/conda/lib/python3.10/site-packages/torchvision/io/image.py:13: UserWarning: Failed to load image Python extension: '/opt/conda/lib/python3.10/site-packages/torchvision/image.so: undefined symbol: _ZN3c1017RegisterOperatorsD1Ev'If you don't plan on using image functionality from `torchvision.io`, you can ignore this warning. Otherwise, there might be something wrong with your environment. Did you have `libjpeg` or `libpng` installed before building `torchvision` from source?
  warn(

W0317 13:57:27.026458 3908420 warnings.py:109] /opt/conda/lib/python3.10/site-packages/compressai/models/video/google.py:353: FutureWarning: `torch.cuda.amp.autocast(args...)` is deprecated. Please use `torch.amp.autocast('cuda', args...)` instead.
  @amp.autocast(enabled=False)

I0317 13:57:27.031714 3907405 quantize_finetune_llama.py:201] layer 4 gpu 0
I0317 13:57:27.212628 3908420 data_utils.py:336] using 256 training seqs, 128 validation seqs
0_v proxy err 0.009525441564619541 tr(WHW.T) 4.225186347961426
0_q proxy err 3.396884130779654e-05 tr(WHW.T) 2710.363037109375
0_k proxy err 4.210466067888774e-05 tr(WHW.T) 1698.7349853515625
0_o proxy err 0.0006344244466163218 tr(WHW.T) 0.9668058156967163
0_up proxy err 0.00110490876249969 tr(WHW.T) 43.27138900756836
0_gate proxy err 0.0007590223685838282 tr(WHW.T) 63.47430419921875
0_down proxy err 0.0007504420354962349 tr(WHW.T) 0.656814694404602
1_v proxy err 0.014041697606444359 tr(WHW.T) 16.465883255004883
1_q proxy err 6.569831020897254e-05 tr(WHW.T) 4778.43994140625
1_k proxy err 6.214185123099014e-05 tr(WHW.T) 4995.39208984375
1_o proxy err 0.0023586570750921965 tr(WHW.T) 1.1115814447402954
1_up proxy err 0.001144460984505713 tr(WHW.T) 109.66383361816406
1_gate proxy err 0.0005776319885626435 tr(WHW.T) 221.3038787841797
1_down proxy err 0.0006569703109562397 tr(WHW.T) 2041.4736328125
I0317 13:58:02.054839 3907405 quantize_finetune_llama.py:232] computed original embedding for layer 4 in 1.0497617721557617s
I0317 13:58:06.017352 3908954 config.py:54] PyTorch version 2.6.0 available.
W0317 13:58:06.378846 3908954 warnings.py:109] /opt/conda/lib/python3.10/site-packages/torchvision/io/image.py:13: UserWarning: Failed to load image Python extension: '/opt/conda/lib/python3.10/site-packages/torchvision/image.so: undefined symbol: _ZN3c1017RegisterOperatorsD1Ev'If you don't plan on using image functionality from `torchvision.io`, you can ignore this warning. Otherwise, there might be something wrong with your environment. Did you have `libjpeg` or `libpng` installed before building `torchvision` from source?
  warn(

2_v proxy err 0.0034476686269044876 tr(WHW.T) 136.67332458496094
2_q proxy err 7.842088234610856e-05 tr(WHW.T) 7752.85205078125
2_k proxy err 6.229952850844711e-05 tr(WHW.T) 10205.837890625
2_o proxy err 0.001834483933635056 tr(WHW.T) 1.4603197574615479
2_up proxy err 0.0013293060474097729 tr(WHW.T) 193.43603515625
2_gate proxy err 0.0008477155352011323 tr(WHW.T) 306.6622619628906
2_down proxy err 0.00153141631744802 tr(WHW.T) 3.010739803314209
W0317 13:58:07.386315 3908954 warnings.py:109] /opt/conda/lib/python3.10/site-packages/compressai/models/video/google.py:353: FutureWarning: `torch.cuda.amp.autocast(args...)` is deprecated. Please use `torch.amp.autocast('cuda', args...)` instead.
  @amp.autocast(enabled=False)

I0317 13:58:07.390634 3907405 quantize_finetune_llama.py:201] layer 5 gpu 1
I0317 13:58:07.575511 3908954 data_utils.py:336] using 256 training seqs, 128 validation seqs
I0317 13:58:09.147928 3907405 quantize_finetune_llama.py:232] computed original embedding for layer 5 in 0.9100558757781982s
I0317 13:58:12.750977 3909085 config.py:54] PyTorch version 2.6.0 available.
W0317 13:58:13.068670 3909085 warnings.py:109] /opt/conda/lib/python3.10/site-packages/torchvision/io/image.py:13: UserWarning: Failed to load image Python extension: '/opt/conda/lib/python3.10/site-packages/torchvision/image.so: undefined symbol: _ZN3c1017RegisterOperatorsD1Ev'If you don't plan on using image functionality from `torchvision.io`, you can ignore this warning. Otherwise, there might be something wrong with your environment. Did you have `libjpeg` or `libpng` installed before building `torchvision` from source?
  warn(

W0317 13:58:14.088493 3909085 warnings.py:109] /opt/conda/lib/python3.10/site-packages/compressai/models/video/google.py:353: FutureWarning: `torch.cuda.amp.autocast(args...)` is deprecated. Please use `torch.amp.autocast('cuda', args...)` instead.
  @amp.autocast(enabled=False)

I0317 13:58:14.092869 3907405 quantize_finetune_llama.py:201] layer 6 gpu 2
I0317 13:58:14.253216 3909085 data_utils.py:336] using 256 training seqs, 128 validation seqs
3_v proxy err 0.0032724435441195965 tr(WHW.T) 284.77557373046875
3_q proxy err 0.0001463790104025975 tr(WHW.T) 7217.63720703125
3_k proxy err 0.00010910150740528479 tr(WHW.T) 10074.73828125
3_o proxy err 0.0018400666303932667 tr(WHW.T) 3.3527450561523438
3_up proxy err 0.001514294184744358 tr(WHW.T) 284.7950744628906
3_gate proxy err 0.0009117016452364624 tr(WHW.T) 478.13714599609375
3_down proxy err 0.0015638370532542467 tr(WHW.T) 6.133229732513428
I0317 13:58:23.777289 3907405 quantize_finetune_llama.py:232] computed original embedding for layer 6 in 0.9274816513061523s
I0317 13:58:27.603701 3909311 config.py:54] PyTorch version 2.6.0 available.
W0317 13:58:27.938955 3909311 warnings.py:109] /opt/conda/lib/python3.10/site-packages/torchvision/io/image.py:13: UserWarning: Failed to load image Python extension: '/opt/conda/lib/python3.10/site-packages/torchvision/image.so: undefined symbol: _ZN3c1017RegisterOperatorsD1Ev'If you don't plan on using image functionality from `torchvision.io`, you can ignore this warning. Otherwise, there might be something wrong with your environment. Did you have `libjpeg` or `libpng` installed before building `torchvision` from source?
  warn(

W0317 13:58:28.955717 3909311 warnings.py:109] /opt/conda/lib/python3.10/site-packages/compressai/models/video/google.py:353: FutureWarning: `torch.cuda.amp.autocast(args...)` is deprecated. Please use `torch.amp.autocast('cuda', args...)` instead.
  @amp.autocast(enabled=False)

I0317 13:58:28.960116 3907405 quantize_finetune_llama.py:201] layer 7 gpu 3
I0317 13:58:29.131042 3909311 data_utils.py:336] using 256 training seqs, 128 validation seqs
I0317 13:58:30.441050 3907405 quantize_finetune_llama.py:232] computed original embedding for layer 7 in 0.9973447322845459s
I0317 13:58:34.243592 3909445 config.py:54] PyTorch version 2.6.0 available.
W0317 13:58:34.604094 3909445 warnings.py:109] /opt/conda/lib/python3.10/site-packages/torchvision/io/image.py:13: UserWarning: Failed to load image Python extension: '/opt/conda/lib/python3.10/site-packages/torchvision/image.so: undefined symbol: _ZN3c1017RegisterOperatorsD1Ev'If you don't plan on using image functionality from `torchvision.io`, you can ignore this warning. Otherwise, there might be something wrong with your environment. Did you have `libjpeg` or `libpng` installed before building `torchvision` from source?
  warn(

W0317 13:58:35.711032 3909445 warnings.py:109] /opt/conda/lib/python3.10/site-packages/compressai/models/video/google.py:353: FutureWarning: `torch.cuda.amp.autocast(args...)` is deprecated. Please use `torch.amp.autocast('cuda', args...)` instead.
  @amp.autocast(enabled=False)

I0317 13:58:35.715284 3907405 quantize_finetune_llama.py:201] layer 8 gpu 0
I0317 13:58:35.914261 3909445 data_utils.py:336] using 256 training seqs, 128 validation seqs
4_v proxy err 0.0031029561068862677 tr(WHW.T) 274.6131286621094
4_q proxy err 0.00014043806004337966 tr(WHW.T) 6914.9892578125
4_k proxy err 9.858795965556055e-05 tr(WHW.T) 10415.33203125
4_o proxy err 0.0018211622955277562 tr(WHW.T) 5.139806270599365
4_up proxy err 0.0014972739154472947 tr(WHW.T) 397.6960144042969
4_gate proxy err 0.0007366925128735602 tr(WHW.T) 821.1856689453125
4_down proxy err 0.0015707152197137475 tr(WHW.T) 11.562739372253418
5_v proxy err 0.0030756182968616486 tr(WHW.T) 298.47540283203125
5_q proxy err 0.00015079107834026217 tr(WHW.T) 6770.97509765625
5_k proxy err 0.00010138861398445442 tr(WHW.T) 10841.955078125
5_o proxy err 0.002568990457803011 tr(WHW.T) 7.947142601013184
5_up proxy err 0.001469123875722289 tr(WHW.T) 506.6408386230469
5_gate proxy err 0.0006853078957647085 tr(WHW.T) 1104.867919921875
5_down proxy err 0.0016539820935577154 tr(WHW.T) 15.6494779586792
I0317 13:59:04.531428 3907405 quantize_finetune_llama.py:232] computed original embedding for layer 8 in 1.043893814086914s
I0317 13:59:08.151616 3909885 config.py:54] PyTorch version 2.6.0 available.
W0317 13:59:08.434256 3909885 warnings.py:109] /opt/conda/lib/python3.10/site-packages/torchvision/io/image.py:13: UserWarning: Failed to load image Python extension: '/opt/conda/lib/python3.10/site-packages/torchvision/image.so: undefined symbol: _ZN3c1017RegisterOperatorsD1Ev'If you don't plan on using image functionality from `torchvision.io`, you can ignore this warning. Otherwise, there might be something wrong with your environment. Did you have `libjpeg` or `libpng` installed before building `torchvision` from source?
  warn(

W0317 13:59:09.426633 3909885 warnings.py:109] /opt/conda/lib/python3.10/site-packages/compressai/models/video/google.py:353: FutureWarning: `torch.cuda.amp.autocast(args...)` is deprecated. Please use `torch.amp.autocast('cuda', args...)` instead.
  @amp.autocast(enabled=False)

I0317 13:59:09.430951 3907405 quantize_finetune_llama.py:201] layer 9 gpu 1
I0317 13:59:09.620012 3909885 data_utils.py:336] using 256 training seqs, 128 validation seqs
6_v proxy err 0.003037676913663745 tr(WHW.T) 443.5464782714844
6_q proxy err 0.00019414818962104619 tr(WHW.T) 7576.53857421875
6_k proxy err 0.00014713381824549288 tr(WHW.T) 10409.4033203125
6_o proxy err 0.002392129274085164 tr(WHW.T) 11.564380645751953
6_up proxy err 0.001473023323342204 tr(WHW.T) 617.2608642578125
6_gate proxy err 0.0005973283550702035 tr(WHW.T) 1554.7271728515625
6_down proxy err 0.0017079536337405443 tr(WHW.T) 22.988168716430664
I0317 13:59:19.226800 3907405 quantize_finetune_llama.py:232] computed original embedding for layer 9 in 0.9320840835571289s
I0317 13:59:22.832803 3910106 config.py:54] PyTorch version 2.6.0 available.
W0317 13:59:23.196841 3910106 warnings.py:109] /opt/conda/lib/python3.10/site-packages/torchvision/io/image.py:13: UserWarning: Failed to load image Python extension: '/opt/conda/lib/python3.10/site-packages/torchvision/image.so: undefined symbol: _ZN3c1017RegisterOperatorsD1Ev'If you don't plan on using image functionality from `torchvision.io`, you can ignore this warning. Otherwise, there might be something wrong with your environment. Did you have `libjpeg` or `libpng` installed before building `torchvision` from source?
  warn(

W0317 13:59:24.223493 3910106 warnings.py:109] /opt/conda/lib/python3.10/site-packages/compressai/models/video/google.py:353: FutureWarning: `torch.cuda.amp.autocast(args...)` is deprecated. Please use `torch.amp.autocast('cuda', args...)` instead.
  @amp.autocast(enabled=False)

I0317 13:59:24.227642 3907405 quantize_finetune_llama.py:201] layer 10 gpu 2
I0317 13:59:24.398351 3910106 data_utils.py:336] using 256 training seqs, 128 validation seqs
7_v proxy err 0.002958217402920127 tr(WHW.T) 489.9357604980469
7_q proxy err 0.00020868366118520498 tr(WHW.T) 7672.17919921875
7_k proxy err 0.0001584419223945588 tr(WHW.T) 10198.3701171875
7_o proxy err 0.0027340524829924107 tr(WHW.T) 15.11335563659668
7_up proxy err 0.0014511427143588662 tr(WHW.T) 735.8538818359375
7_gate proxy err 0.0005819973885081708 tr(WHW.T) 1876.0390625
7_down proxy err 0.0017303801141679287 tr(WHW.T) 30.58672523498535
I0317 13:59:32.312153 3907405 quantize_finetune_llama.py:232] computed original embedding for layer 10 in 1.0086987018585205s
I0317 13:59:36.071268 3910322 config.py:54] PyTorch version 2.6.0 available.
W0317 13:59:36.365881 3910322 warnings.py:109] /opt/conda/lib/python3.10/site-packages/torchvision/io/image.py:13: UserWarning: Failed to load image Python extension: '/opt/conda/lib/python3.10/site-packages/torchvision/image.so: undefined symbol: _ZN3c1017RegisterOperatorsD1Ev'If you don't plan on using image functionality from `torchvision.io`, you can ignore this warning. Otherwise, there might be something wrong with your environment. Did you have `libjpeg` or `libpng` installed before building `torchvision` from source?
  warn(

W0317 13:59:37.322930 3910322 warnings.py:109] /opt/conda/lib/python3.10/site-packages/compressai/models/video/google.py:353: FutureWarning: `torch.cuda.amp.autocast(args...)` is deprecated. Please use `torch.amp.autocast('cuda', args...)` instead.
  @amp.autocast(enabled=False)

I0317 13:59:37.327234 3907405 quantize_finetune_llama.py:201] layer 11 gpu 3
I0317 13:59:37.493281 3910322 data_utils.py:336] using 256 training seqs, 128 validation seqs
I0317 13:59:39.034575 3907405 quantize_finetune_llama.py:232] computed original embedding for layer 11 in 1.1970863342285156s
I0317 13:59:42.979840 3910449 config.py:54] PyTorch version 2.6.0 available.
W0317 13:59:43.352493 3910449 warnings.py:109] /opt/conda/lib/python3.10/site-packages/torchvision/io/image.py:13: UserWarning: Failed to load image Python extension: '/opt/conda/lib/python3.10/site-packages/torchvision/image.so: undefined symbol: _ZN3c1017RegisterOperatorsD1Ev'If you don't plan on using image functionality from `torchvision.io`, you can ignore this warning. Otherwise, there might be something wrong with your environment. Did you have `libjpeg` or `libpng` installed before building `torchvision` from source?
  warn(

W0317 13:59:44.413609 3910449 warnings.py:109] /opt/conda/lib/python3.10/site-packages/compressai/models/video/google.py:353: FutureWarning: `torch.cuda.amp.autocast(args...)` is deprecated. Please use `torch.amp.autocast('cuda', args...)` instead.
  @amp.autocast(enabled=False)

I0317 13:59:44.418097 3907405 quantize_finetune_llama.py:201] layer 12 gpu 0
I0317 13:59:44.702105 3910449 data_utils.py:336] using 256 training seqs, 128 validation seqs
8_v proxy err 0.002789342775940895 tr(WHW.T) 530.9967041015625
8_q proxy err 0.00022463210916612297 tr(WHW.T) 7228.1201171875
8_k proxy err 0.0001560074306325987 tr(WHW.T) 10639.1015625
8_o proxy err 0.0030846260488033295 tr(WHW.T) 20.092191696166992
8_up proxy err 0.0013343512546271086 tr(WHW.T) 866.312744140625
8_gate proxy err 0.0005987957119941711 tr(WHW.T) 1970.857177734375
8_down proxy err 0.0017211961094290018 tr(WHW.T) 37.177734375
9_v proxy err 0.002616290235891938 tr(WHW.T) 565.0663452148438
9_q proxy err 0.00023219296417664737 tr(WHW.T) 6970.3359375
9_k proxy err 0.00015133889974094927 tr(WHW.T) 10987.3515625
9_o proxy err 0.003059433540329337 tr(WHW.T) 25.610172271728516
9_up proxy err 0.0012868910562247038 tr(WHW.T) 970.8984375
9_gate proxy err 0.0005968001787550747 tr(WHW.T) 2132.69384765625
9_down proxy err 0.0017237666761502624 tr(WHW.T) 42.99482727050781
I0317 14:00:14.460754 3907405 quantize_finetune_llama.py:232] computed original embedding for layer 12 in 0.943366527557373s
I0317 14:00:17.949426 3910901 config.py:54] PyTorch version 2.6.0 available.
W0317 14:00:18.302464 3910901 warnings.py:109] /opt/conda/lib/python3.10/site-packages/torchvision/io/image.py:13: UserWarning: Failed to load image Python extension: '/opt/conda/lib/python3.10/site-packages/torchvision/image.so: undefined symbol: _ZN3c1017RegisterOperatorsD1Ev'If you don't plan on using image functionality from `torchvision.io`, you can ignore this warning. Otherwise, there might be something wrong with your environment. Did you have `libjpeg` or `libpng` installed before building `torchvision` from source?
  warn(

W0317 14:00:19.346453 3910901 warnings.py:109] /opt/conda/lib/python3.10/site-packages/compressai/models/video/google.py:353: FutureWarning: `torch.cuda.amp.autocast(args...)` is deprecated. Please use `torch.amp.autocast('cuda', args...)` instead.
  @amp.autocast(enabled=False)

I0317 14:00:19.350736 3907405 quantize_finetune_llama.py:201] layer 13 gpu 1
I0317 14:00:19.508820 3910901 data_utils.py:336] using 256 training seqs, 128 validation seqs
10_v proxy err 0.002647870685905218 tr(WHW.T) 578.807373046875
10_q proxy err 0.00024009952903725207 tr(WHW.T) 6915.87109375
10_k proxy err 0.00015764027193654329 tr(WHW.T) 10996.2431640625
10_o proxy err 0.003152313409373164 tr(WHW.T) 35.184165954589844
10_up proxy err 0.0012130331015214324 tr(WHW.T) 1080.198486328125
10_gate proxy err 0.0005901274271309376 tr(WHW.T) 2260.88330078125
10_down proxy err 0.0016415959689766169 tr(WHW.T) 52.33584976196289
I0317 14:00:27.851997 3907405 quantize_finetune_llama.py:232] computed original embedding for layer 13 in 0.9769530296325684s
I0317 14:00:31.599370 3911127 config.py:54] PyTorch version 2.6.0 available.
W0317 14:00:31.933619 3911127 warnings.py:109] /opt/conda/lib/python3.10/site-packages/torchvision/io/image.py:13: UserWarning: Failed to load image Python extension: '/opt/conda/lib/python3.10/site-packages/torchvision/image.so: undefined symbol: _ZN3c1017RegisterOperatorsD1Ev'If you don't plan on using image functionality from `torchvision.io`, you can ignore this warning. Otherwise, there might be something wrong with your environment. Did you have `libjpeg` or `libpng` installed before building `torchvision` from source?
  warn(

W0317 14:00:32.918247 3911127 warnings.py:109] /opt/conda/lib/python3.10/site-packages/compressai/models/video/google.py:353: FutureWarning: `torch.cuda.amp.autocast(args...)` is deprecated. Please use `torch.amp.autocast('cuda', args...)` instead.
  @amp.autocast(enabled=False)

I0317 14:00:32.922330 3907405 quantize_finetune_llama.py:201] layer 14 gpu 2
I0317 14:00:33.143927 3911127 data_utils.py:336] using 256 training seqs, 128 validation seqs
11_v proxy err 0.002482958137989044 tr(WHW.T) 723.1956176757812
11_q proxy err 0.00027498864801600575 tr(WHW.T) 7027.10986328125
11_k proxy err 0.00018806761363521218 tr(WHW.T) 10511.23046875
11_o proxy err 0.0031629586592316628 tr(WHW.T) 36.654052734375
11_up proxy err 0.0012341447873041034 tr(WHW.T) 1139.6044921875
11_gate proxy err 0.0005975577514618635 tr(WHW.T) 2392.716552734375
11_down proxy err 0.0016798354918137193 tr(WHW.T) 56.13530731201172
I0317 14:00:40.934234 3907405 quantize_finetune_llama.py:232] computed original embedding for layer 14 in 1.0064435005187988s
I0317 14:00:44.738528 3911318 config.py:54] PyTorch version 2.6.0 available.
W0317 14:00:45.069132 3911318 warnings.py:109] /opt/conda/lib/python3.10/site-packages/torchvision/io/image.py:13: UserWarning: Failed to load image Python extension: '/opt/conda/lib/python3.10/site-packages/torchvision/image.so: undefined symbol: _ZN3c1017RegisterOperatorsD1Ev'If you don't plan on using image functionality from `torchvision.io`, you can ignore this warning. Otherwise, there might be something wrong with your environment. Did you have `libjpeg` or `libpng` installed before building `torchvision` from source?
  warn(

W0317 14:00:46.037409 3911318 warnings.py:109] /opt/conda/lib/python3.10/site-packages/compressai/models/video/google.py:353: FutureWarning: `torch.cuda.amp.autocast(args...)` is deprecated. Please use `torch.amp.autocast('cuda', args...)` instead.
  @amp.autocast(enabled=False)

I0317 14:00:46.041791 3907405 quantize_finetune_llama.py:201] layer 15 gpu 3
I0317 14:00:46.255346 3911318 data_utils.py:336] using 256 training seqs, 128 validation seqs
I0317 14:00:47.615494 3907405 quantize_finetune_llama.py:232] computed original embedding for layer 15 in 1.0873019695281982s
I0317 14:00:51.585389 3911451 config.py:54] PyTorch version 2.6.0 available.
W0317 14:00:51.936646 3911451 warnings.py:109] /opt/conda/lib/python3.10/site-packages/torchvision/io/image.py:13: UserWarning: Failed to load image Python extension: '/opt/conda/lib/python3.10/site-packages/torchvision/image.so: undefined symbol: _ZN3c1017RegisterOperatorsD1Ev'If you don't plan on using image functionality from `torchvision.io`, you can ignore this warning. Otherwise, there might be something wrong with your environment. Did you have `libjpeg` or `libpng` installed before building `torchvision` from source?
  warn(

W0317 14:00:53.087624 3911451 warnings.py:109] /opt/conda/lib/python3.10/site-packages/compressai/models/video/google.py:353: FutureWarning: `torch.cuda.amp.autocast(args...)` is deprecated. Please use `torch.amp.autocast('cuda', args...)` instead.
  @amp.autocast(enabled=False)

I0317 14:00:53.092195 3907405 quantize_finetune_llama.py:201] layer 16 gpu 0
I0317 14:00:53.364447 3911451 data_utils.py:336] using 256 training seqs, 128 validation seqs
12_v proxy err 0.002543890615925193 tr(WHW.T) 703.318603515625
12_q proxy err 0.00027565599884837866 tr(WHW.T) 7045.6435546875
12_k proxy err 0.0001814282441046089 tr(WHW.T) 10893.65625
12_o proxy err 0.0032230152282863855 tr(WHW.T) 39.29071044921875
12_up proxy err 0.001221298472955823 tr(WHW.T) 1228.298583984375
12_gate proxy err 0.0006374162621796131 tr(WHW.T) 2381.994873046875
12_down proxy err 0.0016764611937105656 tr(WHW.T) 64.17745208740234
13_v proxy err 0.0025114796590059996 tr(WHW.T) 714.5677490234375
13_q proxy err 0.00027597538428381085 tr(WHW.T) 6956.03564453125
13_k proxy err 0.0001884749362943694 tr(WHW.T) 10426.6318359375
13_o proxy err 0.002846704563125968 tr(WHW.T) 45.8377571105957
13_up proxy err 0.0011745098745450377 tr(WHW.T) 1367.6221923828125
13_gate proxy err 0.000624938344117254 tr(WHW.T) 2601.504638671875
13_down proxy err 0.0016794537659734488 tr(WHW.T) 79.3589096069336
I0317 14:01:23.068477 3907405 quantize_finetune_llama.py:232] computed original embedding for layer 16 in 0.8686518669128418s
I0317 14:01:26.853253 3911911 config.py:54] PyTorch version 2.6.0 available.
W0317 14:01:27.199367 3911911 warnings.py:109] /opt/conda/lib/python3.10/site-packages/torchvision/io/image.py:13: UserWarning: Failed to load image Python extension: '/opt/conda/lib/python3.10/site-packages/torchvision/image.so: undefined symbol: _ZN3c1017RegisterOperatorsD1Ev'If you don't plan on using image functionality from `torchvision.io`, you can ignore this warning. Otherwise, there might be something wrong with your environment. Did you have `libjpeg` or `libpng` installed before building `torchvision` from source?
  warn(

W0317 14:01:28.275504 3911911 warnings.py:109] /opt/conda/lib/python3.10/site-packages/compressai/models/video/google.py:353: FutureWarning: `torch.cuda.amp.autocast(args...)` is deprecated. Please use `torch.amp.autocast('cuda', args...)` instead.
  @amp.autocast(enabled=False)

I0317 14:01:28.280021 3907405 quantize_finetune_llama.py:201] layer 17 gpu 1
I0317 14:01:28.471448 3911911 data_utils.py:336] using 256 training seqs, 128 validation seqs
14_v proxy err 0.0026628351770341396 tr(WHW.T) 706.1612548828125
14_q proxy err 0.00028325969469733536 tr(WHW.T) 7077.06103515625
14_k proxy err 0.00018205498054157943 tr(WHW.T) 11295.16796875
14_o proxy err 0.003146071918308735 tr(WHW.T) 50.921180725097656
14_up proxy err 0.001185332308523357 tr(WHW.T) 1464.7159423828125
14_gate proxy err 0.0006546142394654453 tr(WHW.T) 2682.584716796875
14_down proxy err 0.0017164470627903938 tr(WHW.T) 90.28684997558594
I0317 14:01:36.848646 3907405 quantize_finetune_llama.py:232] computed original embedding for layer 17 in 1.233422040939331s
I0317 14:01:40.735518 3912131 config.py:54] PyTorch version 2.6.0 available.
W0317 14:01:41.070486 3912131 warnings.py:109] /opt/conda/lib/python3.10/site-packages/torchvision/io/image.py:13: UserWarning: Failed to load image Python extension: '/opt/conda/lib/python3.10/site-packages/torchvision/image.so: undefined symbol: _ZN3c1017RegisterOperatorsD1Ev'If you don't plan on using image functionality from `torchvision.io`, you can ignore this warning. Otherwise, there might be something wrong with your environment. Did you have `libjpeg` or `libpng` installed before building `torchvision` from source?
  warn(

W0317 14:01:42.092096 3912131 warnings.py:109] /opt/conda/lib/python3.10/site-packages/compressai/models/video/google.py:353: FutureWarning: `torch.cuda.amp.autocast(args...)` is deprecated. Please use `torch.amp.autocast('cuda', args...)` instead.
  @amp.autocast(enabled=False)

I0317 14:01:42.096442 3907405 quantize_finetune_llama.py:201] layer 18 gpu 2
I0317 14:01:42.279139 3912131 data_utils.py:336] using 256 training seqs, 128 validation seqs
15_v proxy err 0.0024203541688621044 tr(WHW.T) 762.7275390625
15_q proxy err 0.000273281242698431 tr(WHW.T) 7252.0009765625
15_k proxy err 0.00018321536481380463 tr(WHW.T) 11072.3974609375
15_o proxy err 0.0026683369651436806 tr(WHW.T) 59.61664962768555
15_up proxy err 0.0011554736411198974 tr(WHW.T) 1641.0228271484375
15_gate proxy err 0.0006600688793696463 tr(WHW.T) 2905.140380859375
15_down proxy err 0.0017154866363853216 tr(WHW.T) 114.09001922607422
I0317 14:01:45.378970 3907405 quantize_finetune_llama.py:232] computed original embedding for layer 18 in 0.9456446170806885s
I0317 14:01:49.241600 3912275 config.py:54] PyTorch version 2.6.0 available.
W0317 14:01:49.601313 3912275 warnings.py:109] /opt/conda/lib/python3.10/site-packages/torchvision/io/image.py:13: UserWarning: Failed to load image Python extension: '/opt/conda/lib/python3.10/site-packages/torchvision/image.so: undefined symbol: _ZN3c1017RegisterOperatorsD1Ev'If you don't plan on using image functionality from `torchvision.io`, you can ignore this warning. Otherwise, there might be something wrong with your environment. Did you have `libjpeg` or `libpng` installed before building `torchvision` from source?
  warn(

W0317 14:01:50.651765 3912275 warnings.py:109] /opt/conda/lib/python3.10/site-packages/compressai/models/video/google.py:353: FutureWarning: `torch.cuda.amp.autocast(args...)` is deprecated. Please use `torch.amp.autocast('cuda', args...)` instead.
  @amp.autocast(enabled=False)

I0317 14:01:50.656004 3907405 quantize_finetune_llama.py:201] layer 19 gpu 3
I0317 14:01:50.843734 3912275 data_utils.py:336] using 256 training seqs, 128 validation seqs
I0317 14:01:52.174005 3907405 quantize_finetune_llama.py:232] computed original embedding for layer 19 in 1.05368971824646s
I0317 14:01:55.981970 3912406 config.py:54] PyTorch version 2.6.0 available.
W0317 14:01:56.355941 3912406 warnings.py:109] /opt/conda/lib/python3.10/site-packages/torchvision/io/image.py:13: UserWarning: Failed to load image Python extension: '/opt/conda/lib/python3.10/site-packages/torchvision/image.so: undefined symbol: _ZN3c1017RegisterOperatorsD1Ev'If you don't plan on using image functionality from `torchvision.io`, you can ignore this warning. Otherwise, there might be something wrong with your environment. Did you have `libjpeg` or `libpng` installed before building `torchvision` from source?
  warn(

W0317 14:01:57.408341 3912406 warnings.py:109] /opt/conda/lib/python3.10/site-packages/compressai/models/video/google.py:353: FutureWarning: `torch.cuda.amp.autocast(args...)` is deprecated. Please use `torch.amp.autocast('cuda', args...)` instead.
  @amp.autocast(enabled=False)

I0317 14:01:57.412401 3907405 quantize_finetune_llama.py:201] layer 20 gpu 0
I0317 14:01:57.608538 3912406 data_utils.py:336] using 256 training seqs, 128 validation seqs
16_v proxy err 0.0024343817494809628 tr(WHW.T) 780.7407836914062
16_q proxy err 0.0002814886101987213 tr(WHW.T) 7193.3974609375
16_k proxy err 0.00017886188288684934 tr(WHW.T) 11630.361328125
16_o proxy err 0.0020765885710716248 tr(WHW.T) 88.22785186767578
16_up proxy err 0.001130304066464305 tr(WHW.T) 1890.9385986328125
16_gate proxy err 0.0006420788704417646 tr(WHW.T) 3369.859130859375
16_down proxy err 0.0017395042814314365 tr(WHW.T) 152.0294952392578
17_v proxy err 0.0022919252514839172 tr(WHW.T) 845.7654418945312
17_q proxy err 0.0002866048307623714 tr(WHW.T) 7163.2734375
17_k proxy err 0.00019592474563978612 tr(WHW.T) 10697.431640625
17_o proxy err 0.0022684098221361637 tr(WHW.T) 58.14826965332031
17_up proxy err 0.0012311736354604363 tr(WHW.T) 1921.07861328125
17_gate proxy err 0.0006700443336740136 tr(WHW.T) 3571.31640625
17_down proxy err 0.001722828601486981 tr(WHW.T) 165.43495178222656
I0317 14:02:32.452455 3907405 quantize_finetune_llama.py:232] computed original embedding for layer 20 in 1.047497034072876s
I0317 14:02:36.273466 3912878 config.py:54] PyTorch version 2.6.0 available.
W0317 14:02:36.601876 3912878 warnings.py:109] /opt/conda/lib/python3.10/site-packages/torchvision/io/image.py:13: UserWarning: Failed to load image Python extension: '/opt/conda/lib/python3.10/site-packages/torchvision/image.so: undefined symbol: _ZN3c1017RegisterOperatorsD1Ev'If you don't plan on using image functionality from `torchvision.io`, you can ignore this warning. Otherwise, there might be something wrong with your environment. Did you have `libjpeg` or `libpng` installed before building `torchvision` from source?
  warn(

W0317 14:02:37.583015 3912878 warnings.py:109] /opt/conda/lib/python3.10/site-packages/compressai/models/video/google.py:353: FutureWarning: `torch.cuda.amp.autocast(args...)` is deprecated. Please use `torch.amp.autocast('cuda', args...)` instead.
  @amp.autocast(enabled=False)

I0317 14:02:37.587128 3907405 quantize_finetune_llama.py:201] layer 21 gpu 1
I0317 14:02:37.754214 3912878 data_utils.py:336] using 256 training seqs, 128 validation seqs
18_v proxy err 0.0020897991489619017 tr(WHW.T) 1003.7705078125
18_q proxy err 0.0002957891265396029 tr(WHW.T) 7510.48046875
18_k proxy err 0.00021507340716198087 tr(WHW.T) 10462.6650390625
18_o proxy err 0.001987494295462966 tr(WHW.T) 69.96558380126953
18_up proxy err 0.0013107579434290528 tr(WHW.T) 2023.183837890625
18_gate proxy err 0.0007093020249158144 tr(WHW.T) 3783.076416015625
18_down proxy err 0.0017301389016211033 tr(WHW.T) 198.52699279785156
I0317 14:02:41.350177 3907405 quantize_finetune_llama.py:232] computed original embedding for layer 21 in 1.0346152782440186s
I0317 14:02:45.159511 3913028 config.py:54] PyTorch version 2.6.0 available.
19_v proxy err 0.0020372299477458 tr(WHW.T) 1019.1412353515625
19_q proxy err 0.00031591299921274185 tr(WHW.T) 6944.4130859375
19_k proxy err 0.00021184247452765703 tr(WHW.T) 10548.4892578125
19_o proxy err 0.0019529490964487195 tr(WHW.T) 62.291683197021484
19_up proxy err 0.0013180136447772384 tr(WHW.T) 2149.330322265625
19_gate proxy err 0.0007771036471240222 tr(WHW.T) 3687.5126953125
19_down proxy err 0.0016841102624312043 tr(WHW.T) 222.93177795410156
W0317 14:02:45.452084 3913028 warnings.py:109] /opt/conda/lib/python3.10/site-packages/torchvision/io/image.py:13: UserWarning: Failed to load image Python extension: '/opt/conda/lib/python3.10/site-packages/torchvision/image.so: undefined symbol: _ZN3c1017RegisterOperatorsD1Ev'If you don't plan on using image functionality from `torchvision.io`, you can ignore this warning. Otherwise, there might be something wrong with your environment. Did you have `libjpeg` or `libpng` installed before building `torchvision` from source?
  warn(

W0317 14:02:46.384225 3913028 warnings.py:109] /opt/conda/lib/python3.10/site-packages/compressai/models/video/google.py:353: FutureWarning: `torch.cuda.amp.autocast(args...)` is deprecated. Please use `torch.amp.autocast('cuda', args...)` instead.
  @amp.autocast(enabled=False)

I0317 14:02:46.387974 3907405 quantize_finetune_llama.py:201] layer 22 gpu 2
I0317 14:02:46.584105 3913028 data_utils.py:336] using 256 training seqs, 128 validation seqs
I0317 14:02:47.848898 3907405 quantize_finetune_llama.py:232] computed original embedding for layer 22 in 0.9654667377471924s
I0317 14:02:51.652052 3913155 config.py:54] PyTorch version 2.6.0 available.
W0317 14:02:52.013200 3913155 warnings.py:109] /opt/conda/lib/python3.10/site-packages/torchvision/io/image.py:13: UserWarning: Failed to load image Python extension: '/opt/conda/lib/python3.10/site-packages/torchvision/image.so: undefined symbol: _ZN3c1017RegisterOperatorsD1Ev'If you don't plan on using image functionality from `torchvision.io`, you can ignore this warning. Otherwise, there might be something wrong with your environment. Did you have `libjpeg` or `libpng` installed before building `torchvision` from source?
  warn(

W0317 14:02:53.022172 3913155 warnings.py:109] /opt/conda/lib/python3.10/site-packages/compressai/models/video/google.py:353: FutureWarning: `torch.cuda.amp.autocast(args...)` is deprecated. Please use `torch.amp.autocast('cuda', args...)` instead.
  @amp.autocast(enabled=False)

I0317 14:02:53.026299 3907405 quantize_finetune_llama.py:201] layer 23 gpu 3
I0317 14:02:53.240197 3913155 data_utils.py:336] using 256 training seqs, 128 validation seqs
I0317 14:02:54.698384 3907405 quantize_finetune_llama.py:232] computed original embedding for layer 23 in 1.196321725845337s
I0317 14:02:58.582055 3913280 config.py:54] PyTorch version 2.6.0 available.
W0317 14:02:58.935533 3913280 warnings.py:109] /opt/conda/lib/python3.10/site-packages/torchvision/io/image.py:13: UserWarning: Failed to load image Python extension: '/opt/conda/lib/python3.10/site-packages/torchvision/image.so: undefined symbol: _ZN3c1017RegisterOperatorsD1Ev'If you don't plan on using image functionality from `torchvision.io`, you can ignore this warning. Otherwise, there might be something wrong with your environment. Did you have `libjpeg` or `libpng` installed before building `torchvision` from source?
  warn(

W0317 14:02:59.958842 3913280 warnings.py:109] /opt/conda/lib/python3.10/site-packages/compressai/models/video/google.py:353: FutureWarning: `torch.cuda.amp.autocast(args...)` is deprecated. Please use `torch.amp.autocast('cuda', args...)` instead.
  @amp.autocast(enabled=False)

I0317 14:02:59.962940 3907405 quantize_finetune_llama.py:201] layer 24 gpu 0
I0317 14:03:00.163434 3913280 data_utils.py:336] using 256 training seqs, 128 validation seqs
20_v proxy err 0.0021078232675790787 tr(WHW.T) 990.5983276367188
20_q proxy err 0.0003084696945734322 tr(WHW.T) 7150.947265625
20_k proxy err 0.00021533991093747318 tr(WHW.T) 10386.2470703125
20_o proxy err 0.0014426085399463773 tr(WHW.T) 100.31707000732422
20_up proxy err 0.0012905111070722342 tr(WHW.T) 2340.89453125
20_gate proxy err 0.000759393151383847 tr(WHW.T) 4024.62744140625
20_down proxy err 0.001674043945968151 tr(WHW.T) 274.8815002441406
21_v proxy err 0.0020096295047551394 tr(WHW.T) 1144.5655517578125
21_q proxy err 0.00034199346555396914 tr(WHW.T) 7064.314453125
21_k proxy err 0.0002451383916195482 tr(WHW.T) 9976.4658203125
21_o proxy err 0.0015370368491858244 tr(WHW.T) 75.50972747802734
21_up proxy err 0.0013581361854448915 tr(WHW.T) 2361.650390625
21_gate proxy err 0.0008105577435344458 tr(WHW.T) 4004.37646484375
21_down proxy err 0.001675431034527719 tr(WHW.T) 276.5857849121094
I0317 14:03:36.627382 3907405 quantize_finetune_llama.py:232] computed original embedding for layer 24 in 0.9839086532592773s
I0317 14:03:40.263663 3913770 config.py:54] PyTorch version 2.6.0 available.
W0317 14:03:40.581796 3913770 warnings.py:109] /opt/conda/lib/python3.10/site-packages/torchvision/io/image.py:13: UserWarning: Failed to load image Python extension: '/opt/conda/lib/python3.10/site-packages/torchvision/image.so: undefined symbol: _ZN3c1017RegisterOperatorsD1Ev'If you don't plan on using image functionality from `torchvision.io`, you can ignore this warning. Otherwise, there might be something wrong with your environment. Did you have `libjpeg` or `libpng` installed before building `torchvision` from source?
  warn(

22_v proxy err 0.0019239782122895122 tr(WHW.T) 1243.2529296875
22_q proxy err 0.0003237923374399543 tr(WHW.T) 7746.84765625
22_k proxy err 0.00023945239081513137 tr(WHW.T) 10603.2041015625
22_o proxy err 0.001296798698604107 tr(WHW.T) 114.30065155029297
22_up proxy err 0.0013667369494214654 tr(WHW.T) 2474.510498046875
22_gate proxy err 0.0008237650035880506 tr(WHW.T) 4156.64013671875
22_down proxy err 0.0016666102455928922 tr(WHW.T) 311.8800048828125
W0317 14:03:41.554918 3913770 warnings.py:109] /opt/conda/lib/python3.10/site-packages/compressai/models/video/google.py:353: FutureWarning: `torch.cuda.amp.autocast(args...)` is deprecated. Please use `torch.amp.autocast('cuda', args...)` instead.
  @amp.autocast(enabled=False)

I0317 14:03:41.558950 3907405 quantize_finetune_llama.py:201] layer 25 gpu 1
I0317 14:03:41.728655 3913770 data_utils.py:336] using 256 training seqs, 128 validation seqs
I0317 14:03:43.718502 3907405 quantize_finetune_llama.py:232] computed original embedding for layer 25 in 0.9783697128295898s
I0317 14:03:47.521031 3913896 config.py:54] PyTorch version 2.6.0 available.
W0317 14:03:47.857634 3913896 warnings.py:109] /opt/conda/lib/python3.10/site-packages/torchvision/io/image.py:13: UserWarning: Failed to load image Python extension: '/opt/conda/lib/python3.10/site-packages/torchvision/image.so: undefined symbol: _ZN3c1017RegisterOperatorsD1Ev'If you don't plan on using image functionality from `torchvision.io`, you can ignore this warning. Otherwise, there might be something wrong with your environment. Did you have `libjpeg` or `libpng` installed before building `torchvision` from source?
  warn(

23_v proxy err 0.0017427182756364346 tr(WHW.T) 1486.037353515625
23_q proxy err 0.0003676008782349527 tr(WHW.T) 7346.60986328125
23_k proxy err 0.0002741343341767788 tr(WHW.T) 9982.2392578125
23_o proxy err 0.0015547375660389662 tr(WHW.T) 85.13458251953125
23_up proxy err 0.0014155582757666707 tr(WHW.T) 2533.51025390625
23_gate proxy err 0.0008846793789416552 tr(WHW.T) 4097.51953125
23_down proxy err 0.0016722696600481868 tr(WHW.T) 321.33892822265625
W0317 14:03:48.850751 3913896 warnings.py:109] /opt/conda/lib/python3.10/site-packages/compressai/models/video/google.py:353: FutureWarning: `torch.cuda.amp.autocast(args...)` is deprecated. Please use `torch.amp.autocast('cuda', args...)` instead.
  @amp.autocast(enabled=False)

I0317 14:03:48.854825 3907405 quantize_finetune_llama.py:201] layer 26 gpu 2
I0317 14:03:49.020138 3913896 data_utils.py:336] using 256 training seqs, 128 validation seqs
I0317 14:03:50.162572 3907405 quantize_finetune_llama.py:232] computed original embedding for layer 26 in 0.8493213653564453s
I0317 14:03:53.806965 3914031 config.py:54] PyTorch version 2.6.0 available.
W0317 14:03:54.112794 3914031 warnings.py:109] /opt/conda/lib/python3.10/site-packages/torchvision/io/image.py:13: UserWarning: Failed to load image Python extension: '/opt/conda/lib/python3.10/site-packages/torchvision/image.so: undefined symbol: _ZN3c1017RegisterOperatorsD1Ev'If you don't plan on using image functionality from `torchvision.io`, you can ignore this warning. Otherwise, there might be something wrong with your environment. Did you have `libjpeg` or `libpng` installed before building `torchvision` from source?
  warn(

W0317 14:03:55.049183 3914031 warnings.py:109] /opt/conda/lib/python3.10/site-packages/compressai/models/video/google.py:353: FutureWarning: `torch.cuda.amp.autocast(args...)` is deprecated. Please use `torch.amp.autocast('cuda', args...)` instead.
  @amp.autocast(enabled=False)

I0317 14:03:55.053333 3907405 quantize_finetune_llama.py:201] layer 27 gpu 3
I0317 14:03:55.237004 3914031 data_utils.py:336] using 256 training seqs, 128 validation seqs
I0317 14:03:56.508324 3907405 quantize_finetune_llama.py:232] computed original embedding for layer 27 in 0.9464435577392578s
I0317 14:04:00.491647 3914154 config.py:54] PyTorch version 2.6.0 available.
W0317 14:04:00.854811 3914154 warnings.py:109] /opt/conda/lib/python3.10/site-packages/torchvision/io/image.py:13: UserWarning: Failed to load image Python extension: '/opt/conda/lib/python3.10/site-packages/torchvision/image.so: undefined symbol: _ZN3c1017RegisterOperatorsD1Ev'If you don't plan on using image functionality from `torchvision.io`, you can ignore this warning. Otherwise, there might be something wrong with your environment. Did you have `libjpeg` or `libpng` installed before building `torchvision` from source?
  warn(

W0317 14:04:01.890255 3914154 warnings.py:109] /opt/conda/lib/python3.10/site-packages/compressai/models/video/google.py:353: FutureWarning: `torch.cuda.amp.autocast(args...)` is deprecated. Please use `torch.amp.autocast('cuda', args...)` instead.
  @amp.autocast(enabled=False)

I0317 14:04:01.894808 3907405 quantize_finetune_llama.py:201] layer 28 gpu 0
I0317 14:04:02.072537 3914154 data_utils.py:336] using 256 training seqs, 128 validation seqs
24_v proxy err 0.001841201912611723 tr(WHW.T) 1394.900634765625
24_q proxy err 0.00037994165904819965 tr(WHW.T) 7020.447265625
24_k proxy err 0.00026281215832568705 tr(WHW.T) 10323.43359375
24_o proxy err 0.0012330823810771108 tr(WHW.T) 133.98797607421875
24_up proxy err 0.001434361794963479 tr(WHW.T) 2621.76513671875
24_gate proxy err 0.0008915397920645773 tr(WHW.T) 4262.74853515625
24_down proxy err 0.0016800645971670747 tr(WHW.T) 340.22412109375
25_v proxy err 0.0016650630859658122 tr(WHW.T) 1707.664794921875
25_q proxy err 0.00040806501056067646 tr(WHW.T) 7162.16357421875
25_k proxy err 0.0003089487727265805 tr(WHW.T) 9611.58984375
25_o proxy err 0.0014609050704166293 tr(WHW.T) 83.535888671875
25_up proxy err 0.0014250259846448898 tr(WHW.T) 2805.728515625
25_gate proxy err 0.0008669561939314008 tr(WHW.T) 4666.4404296875
25_down proxy err 0.0016687680035829544 tr(WHW.T) 373.460693359375
I0317 14:04:38.766060 3907405 quantize_finetune_llama.py:232] computed original embedding for layer 28 in 0.9511425495147705s
I0317 14:04:42.590978 3914635 config.py:54] PyTorch version 2.6.0 available.
W0317 14:04:42.913489 3914635 warnings.py:109] /opt/conda/lib/python3.10/site-packages/torchvision/io/image.py:13: UserWarning: Failed to load image Python extension: '/opt/conda/lib/python3.10/site-packages/torchvision/image.so: undefined symbol: _ZN3c1017RegisterOperatorsD1Ev'If you don't plan on using image functionality from `torchvision.io`, you can ignore this warning. Otherwise, there might be something wrong with your environment. Did you have `libjpeg` or `libpng` installed before building `torchvision` from source?
  warn(

26_v proxy err 0.0016683872090652585 tr(WHW.T) 1668.8843994140625
26_q proxy err 0.00038419614429585636 tr(WHW.T) 7469.98291015625
26_k proxy err 0.00027850293554365635 tr(WHW.T) 10487.8740234375
26_o proxy err 0.0010110188741236925 tr(WHW.T) 202.88172912597656
26_up proxy err 0.0013391925022006035 tr(WHW.T) 3154.75146484375
26_gate proxy err 0.0008057060185819864 tr(WHW.T) 5302.16455078125
26_down proxy err 0.0017136014066636562 tr(WHW.T) 401.19390869140625
W0317 14:04:43.915751 3914635 warnings.py:109] /opt/conda/lib/python3.10/site-packages/compressai/models/video/google.py:353: FutureWarning: `torch.cuda.amp.autocast(args...)` is deprecated. Please use `torch.amp.autocast('cuda', args...)` instead.
  @amp.autocast(enabled=False)

I0317 14:04:43.919924 3907405 quantize_finetune_llama.py:201] layer 29 gpu 1
I0317 14:04:44.084965 3914635 data_utils.py:336] using 256 training seqs, 128 validation seqs
I0317 14:04:45.490358 3907405 quantize_finetune_llama.py:232] computed original embedding for layer 29 in 1.101722002029419s
I0317 14:04:49.324688 3914756 config.py:54] PyTorch version 2.6.0 available.
W0317 14:04:49.645456 3914756 warnings.py:109] /opt/conda/lib/python3.10/site-packages/torchvision/io/image.py:13: UserWarning: Failed to load image Python extension: '/opt/conda/lib/python3.10/site-packages/torchvision/image.so: undefined symbol: _ZN3c1017RegisterOperatorsD1Ev'If you don't plan on using image functionality from `torchvision.io`, you can ignore this warning. Otherwise, there might be something wrong with your environment. Did you have `libjpeg` or `libpng` installed before building `torchvision` from source?
  warn(

27_v proxy err 0.0015162091003730893 tr(WHW.T) 1799.3350830078125
27_q proxy err 0.0003672138263937086 tr(WHW.T) 7691.708984375
27_k proxy err 0.0002678015152923763 tr(WHW.T) 10618.70703125
27_o proxy err 0.0013659223914146423 tr(WHW.T) 126.13690185546875
27_up proxy err 0.0012216855539008975 tr(WHW.T) 3691.557861328125
27_gate proxy err 0.0007612259942106903 tr(WHW.T) 5990.82568359375
27_down proxy err 0.001752998330630362 tr(WHW.T) 466.9318542480469
W0317 14:04:50.612454 3914756 warnings.py:109] /opt/conda/lib/python3.10/site-packages/compressai/models/video/google.py:353: FutureWarning: `torch.cuda.amp.autocast(args...)` is deprecated. Please use `torch.amp.autocast('cuda', args...)` instead.
  @amp.autocast(enabled=False)

I0317 14:04:50.616640 3907405 quantize_finetune_llama.py:201] layer 30 gpu 2
I0317 14:04:50.874926 3914756 data_utils.py:336] using 256 training seqs, 128 validation seqs
I0317 14:04:51.963801 3907405 quantize_finetune_llama.py:232] computed original embedding for layer 30 in 0.8815875053405762s
I0317 14:04:55.734945 3914876 config.py:54] PyTorch version 2.6.0 available.
W0317 14:04:56.061043 3914876 warnings.py:109] /opt/conda/lib/python3.10/site-packages/torchvision/io/image.py:13: UserWarning: Failed to load image Python extension: '/opt/conda/lib/python3.10/site-packages/torchvision/image.so: undefined symbol: _ZN3c1017RegisterOperatorsD1Ev'If you don't plan on using image functionality from `torchvision.io`, you can ignore this warning. Otherwise, there might be something wrong with your environment. Did you have `libjpeg` or `libpng` installed before building `torchvision` from source?
  warn(

W0317 14:04:57.037215 3914876 warnings.py:109] /opt/conda/lib/python3.10/site-packages/compressai/models/video/google.py:353: FutureWarning: `torch.cuda.amp.autocast(args...)` is deprecated. Please use `torch.amp.autocast('cuda', args...)` instead.
  @amp.autocast(enabled=False)

I0317 14:04:57.041419 3907405 quantize_finetune_llama.py:201] layer 31 gpu 3
I0317 14:04:57.202006 3914876 data_utils.py:336] using 256 training seqs, 128 validation seqs
I0317 14:04:58.478673 3907405 quantize_finetune_llama.py:232] computed original embedding for layer 31 in 0.9413149356842041s
I0317 14:05:02.403253 3915016 config.py:54] PyTorch version 2.6.0 available.
W0317 14:05:02.766431 3915016 warnings.py:109] /opt/conda/lib/python3.10/site-packages/torchvision/io/image.py:13: UserWarning: Failed to load image Python extension: '/opt/conda/lib/python3.10/site-packages/torchvision/image.so: undefined symbol: _ZN3c1017RegisterOperatorsD1Ev'If you don't plan on using image functionality from `torchvision.io`, you can ignore this warning. Otherwise, there might be something wrong with your environment. Did you have `libjpeg` or `libpng` installed before building `torchvision` from source?
  warn(

W0317 14:05:03.865436 3915016 warnings.py:109] /opt/conda/lib/python3.10/site-packages/compressai/models/video/google.py:353: FutureWarning: `torch.cuda.amp.autocast(args...)` is deprecated. Please use `torch.amp.autocast('cuda', args...)` instead.
  @amp.autocast(enabled=False)

I0317 14:05:04.071354 3915016 data_utils.py:336] using 256 training seqs, 128 validation seqs
28_v proxy err 0.0014033544575795531 tr(WHW.T) 2018.944091796875
28_q proxy err 0.00038164600846357644 tr(WHW.T) 7651.126953125
28_k proxy err 0.0002806399133987725 tr(WHW.T) 10544.8251953125
28_o proxy err 0.0011213055113330483 tr(WHW.T) 194.8240966796875
28_up proxy err 0.0010223655262961984 tr(WHW.T) 4661.2666015625
28_gate proxy err 0.0007347201462835073 tr(WHW.T) 6547.48193359375
28_down proxy err 0.0017636882839724422 tr(WHW.T) 603.8403930664062
29_v proxy err 0.0014832706656306982 tr(WHW.T) 1801.7730712890625
29_q proxy err 0.0003815234813373536 tr(WHW.T) 7227.0009765625
29_k proxy err 0.0002645151980686933 tr(WHW.T) 10558.609375
29_o proxy err 0.0009446584153920412 tr(WHW.T) 207.9054412841797
29_up proxy err 0.0008178328862413764 tr(WHW.T) 6070.0498046875
29_gate proxy err 0.0006778292008675635 tr(WHW.T) 7369.6142578125
29_down proxy err 0.00178955786395818 tr(WHW.T) 782.2448120117188
30_v proxy err 0.001216132310219109 tr(WHW.T) 2261.489501953125
30_q proxy err 0.00036165033816359937 tr(WHW.T) 7815.9453125
30_k proxy err 0.0002727174723986536 tr(WHW.T) 10521.625
30_o proxy err 0.0009852092480286956 tr(WHW.T) 251.96908569335938
30_up proxy err 0.0005050965119153261 tr(WHW.T) 10016.376953125
30_gate proxy err 0.00046266737626865506 tr(WHW.T) 11001.119140625
30_down proxy err 0.0010390065144747496 tr(WHW.T) 3582.617919921875
31_v proxy err 0.0014663190813735127 tr(WHW.T) 1268.2034912109375
31_q proxy err 0.0002844326081685722 tr(WHW.T) 6858.09130859375
31_k proxy err 0.00019555538892745972 tr(WHW.T) 10233.677734375
31_o proxy err 0.0007640846306458116 tr(WHW.T) 457.7950744628906
31_up proxy err 0.0002909370232373476 tr(WHW.T) 14563.890625
31_gate proxy err 0.00028697107336483896 tr(WHW.T) 14836.2939453125
31_down proxy err 0.0007287233020178974 tr(WHW.T) 17873.55859375
