I0317 14:07:48.314863 3917007 config.py:54] PyTorch version 2.6.0 available.
W0317 14:07:48.606215 3917007 warnings.py:109] /opt/conda/lib/python3.10/site-packages/torchvision/io/image.py:13: UserWarning: Failed to load image Python extension: '/opt/conda/lib/python3.10/site-packages/torchvision/image.so: undefined symbol: _ZN3c1017RegisterOperatorsD1Ev'If you don't plan on using image functionality from `torchvision.io`, you can ignore this warning. Otherwise, there might be something wrong with your environment. Did you have `libjpeg` or `libpng` installed before building `torchvision` from source?
  warn(

W0317 14:07:49.480197 3917007 warnings.py:109] /opt/conda/lib/python3.10/site-packages/compressai/models/video/google.py:353: FutureWarning: `torch.cuda.amp.autocast(args...)` is deprecated. Please use `torch.amp.autocast('cuda', args...)` instead.
  @amp.autocast(enabled=False)

Loading checkpoint shards:   0%|          | 0/6 [00:00<?, ?it/s]Loading checkpoint shards:  17%|█▋        | 1/6 [00:00<00:00,  7.22it/s]Loading checkpoint shards:  33%|███▎      | 2/6 [00:00<00:00,  7.82it/s]Loading checkpoint shards:  50%|█████     | 3/6 [00:00<00:00,  8.10it/s]Loading checkpoint shards:  67%|██████▋   | 4/6 [00:00<00:00,  8.23it/s]Loading checkpoint shards:  83%|████████▎ | 5/6 [00:00<00:00,  8.31it/s]Loading checkpoint shards: 100%|██████████| 6/6 [00:00<00:00,  8.15it/s]Loading checkpoint shards: 100%|██████████| 6/6 [00:00<00:00,  8.09it/s]
I0317 14:07:50.424086 3917007 quantize_finetune_llama.py:144] loaded model
I0317 14:07:50.629018 3917007 quantize_finetune_llama.py:177] loaded compression model
I0317 14:08:05.110843 3917007 quantize_finetune_llama.py:181] loaded dataset and devset
I0317 14:08:10.248301 3917007 quantize_finetune_llama.py:201] layer 0 gpu 0
I0317 14:08:12.445956 3917007 quantize_finetune_llama.py:232] computed original embedding for layer 0 in 2.0423667430877686s
huggingface/tokenizers: The current process just got forked, after parallelism has already been used. Disabling parallelism to avoid deadlocks...
To disable this warning, you can either:
	- Avoid using `tokenizers` before the fork if possible
	- Explicitly set the environment variable TOKENIZERS_PARALLELISM=(true | false)
I0317 14:08:24.083257 3917593 config.py:54] PyTorch version 2.6.0 available.
W0317 14:08:24.367193 3917593 warnings.py:109] /opt/conda/lib/python3.10/site-packages/torchvision/io/image.py:13: UserWarning: Failed to load image Python extension: '/opt/conda/lib/python3.10/site-packages/torchvision/image.so: undefined symbol: _ZN3c1017RegisterOperatorsD1Ev'If you don't plan on using image functionality from `torchvision.io`, you can ignore this warning. Otherwise, there might be something wrong with your environment. Did you have `libjpeg` or `libpng` installed before building `torchvision` from source?
  warn(

W0317 14:08:25.249843 3917593 warnings.py:109] /opt/conda/lib/python3.10/site-packages/compressai/models/video/google.py:353: FutureWarning: `torch.cuda.amp.autocast(args...)` is deprecated. Please use `torch.amp.autocast('cuda', args...)` instead.
  @amp.autocast(enabled=False)

I0317 14:08:25.253778 3917007 quantize_finetune_llama.py:201] layer 1 gpu 1
I0317 14:08:25.412781 3917593 data_utils.py:336] using 256 training seqs, 128 validation seqs
I0317 14:08:27.640346 3917007 quantize_finetune_llama.py:232] computed original embedding for layer 1 in 2.2316126823425293s
I0317 14:08:31.123949 3917725 config.py:54] PyTorch version 2.6.0 available.
W0317 14:08:31.434423 3917725 warnings.py:109] /opt/conda/lib/python3.10/site-packages/torchvision/io/image.py:13: UserWarning: Failed to load image Python extension: '/opt/conda/lib/python3.10/site-packages/torchvision/image.so: undefined symbol: _ZN3c1017RegisterOperatorsD1Ev'If you don't plan on using image functionality from `torchvision.io`, you can ignore this warning. Otherwise, there might be something wrong with your environment. Did you have `libjpeg` or `libpng` installed before building `torchvision` from source?
  warn(

W0317 14:08:32.395131 3917725 warnings.py:109] /opt/conda/lib/python3.10/site-packages/compressai/models/video/google.py:353: FutureWarning: `torch.cuda.amp.autocast(args...)` is deprecated. Please use `torch.amp.autocast('cuda', args...)` instead.
  @amp.autocast(enabled=False)

I0317 14:08:32.399108 3917007 quantize_finetune_llama.py:201] layer 2 gpu 2
I0317 14:08:32.564519 3917725 data_utils.py:336] using 256 training seqs, 128 validation seqs
I0317 14:08:34.835385 3917007 quantize_finetune_llama.py:232] computed original embedding for layer 2 in 2.288341522216797s
I0317 14:08:38.613892 3917873 config.py:54] PyTorch version 2.6.0 available.
W0317 14:08:38.971342 3917873 warnings.py:109] /opt/conda/lib/python3.10/site-packages/torchvision/io/image.py:13: UserWarning: Failed to load image Python extension: '/opt/conda/lib/python3.10/site-packages/torchvision/image.so: undefined symbol: _ZN3c1017RegisterOperatorsD1Ev'If you don't plan on using image functionality from `torchvision.io`, you can ignore this warning. Otherwise, there might be something wrong with your environment. Did you have `libjpeg` or `libpng` installed before building `torchvision` from source?
  warn(

W0317 14:08:39.972682 3917873 warnings.py:109] /opt/conda/lib/python3.10/site-packages/compressai/models/video/google.py:353: FutureWarning: `torch.cuda.amp.autocast(args...)` is deprecated. Please use `torch.amp.autocast('cuda', args...)` instead.
  @amp.autocast(enabled=False)

I0317 14:08:39.976949 3917007 quantize_finetune_llama.py:201] layer 3 gpu 3
I0317 14:08:40.579971 3917873 data_utils.py:336] using 256 training seqs, 128 validation seqs
I0317 14:08:42.859601 3917007 quantize_finetune_llama.py:232] computed original embedding for layer 3 in 2.7391209602355957s
I0317 14:08:46.788845 3918016 config.py:54] PyTorch version 2.6.0 available.
W0317 14:08:47.149851 3918016 warnings.py:109] /opt/conda/lib/python3.10/site-packages/torchvision/io/image.py:13: UserWarning: Failed to load image Python extension: '/opt/conda/lib/python3.10/site-packages/torchvision/image.so: undefined symbol: _ZN3c1017RegisterOperatorsD1Ev'If you don't plan on using image functionality from `torchvision.io`, you can ignore this warning. Otherwise, there might be something wrong with your environment. Did you have `libjpeg` or `libpng` installed before building `torchvision` from source?
  warn(

W0317 14:08:48.264513 3918016 warnings.py:109] /opt/conda/lib/python3.10/site-packages/compressai/models/video/google.py:353: FutureWarning: `torch.cuda.amp.autocast(args...)` is deprecated. Please use `torch.amp.autocast('cuda', args...)` instead.
  @amp.autocast(enabled=False)

I0317 14:08:48.268963 3917007 quantize_finetune_llama.py:201] layer 4 gpu 0
I0317 14:08:48.471056 3918016 data_utils.py:336] using 256 training seqs, 128 validation seqs
0_v proxy err 0.006387304048985243 tr(WHW.T) 4.225186347961426
0_q proxy err 1.8498349163564853e-05 tr(WHW.T) 2710.363037109375
0_k proxy err 2.3715603674645536e-05 tr(WHW.T) 1698.7349853515625
0_o proxy err 0.0004200691182631999 tr(WHW.T) 0.9668058156967163
0_up proxy err 0.0007273553055711091 tr(WHW.T) 43.27138900756836
0_gate proxy err 0.0004987271968275309 tr(WHW.T) 63.47430419921875
0_down proxy err 0.0004914541495963931 tr(WHW.T) 0.656814694404602
1_v proxy err 0.009452012367546558 tr(WHW.T) 16.465883255004883
1_q proxy err 3.947124059777707e-05 tr(WHW.T) 4778.43994140625
1_k proxy err 3.7864123441977426e-05 tr(WHW.T) 4995.39208984375
1_o proxy err 0.0016064210794866085 tr(WHW.T) 1.1115814447402954
1_up proxy err 0.0007512939628213644 tr(WHW.T) 109.66383361816406
1_gate proxy err 0.00037609218270517886 tr(WHW.T) 221.3038787841797
1_down proxy err 0.00043435656698420644 tr(WHW.T) 2041.4736328125
I0317 14:09:21.548550 3917007 quantize_finetune_llama.py:232] computed original embedding for layer 4 in 0.9848165512084961s
I0317 14:09:25.507958 3918515 config.py:54] PyTorch version 2.6.0 available.
W0317 14:09:25.866918 3918515 warnings.py:109] /opt/conda/lib/python3.10/site-packages/torchvision/io/image.py:13: UserWarning: Failed to load image Python extension: '/opt/conda/lib/python3.10/site-packages/torchvision/image.so: undefined symbol: _ZN3c1017RegisterOperatorsD1Ev'If you don't plan on using image functionality from `torchvision.io`, you can ignore this warning. Otherwise, there might be something wrong with your environment. Did you have `libjpeg` or `libpng` installed before building `torchvision` from source?
  warn(

W0317 14:09:26.878686 3918515 warnings.py:109] /opt/conda/lib/python3.10/site-packages/compressai/models/video/google.py:353: FutureWarning: `torch.cuda.amp.autocast(args...)` is deprecated. Please use `torch.amp.autocast('cuda', args...)` instead.
  @amp.autocast(enabled=False)

I0317 14:09:26.882995 3917007 quantize_finetune_llama.py:201] layer 5 gpu 1
I0317 14:09:27.073449 3918515 data_utils.py:336] using 256 training seqs, 128 validation seqs
2_v proxy err 0.0022896176669746637 tr(WHW.T) 136.67332458496094
2_q proxy err 4.769677616422996e-05 tr(WHW.T) 7752.85205078125
2_k proxy err 3.7447964132297784e-05 tr(WHW.T) 10205.837890625
2_o proxy err 0.0012178396573290229 tr(WHW.T) 1.4603197574615479
2_up proxy err 0.0008726954692974687 tr(WHW.T) 193.43603515625
2_gate proxy err 0.0005537355900742114 tr(WHW.T) 306.6622619628906
2_down proxy err 0.0010056061437353492 tr(WHW.T) 3.010739803314209
I0317 14:09:30.440090 3917007 quantize_finetune_llama.py:232] computed original embedding for layer 5 in 0.9391357898712158s
I0317 14:09:34.048277 3918676 config.py:54] PyTorch version 2.6.0 available.
W0317 14:09:34.360178 3918676 warnings.py:109] /opt/conda/lib/python3.10/site-packages/torchvision/io/image.py:13: UserWarning: Failed to load image Python extension: '/opt/conda/lib/python3.10/site-packages/torchvision/image.so: undefined symbol: _ZN3c1017RegisterOperatorsD1Ev'If you don't plan on using image functionality from `torchvision.io`, you can ignore this warning. Otherwise, there might be something wrong with your environment. Did you have `libjpeg` or `libpng` installed before building `torchvision` from source?
  warn(

W0317 14:09:35.325060 3918676 warnings.py:109] /opt/conda/lib/python3.10/site-packages/compressai/models/video/google.py:353: FutureWarning: `torch.cuda.amp.autocast(args...)` is deprecated. Please use `torch.amp.autocast('cuda', args...)` instead.
  @amp.autocast(enabled=False)

I0317 14:09:35.329058 3917007 quantize_finetune_llama.py:201] layer 6 gpu 2
I0317 14:09:35.545076 3918676 data_utils.py:336] using 256 training seqs, 128 validation seqs
3_v proxy err 0.002176326932385564 tr(WHW.T) 284.77557373046875
3_q proxy err 9.193498408421874e-05 tr(WHW.T) 7217.63720703125
3_k proxy err 6.761905387975276e-05 tr(WHW.T) 10074.73828125
3_o proxy err 0.0012215247843414545 tr(WHW.T) 3.3527450561523438
3_up proxy err 0.000994174974039197 tr(WHW.T) 284.7950744628906
3_gate proxy err 0.0005954715306870639 tr(WHW.T) 478.13714599609375
3_down proxy err 0.0010265640448778868 tr(WHW.T) 6.133229732513428
I0317 14:09:43.619227 3917007 quantize_finetune_llama.py:232] computed original embedding for layer 6 in 0.8588097095489502s
I0317 14:09:47.371797 3918875 config.py:54] PyTorch version 2.6.0 available.
W0317 14:09:47.714783 3918875 warnings.py:109] /opt/conda/lib/python3.10/site-packages/torchvision/io/image.py:13: UserWarning: Failed to load image Python extension: '/opt/conda/lib/python3.10/site-packages/torchvision/image.so: undefined symbol: _ZN3c1017RegisterOperatorsD1Ev'If you don't plan on using image functionality from `torchvision.io`, you can ignore this warning. Otherwise, there might be something wrong with your environment. Did you have `libjpeg` or `libpng` installed before building `torchvision` from source?
  warn(

W0317 14:09:48.721609 3918875 warnings.py:109] /opt/conda/lib/python3.10/site-packages/compressai/models/video/google.py:353: FutureWarning: `torch.cuda.amp.autocast(args...)` is deprecated. Please use `torch.amp.autocast('cuda', args...)` instead.
  @amp.autocast(enabled=False)

I0317 14:09:48.725867 3917007 quantize_finetune_llama.py:201] layer 7 gpu 3
I0317 14:09:48.914050 3918875 data_utils.py:336] using 256 training seqs, 128 validation seqs
I0317 14:09:50.155746 3917007 quantize_finetune_llama.py:232] computed original embedding for layer 7 in 0.965592622756958s
I0317 14:09:53.940184 3919007 config.py:54] PyTorch version 2.6.0 available.
W0317 14:09:54.273243 3919007 warnings.py:109] /opt/conda/lib/python3.10/site-packages/torchvision/io/image.py:13: UserWarning: Failed to load image Python extension: '/opt/conda/lib/python3.10/site-packages/torchvision/image.so: undefined symbol: _ZN3c1017RegisterOperatorsD1Ev'If you don't plan on using image functionality from `torchvision.io`, you can ignore this warning. Otherwise, there might be something wrong with your environment. Did you have `libjpeg` or `libpng` installed before building `torchvision` from source?
  warn(

W0317 14:09:55.377531 3919007 warnings.py:109] /opt/conda/lib/python3.10/site-packages/compressai/models/video/google.py:353: FutureWarning: `torch.cuda.amp.autocast(args...)` is deprecated. Please use `torch.amp.autocast('cuda', args...)` instead.
  @amp.autocast(enabled=False)

I0317 14:09:55.381891 3917007 quantize_finetune_llama.py:201] layer 8 gpu 0
I0317 14:09:55.612627 3919007 data_utils.py:336] using 256 training seqs, 128 validation seqs
4_v proxy err 0.002058099489659071 tr(WHW.T) 274.6131286621094
4_q proxy err 8.780844655120745e-05 tr(WHW.T) 6914.9892578125
4_k proxy err 6.030538133927621e-05 tr(WHW.T) 10415.33203125
4_o proxy err 0.0012074306141585112 tr(WHW.T) 5.139806270599365
4_up proxy err 0.000983307952992618 tr(WHW.T) 397.6960144042969
4_gate proxy err 0.00048016427899710834 tr(WHW.T) 821.1856689453125
4_down proxy err 0.0010315325343981385 tr(WHW.T) 11.562739372253418
5_v proxy err 0.0020377205219119787 tr(WHW.T) 298.47540283203125
5_q proxy err 9.539298480376601e-05 tr(WHW.T) 6770.97509765625
5_k proxy err 6.229519203770906e-05 tr(WHW.T) 10841.955078125
5_o proxy err 0.001704879105091095 tr(WHW.T) 7.947142601013184
5_up proxy err 0.0009645759710110724 tr(WHW.T) 506.6408386230469
5_gate proxy err 0.00044662447180598974 tr(WHW.T) 1104.867919921875
5_down proxy err 0.001086352625861764 tr(WHW.T) 15.6494779586792
I0317 14:10:24.752926 3917007 quantize_finetune_llama.py:232] computed original embedding for layer 8 in 0.9620189666748047s
I0317 14:10:28.273498 3919443 config.py:54] PyTorch version 2.6.0 available.
W0317 14:10:28.635467 3919443 warnings.py:109] /opt/conda/lib/python3.10/site-packages/torchvision/io/image.py:13: UserWarning: Failed to load image Python extension: '/opt/conda/lib/python3.10/site-packages/torchvision/image.so: undefined symbol: _ZN3c1017RegisterOperatorsD1Ev'If you don't plan on using image functionality from `torchvision.io`, you can ignore this warning. Otherwise, there might be something wrong with your environment. Did you have `libjpeg` or `libpng` installed before building `torchvision` from source?
  warn(

W0317 14:10:29.651206 3919443 warnings.py:109] /opt/conda/lib/python3.10/site-packages/compressai/models/video/google.py:353: FutureWarning: `torch.cuda.amp.autocast(args...)` is deprecated. Please use `torch.amp.autocast('cuda', args...)` instead.
  @amp.autocast(enabled=False)

I0317 14:10:29.655303 3917007 quantize_finetune_llama.py:201] layer 9 gpu 1
I0317 14:10:29.849472 3919443 data_utils.py:336] using 256 training seqs, 128 validation seqs
6_v proxy err 0.0020188731141388416 tr(WHW.T) 443.5464782714844
6_q proxy err 0.0001238050463143736 tr(WHW.T) 7576.53857421875
6_k proxy err 9.227186092175543e-05 tr(WHW.T) 10409.4033203125
6_o proxy err 0.0015896307304501534 tr(WHW.T) 11.564380645751953
6_up proxy err 0.0009672652813605964 tr(WHW.T) 617.2608642578125
6_gate proxy err 0.00038861524080857635 tr(WHW.T) 1554.7271728515625
6_down proxy err 0.0011222638422623277 tr(WHW.T) 22.988168716430664
I0317 14:10:38.415487 3917007 quantize_finetune_llama.py:232] computed original embedding for layer 9 in 0.8454151153564453s
I0317 14:10:42.118543 3919669 config.py:54] PyTorch version 2.6.0 available.
W0317 14:10:42.457316 3919669 warnings.py:109] /opt/conda/lib/python3.10/site-packages/torchvision/io/image.py:13: UserWarning: Failed to load image Python extension: '/opt/conda/lib/python3.10/site-packages/torchvision/image.so: undefined symbol: _ZN3c1017RegisterOperatorsD1Ev'If you don't plan on using image functionality from `torchvision.io`, you can ignore this warning. Otherwise, there might be something wrong with your environment. Did you have `libjpeg` or `libpng` installed before building `torchvision` from source?
  warn(

W0317 14:10:43.427629 3919669 warnings.py:109] /opt/conda/lib/python3.10/site-packages/compressai/models/video/google.py:353: FutureWarning: `torch.cuda.amp.autocast(args...)` is deprecated. Please use `torch.amp.autocast('cuda', args...)` instead.
  @amp.autocast(enabled=False)

I0317 14:10:43.431961 3917007 quantize_finetune_llama.py:201] layer 10 gpu 2
I0317 14:10:43.603140 3919669 data_utils.py:336] using 256 training seqs, 128 validation seqs
7_v proxy err 0.0019662627018988132 tr(WHW.T) 489.9357604980469
7_q proxy err 0.00013241529813967645 tr(WHW.T) 7672.17919921875
7_k proxy err 0.00010055128223029897 tr(WHW.T) 10198.3701171875
7_o proxy err 0.0018216759199276567 tr(WHW.T) 15.11335563659668
7_up proxy err 0.0009529181406833231 tr(WHW.T) 735.8538818359375
7_gate proxy err 0.00037862834869883955 tr(WHW.T) 1876.0390625
7_down proxy err 0.0011369612766429782 tr(WHW.T) 30.58672523498535
I0317 14:10:50.750318 3917007 quantize_finetune_llama.py:232] computed original embedding for layer 10 in 0.9594230651855469s
I0317 14:10:54.523331 3919863 config.py:54] PyTorch version 2.6.0 available.
W0317 14:10:54.842400 3919863 warnings.py:109] /opt/conda/lib/python3.10/site-packages/torchvision/io/image.py:13: UserWarning: Failed to load image Python extension: '/opt/conda/lib/python3.10/site-packages/torchvision/image.so: undefined symbol: _ZN3c1017RegisterOperatorsD1Ev'If you don't plan on using image functionality from `torchvision.io`, you can ignore this warning. Otherwise, there might be something wrong with your environment. Did you have `libjpeg` or `libpng` installed before building `torchvision` from source?
  warn(

W0317 14:10:55.746255 3919863 warnings.py:109] /opt/conda/lib/python3.10/site-packages/compressai/models/video/google.py:353: FutureWarning: `torch.cuda.amp.autocast(args...)` is deprecated. Please use `torch.amp.autocast('cuda', args...)` instead.
  @amp.autocast(enabled=False)

I0317 14:10:55.750000 3917007 quantize_finetune_llama.py:201] layer 11 gpu 3
I0317 14:10:55.953472 3919863 data_utils.py:336] using 256 training seqs, 128 validation seqs
I0317 14:10:57.352262 3917007 quantize_finetune_llama.py:232] computed original embedding for layer 11 in 1.1684322357177734s
I0317 14:11:01.200005 3919993 config.py:54] PyTorch version 2.6.0 available.
W0317 14:11:01.581988 3919993 warnings.py:109] /opt/conda/lib/python3.10/site-packages/torchvision/io/image.py:13: UserWarning: Failed to load image Python extension: '/opt/conda/lib/python3.10/site-packages/torchvision/image.so: undefined symbol: _ZN3c1017RegisterOperatorsD1Ev'If you don't plan on using image functionality from `torchvision.io`, you can ignore this warning. Otherwise, there might be something wrong with your environment. Did you have `libjpeg` or `libpng` installed before building `torchvision` from source?
  warn(

W0317 14:11:02.606738 3919993 warnings.py:109] /opt/conda/lib/python3.10/site-packages/compressai/models/video/google.py:353: FutureWarning: `torch.cuda.amp.autocast(args...)` is deprecated. Please use `torch.amp.autocast('cuda', args...)` instead.
  @amp.autocast(enabled=False)

I0317 14:11:02.611389 3917007 quantize_finetune_llama.py:201] layer 12 gpu 0
I0317 14:11:02.820466 3919993 data_utils.py:336] using 256 training seqs, 128 validation seqs
8_v proxy err 0.0018495396943762898 tr(WHW.T) 530.9967041015625
8_q proxy err 0.00014279948663897812 tr(WHW.T) 7228.1201171875
8_k proxy err 9.872285590972751e-05 tr(WHW.T) 10639.1015625
8_o proxy err 0.0020474938210099936 tr(WHW.T) 20.092191696166992
8_up proxy err 0.0008757191244512796 tr(WHW.T) 866.312744140625
8_gate proxy err 0.00038980552926659584 tr(WHW.T) 1970.857177734375
8_down proxy err 0.001130583812482655 tr(WHW.T) 37.177734375
9_v proxy err 0.0017350713023915887 tr(WHW.T) 565.0663452148438
9_q proxy err 0.00014793634181842208 tr(WHW.T) 6970.3359375
9_k proxy err 9.610840061213821e-05 tr(WHW.T) 10987.3515625
9_o proxy err 0.0020288683008402586 tr(WHW.T) 25.610172271728516
9_up proxy err 0.0008438233053311706 tr(WHW.T) 970.8984375
9_gate proxy err 0.00038858840707689524 tr(WHW.T) 2132.69384765625
9_down proxy err 0.0011321756755933166 tr(WHW.T) 42.99482727050781
I0317 14:11:32.501846 3917007 quantize_finetune_llama.py:232] computed original embedding for layer 12 in 0.873659610748291s
I0317 14:11:35.946377 3920458 config.py:54] PyTorch version 2.6.0 available.
W0317 14:11:36.292860 3920458 warnings.py:109] /opt/conda/lib/python3.10/site-packages/torchvision/io/image.py:13: UserWarning: Failed to load image Python extension: '/opt/conda/lib/python3.10/site-packages/torchvision/image.so: undefined symbol: _ZN3c1017RegisterOperatorsD1Ev'If you don't plan on using image functionality from `torchvision.io`, you can ignore this warning. Otherwise, there might be something wrong with your environment. Did you have `libjpeg` or `libpng` installed before building `torchvision` from source?
  warn(

W0317 14:11:37.311624 3920458 warnings.py:109] /opt/conda/lib/python3.10/site-packages/compressai/models/video/google.py:353: FutureWarning: `torch.cuda.amp.autocast(args...)` is deprecated. Please use `torch.amp.autocast('cuda', args...)` instead.
  @amp.autocast(enabled=False)

I0317 14:11:37.316037 3917007 quantize_finetune_llama.py:201] layer 13 gpu 1
I0317 14:11:37.512937 3920458 data_utils.py:336] using 256 training seqs, 128 validation seqs
10_v proxy err 0.0017563129076734185 tr(WHW.T) 578.807373046875
10_q proxy err 0.00015341713151428849 tr(WHW.T) 6915.87109375
10_k proxy err 9.872426744550467e-05 tr(WHW.T) 10996.2431640625
10_o proxy err 0.0020910624880343676 tr(WHW.T) 35.184165954589844
10_up proxy err 0.000794987368863076 tr(WHW.T) 1080.198486328125
10_gate proxy err 0.0003843881713692099 tr(WHW.T) 2260.88330078125
10_down proxy err 0.0010770418448373675 tr(WHW.T) 52.33584976196289
I0317 14:11:45.012706 3917007 quantize_finetune_llama.py:232] computed original embedding for layer 13 in 0.9396376609802246s
I0317 14:11:48.489869 3920654 config.py:54] PyTorch version 2.6.0 available.
W0317 14:11:48.826880 3920654 warnings.py:109] /opt/conda/lib/python3.10/site-packages/torchvision/io/image.py:13: UserWarning: Failed to load image Python extension: '/opt/conda/lib/python3.10/site-packages/torchvision/image.so: undefined symbol: _ZN3c1017RegisterOperatorsD1Ev'If you don't plan on using image functionality from `torchvision.io`, you can ignore this warning. Otherwise, there might be something wrong with your environment. Did you have `libjpeg` or `libpng` installed before building `torchvision` from source?
  warn(

W0317 14:11:49.792977 3920654 warnings.py:109] /opt/conda/lib/python3.10/site-packages/compressai/models/video/google.py:353: FutureWarning: `torch.cuda.amp.autocast(args...)` is deprecated. Please use `torch.amp.autocast('cuda', args...)` instead.
  @amp.autocast(enabled=False)

I0317 14:11:49.797256 3917007 quantize_finetune_llama.py:201] layer 14 gpu 2
I0317 14:11:49.949345 3920654 data_utils.py:336] using 256 training seqs, 128 validation seqs
11_v proxy err 0.0016433739801868796 tr(WHW.T) 723.1956176757812
11_q proxy err 0.00017558230319991708 tr(WHW.T) 7027.10986328125
11_k proxy err 0.00011905622523045167 tr(WHW.T) 10511.23046875
11_o proxy err 0.0020954341161996126 tr(WHW.T) 36.654052734375
11_up proxy err 0.0008083313587121665 tr(WHW.T) 1139.6044921875
11_gate proxy err 0.00038921344093978405 tr(WHW.T) 2392.716552734375
11_down proxy err 0.0011020468082278967 tr(WHW.T) 56.13530731201172
I0317 14:11:58.102005 3917007 quantize_finetune_llama.py:232] computed original embedding for layer 14 in 1.0361454486846924s
I0317 14:12:01.981815 3920850 config.py:54] PyTorch version 2.6.0 available.
W0317 14:12:02.283115 3920850 warnings.py:109] /opt/conda/lib/python3.10/site-packages/torchvision/io/image.py:13: UserWarning: Failed to load image Python extension: '/opt/conda/lib/python3.10/site-packages/torchvision/image.so: undefined symbol: _ZN3c1017RegisterOperatorsD1Ev'If you don't plan on using image functionality from `torchvision.io`, you can ignore this warning. Otherwise, there might be something wrong with your environment. Did you have `libjpeg` or `libpng` installed before building `torchvision` from source?
  warn(

W0317 14:12:03.283461 3920850 warnings.py:109] /opt/conda/lib/python3.10/site-packages/compressai/models/video/google.py:353: FutureWarning: `torch.cuda.amp.autocast(args...)` is deprecated. Please use `torch.amp.autocast('cuda', args...)` instead.
  @amp.autocast(enabled=False)

I0317 14:12:03.287431 3917007 quantize_finetune_llama.py:201] layer 15 gpu 3
I0317 14:12:03.532967 3920850 data_utils.py:336] using 256 training seqs, 128 validation seqs
I0317 14:12:04.781543 3917007 quantize_finetune_llama.py:232] computed original embedding for layer 15 in 1.0383713245391846s
I0317 14:12:08.637837 3920971 config.py:54] PyTorch version 2.6.0 available.
W0317 14:12:08.990325 3920971 warnings.py:109] /opt/conda/lib/python3.10/site-packages/torchvision/io/image.py:13: UserWarning: Failed to load image Python extension: '/opt/conda/lib/python3.10/site-packages/torchvision/image.so: undefined symbol: _ZN3c1017RegisterOperatorsD1Ev'If you don't plan on using image functionality from `torchvision.io`, you can ignore this warning. Otherwise, there might be something wrong with your environment. Did you have `libjpeg` or `libpng` installed before building `torchvision` from source?
  warn(

W0317 14:12:10.142397 3920971 warnings.py:109] /opt/conda/lib/python3.10/site-packages/compressai/models/video/google.py:353: FutureWarning: `torch.cuda.amp.autocast(args...)` is deprecated. Please use `torch.amp.autocast('cuda', args...)` instead.
  @amp.autocast(enabled=False)

I0317 14:12:10.146719 3917007 quantize_finetune_llama.py:201] layer 16 gpu 0
I0317 14:12:10.356571 3920971 data_utils.py:336] using 256 training seqs, 128 validation seqs
12_v proxy err 0.0016848165541887283 tr(WHW.T) 703.318603515625
12_q proxy err 0.00017620627477299422 tr(WHW.T) 7045.6435546875
12_k proxy err 0.00011526138405315578 tr(WHW.T) 10893.65625
12_o proxy err 0.0021368900779634714 tr(WHW.T) 39.29071044921875
12_up proxy err 0.0007996464264579117 tr(WHW.T) 1228.298583984375
12_gate proxy err 0.0004156056675128639 tr(WHW.T) 2381.994873046875
12_down proxy err 0.0010993264149874449 tr(WHW.T) 64.17745208740234
13_v proxy err 0.0016612766776233912 tr(WHW.T) 714.5677490234375
13_q proxy err 0.00017723989731166512 tr(WHW.T) 6956.03564453125
13_k proxy err 0.0001196060111396946 tr(WHW.T) 10426.6318359375
13_o proxy err 0.0018845709273591638 tr(WHW.T) 45.8377571105957
13_up proxy err 0.0007685666787438095 tr(WHW.T) 1367.6221923828125
13_gate proxy err 0.00040764492587186396 tr(WHW.T) 2601.504638671875
13_down proxy err 0.0011011427268385887 tr(WHW.T) 79.3589096069336
I0317 14:12:38.876822 3917007 quantize_finetune_llama.py:232] computed original embedding for layer 16 in 0.9460346698760986s
I0317 14:12:42.559199 3921432 config.py:54] PyTorch version 2.6.0 available.
W0317 14:12:42.903336 3921432 warnings.py:109] /opt/conda/lib/python3.10/site-packages/torchvision/io/image.py:13: UserWarning: Failed to load image Python extension: '/opt/conda/lib/python3.10/site-packages/torchvision/image.so: undefined symbol: _ZN3c1017RegisterOperatorsD1Ev'If you don't plan on using image functionality from `torchvision.io`, you can ignore this warning. Otherwise, there might be something wrong with your environment. Did you have `libjpeg` or `libpng` installed before building `torchvision` from source?
  warn(

W0317 14:12:43.908223 3921432 warnings.py:109] /opt/conda/lib/python3.10/site-packages/compressai/models/video/google.py:353: FutureWarning: `torch.cuda.amp.autocast(args...)` is deprecated. Please use `torch.amp.autocast('cuda', args...)` instead.
  @amp.autocast(enabled=False)

I0317 14:12:43.912659 3917007 quantize_finetune_llama.py:201] layer 17 gpu 1
I0317 14:12:44.108105 3921432 data_utils.py:336] using 256 training seqs, 128 validation seqs
14_v proxy err 0.0017628796631470323 tr(WHW.T) 706.1612548828125
14_q proxy err 0.00018147926311939955 tr(WHW.T) 7077.06103515625
14_k proxy err 0.00011526222078828141 tr(WHW.T) 11295.16796875
14_o proxy err 0.002087490865960717 tr(WHW.T) 50.921180725097656
14_up proxy err 0.000775940075982362 tr(WHW.T) 1464.7159423828125
14_gate proxy err 0.0004267616895958781 tr(WHW.T) 2682.584716796875
14_down proxy err 0.0011255006538704038 tr(WHW.T) 90.28684997558594
I0317 14:12:53.171647 3917007 quantize_finetune_llama.py:232] computed original embedding for layer 17 in 1.057959794998169s
I0317 14:12:56.893735 3921647 config.py:54] PyTorch version 2.6.0 available.
W0317 14:12:57.243153 3921647 warnings.py:109] /opt/conda/lib/python3.10/site-packages/torchvision/io/image.py:13: UserWarning: Failed to load image Python extension: '/opt/conda/lib/python3.10/site-packages/torchvision/image.so: undefined symbol: _ZN3c1017RegisterOperatorsD1Ev'If you don't plan on using image functionality from `torchvision.io`, you can ignore this warning. Otherwise, there might be something wrong with your environment. Did you have `libjpeg` or `libpng` installed before building `torchvision` from source?
  warn(

W0317 14:12:58.223429 3921647 warnings.py:109] /opt/conda/lib/python3.10/site-packages/compressai/models/video/google.py:353: FutureWarning: `torch.cuda.amp.autocast(args...)` is deprecated. Please use `torch.amp.autocast('cuda', args...)` instead.
  @amp.autocast(enabled=False)

I0317 14:12:58.227635 3917007 quantize_finetune_llama.py:201] layer 18 gpu 2
I0317 14:12:58.411912 3921647 data_utils.py:336] using 256 training seqs, 128 validation seqs
15_v proxy err 0.0015985629288479686 tr(WHW.T) 762.7275390625
15_q proxy err 0.00017523141286801547 tr(WHW.T) 7252.0009765625
15_k proxy err 0.00011634584370767698 tr(WHW.T) 11072.3974609375
15_o proxy err 0.001763231586664915 tr(WHW.T) 59.61664962768555
15_up proxy err 0.0007558693177998066 tr(WHW.T) 1641.0228271484375
15_gate proxy err 0.0004304301110096276 tr(WHW.T) 2905.140380859375
15_down proxy err 0.0011245248606428504 tr(WHW.T) 114.09001922607422
I0317 14:13:03.061192 3917007 quantize_finetune_llama.py:232] computed original embedding for layer 18 in 0.9105250835418701s
I0317 14:13:06.872801 3921810 config.py:54] PyTorch version 2.6.0 available.
W0317 14:13:07.196127 3921810 warnings.py:109] /opt/conda/lib/python3.10/site-packages/torchvision/io/image.py:13: UserWarning: Failed to load image Python extension: '/opt/conda/lib/python3.10/site-packages/torchvision/image.so: undefined symbol: _ZN3c1017RegisterOperatorsD1Ev'If you don't plan on using image functionality from `torchvision.io`, you can ignore this warning. Otherwise, there might be something wrong with your environment. Did you have `libjpeg` or `libpng` installed before building `torchvision` from source?
  warn(

W0317 14:13:08.183382 3921810 warnings.py:109] /opt/conda/lib/python3.10/site-packages/compressai/models/video/google.py:353: FutureWarning: `torch.cuda.amp.autocast(args...)` is deprecated. Please use `torch.amp.autocast('cuda', args...)` instead.
  @amp.autocast(enabled=False)

I0317 14:13:08.187731 3917007 quantize_finetune_llama.py:201] layer 19 gpu 3
I0317 14:13:08.429506 3921810 data_utils.py:336] using 256 training seqs, 128 validation seqs
I0317 14:13:09.553891 3917007 quantize_finetune_llama.py:232] computed original embedding for layer 19 in 0.8942971229553223s
I0317 14:13:13.353704 3921932 config.py:54] PyTorch version 2.6.0 available.
W0317 14:13:13.683992 3921932 warnings.py:109] /opt/conda/lib/python3.10/site-packages/torchvision/io/image.py:13: UserWarning: Failed to load image Python extension: '/opt/conda/lib/python3.10/site-packages/torchvision/image.so: undefined symbol: _ZN3c1017RegisterOperatorsD1Ev'If you don't plan on using image functionality from `torchvision.io`, you can ignore this warning. Otherwise, there might be something wrong with your environment. Did you have `libjpeg` or `libpng` installed before building `torchvision` from source?
  warn(

W0317 14:13:14.669975 3921932 warnings.py:109] /opt/conda/lib/python3.10/site-packages/compressai/models/video/google.py:353: FutureWarning: `torch.cuda.amp.autocast(args...)` is deprecated. Please use `torch.amp.autocast('cuda', args...)` instead.
  @amp.autocast(enabled=False)

I0317 14:13:14.674069 3917007 quantize_finetune_llama.py:201] layer 20 gpu 0
I0317 14:13:14.897644 3921932 data_utils.py:336] using 256 training seqs, 128 validation seqs
16_v proxy err 0.0016047905664891005 tr(WHW.T) 780.7407836914062
16_q proxy err 0.00018075067782774568 tr(WHW.T) 7193.3974609375
16_k proxy err 0.0001136301361839287 tr(WHW.T) 11630.361328125
16_o proxy err 0.0013688849285244942 tr(WHW.T) 88.22785186767578
16_up proxy err 0.0007393282721750438 tr(WHW.T) 1890.9385986328125
16_gate proxy err 0.00041824253275990486 tr(WHW.T) 3369.859130859375
16_down proxy err 0.0011403703829273582 tr(WHW.T) 152.0294952392578
17_v proxy err 0.0015115945134311914 tr(WHW.T) 845.7654418945312
17_q proxy err 0.00018404990260023624 tr(WHW.T) 7163.2734375
17_k proxy err 0.00012552927364595234 tr(WHW.T) 10697.431640625
17_o proxy err 0.0015006951289251447 tr(WHW.T) 58.14826965332031
17_up proxy err 0.0008056977530941367 tr(WHW.T) 1921.07861328125
17_gate proxy err 0.0004366799257695675 tr(WHW.T) 3571.31640625
17_down proxy err 0.0011295719305053353 tr(WHW.T) 165.43495178222656
I0317 14:13:47.663143 3917007 quantize_finetune_llama.py:232] computed original embedding for layer 20 in 0.9130725860595703s
I0317 14:13:51.578197 3922394 config.py:54] PyTorch version 2.6.0 available.
W0317 14:13:51.934468 3922394 warnings.py:109] /opt/conda/lib/python3.10/site-packages/torchvision/io/image.py:13: UserWarning: Failed to load image Python extension: '/opt/conda/lib/python3.10/site-packages/torchvision/image.so: undefined symbol: _ZN3c1017RegisterOperatorsD1Ev'If you don't plan on using image functionality from `torchvision.io`, you can ignore this warning. Otherwise, there might be something wrong with your environment. Did you have `libjpeg` or `libpng` installed before building `torchvision` from source?
  warn(

W0317 14:13:52.939865 3922394 warnings.py:109] /opt/conda/lib/python3.10/site-packages/compressai/models/video/google.py:353: FutureWarning: `torch.cuda.amp.autocast(args...)` is deprecated. Please use `torch.amp.autocast('cuda', args...)` instead.
  @amp.autocast(enabled=False)

I0317 14:13:52.944070 3917007 quantize_finetune_llama.py:201] layer 21 gpu 1
I0317 14:13:53.123874 3922394 data_utils.py:336] using 256 training seqs, 128 validation seqs
18_v proxy err 0.0013751775259152055 tr(WHW.T) 1003.7705078125
18_q proxy err 0.00018994338461197913 tr(WHW.T) 7510.48046875
18_k proxy err 0.0001382897316943854 tr(WHW.T) 10462.6650390625
18_o proxy err 0.0013081725919619203 tr(WHW.T) 69.96558380126953
18_up proxy err 0.0008582064183428884 tr(WHW.T) 2023.183837890625
18_gate proxy err 0.0004621862026397139 tr(WHW.T) 3783.076416015625
18_down proxy err 0.0011339870980009437 tr(WHW.T) 198.52699279785156
I0317 14:13:58.054931 3917007 quantize_finetune_llama.py:232] computed original embedding for layer 21 in 0.8456869125366211s
I0317 14:14:01.898574 3922559 config.py:54] PyTorch version 2.6.0 available.
W0317 14:14:02.227163 3922559 warnings.py:109] /opt/conda/lib/python3.10/site-packages/torchvision/io/image.py:13: UserWarning: Failed to load image Python extension: '/opt/conda/lib/python3.10/site-packages/torchvision/image.so: undefined symbol: _ZN3c1017RegisterOperatorsD1Ev'If you don't plan on using image functionality from `torchvision.io`, you can ignore this warning. Otherwise, there might be something wrong with your environment. Did you have `libjpeg` or `libpng` installed before building `torchvision` from source?
  warn(

19_v proxy err 0.0013397030998021364 tr(WHW.T) 1019.1412353515625
19_q proxy err 0.00020292762201279402 tr(WHW.T) 6944.4130859375
19_k proxy err 0.00013523243251256645 tr(WHW.T) 10548.4892578125
19_o proxy err 0.0012851909268647432 tr(WHW.T) 62.291683197021484
19_up proxy err 0.000862969143781811 tr(WHW.T) 2149.330322265625
19_gate proxy err 0.0005062991403974593 tr(WHW.T) 3687.5126953125
19_down proxy err 0.0011037223739549518 tr(WHW.T) 222.93177795410156
W0317 14:14:03.170232 3922559 warnings.py:109] /opt/conda/lib/python3.10/site-packages/compressai/models/video/google.py:353: FutureWarning: `torch.cuda.amp.autocast(args...)` is deprecated. Please use `torch.amp.autocast('cuda', args...)` instead.
  @amp.autocast(enabled=False)

I0317 14:14:03.174357 3917007 quantize_finetune_llama.py:201] layer 22 gpu 2
I0317 14:14:03.387463 3922559 data_utils.py:336] using 256 training seqs, 128 validation seqs
I0317 14:14:04.496531 3917007 quantize_finetune_llama.py:232] computed original embedding for layer 22 in 0.8729846477508545s
I0317 14:14:08.254348 3922680 config.py:54] PyTorch version 2.6.0 available.
W0317 14:14:08.582157 3922680 warnings.py:109] /opt/conda/lib/python3.10/site-packages/torchvision/io/image.py:13: UserWarning: Failed to load image Python extension: '/opt/conda/lib/python3.10/site-packages/torchvision/image.so: undefined symbol: _ZN3c1017RegisterOperatorsD1Ev'If you don't plan on using image functionality from `torchvision.io`, you can ignore this warning. Otherwise, there might be something wrong with your environment. Did you have `libjpeg` or `libpng` installed before building `torchvision` from source?
  warn(

W0317 14:14:09.572978 3922680 warnings.py:109] /opt/conda/lib/python3.10/site-packages/compressai/models/video/google.py:353: FutureWarning: `torch.cuda.amp.autocast(args...)` is deprecated. Please use `torch.amp.autocast('cuda', args...)` instead.
  @amp.autocast(enabled=False)

I0317 14:14:09.577323 3917007 quantize_finetune_llama.py:201] layer 23 gpu 3
I0317 14:14:09.758820 3922680 data_utils.py:336] using 256 training seqs, 128 validation seqs
I0317 14:14:11.285783 3917007 quantize_finetune_llama.py:232] computed original embedding for layer 23 in 1.1895029544830322s
I0317 14:14:15.215307 3922810 config.py:54] PyTorch version 2.6.0 available.
W0317 14:14:15.554247 3922810 warnings.py:109] /opt/conda/lib/python3.10/site-packages/torchvision/io/image.py:13: UserWarning: Failed to load image Python extension: '/opt/conda/lib/python3.10/site-packages/torchvision/image.so: undefined symbol: _ZN3c1017RegisterOperatorsD1Ev'If you don't plan on using image functionality from `torchvision.io`, you can ignore this warning. Otherwise, there might be something wrong with your environment. Did you have `libjpeg` or `libpng` installed before building `torchvision` from source?
  warn(

W0317 14:14:16.654814 3922810 warnings.py:109] /opt/conda/lib/python3.10/site-packages/compressai/models/video/google.py:353: FutureWarning: `torch.cuda.amp.autocast(args...)` is deprecated. Please use `torch.amp.autocast('cuda', args...)` instead.
  @amp.autocast(enabled=False)

I0317 14:14:16.659116 3917007 quantize_finetune_llama.py:201] layer 24 gpu 0
I0317 14:14:16.829000 3922810 data_utils.py:336] using 256 training seqs, 128 validation seqs
20_v proxy err 0.001384965842589736 tr(WHW.T) 990.5983276367188
20_q proxy err 0.00019839161541312933 tr(WHW.T) 7150.947265625
20_k proxy err 0.00013773064711131155 tr(WHW.T) 10386.2470703125
20_o proxy err 0.0009474848047830164 tr(WHW.T) 100.31707000732422
20_up proxy err 0.0008447518339380622 tr(WHW.T) 2340.89453125
20_gate proxy err 0.0004946802509948611 tr(WHW.T) 4024.62744140625
20_down proxy err 0.0010970020666718483 tr(WHW.T) 274.8815002441406
21_v proxy err 0.0013182953698560596 tr(WHW.T) 1144.5655517578125
21_q proxy err 0.00022063816140871495 tr(WHW.T) 7064.314453125
21_k proxy err 0.00015771115431562066 tr(WHW.T) 9976.4658203125
21_o proxy err 0.0010082448134198785 tr(WHW.T) 75.50972747802734
21_up proxy err 0.0008894603233784437 tr(WHW.T) 2361.650390625
21_gate proxy err 0.0005279278266243637 tr(WHW.T) 4004.37646484375
21_down proxy err 0.0010979819344356656 tr(WHW.T) 276.5857849121094
I0317 14:14:52.609542 3917007 quantize_finetune_llama.py:232] computed original embedding for layer 24 in 0.9231851100921631s
I0317 14:14:56.345693 3923291 config.py:54] PyTorch version 2.6.0 available.
W0317 14:14:56.679632 3923291 warnings.py:109] /opt/conda/lib/python3.10/site-packages/torchvision/io/image.py:13: UserWarning: Failed to load image Python extension: '/opt/conda/lib/python3.10/site-packages/torchvision/image.so: undefined symbol: _ZN3c1017RegisterOperatorsD1Ev'If you don't plan on using image functionality from `torchvision.io`, you can ignore this warning. Otherwise, there might be something wrong with your environment. Did you have `libjpeg` or `libpng` installed before building `torchvision` from source?
  warn(

22_v proxy err 0.0012629826087504625 tr(WHW.T) 1243.2529296875
22_q proxy err 0.00020861266239080578 tr(WHW.T) 7746.84765625
22_k proxy err 0.00015382887795567513 tr(WHW.T) 10603.2041015625
22_o proxy err 0.0008493158384226263 tr(WHW.T) 114.30065155029297
22_up proxy err 0.0008951602503657341 tr(WHW.T) 2474.510498046875
22_gate proxy err 0.0005364485550671816 tr(WHW.T) 4156.64013671875
22_down proxy err 0.0010924568632617593 tr(WHW.T) 311.8800048828125
W0317 14:14:57.680762 3923291 warnings.py:109] /opt/conda/lib/python3.10/site-packages/compressai/models/video/google.py:353: FutureWarning: `torch.cuda.amp.autocast(args...)` is deprecated. Please use `torch.amp.autocast('cuda', args...)` instead.
  @amp.autocast(enabled=False)

I0317 14:14:57.684895 3917007 quantize_finetune_llama.py:201] layer 25 gpu 1
I0317 14:14:57.837770 3923291 data_utils.py:336] using 256 training seqs, 128 validation seqs
I0317 14:14:59.751188 3917007 quantize_finetune_llama.py:232] computed original embedding for layer 25 in 0.9342770576477051s
I0317 14:15:03.594896 3923417 config.py:54] PyTorch version 2.6.0 available.
W0317 14:15:03.935638 3923417 warnings.py:109] /opt/conda/lib/python3.10/site-packages/torchvision/io/image.py:13: UserWarning: Failed to load image Python extension: '/opt/conda/lib/python3.10/site-packages/torchvision/image.so: undefined symbol: _ZN3c1017RegisterOperatorsD1Ev'If you don't plan on using image functionality from `torchvision.io`, you can ignore this warning. Otherwise, there might be something wrong with your environment. Did you have `libjpeg` or `libpng` installed before building `torchvision` from source?
  warn(

23_v proxy err 0.0011402140371501446 tr(WHW.T) 1486.037353515625
23_q proxy err 0.0002365928521612659 tr(WHW.T) 7346.60986328125
23_k proxy err 0.0001759401202434674 tr(WHW.T) 9982.2392578125
23_o proxy err 0.0010172594338655472 tr(WHW.T) 85.13458251953125
23_up proxy err 0.000926955312024802 tr(WHW.T) 2533.51025390625
23_gate proxy err 0.0005762659129686654 tr(WHW.T) 4097.51953125
23_down proxy err 0.0010959667852148414 tr(WHW.T) 321.33892822265625
W0317 14:15:04.907076 3923417 warnings.py:109] /opt/conda/lib/python3.10/site-packages/compressai/models/video/google.py:353: FutureWarning: `torch.cuda.amp.autocast(args...)` is deprecated. Please use `torch.amp.autocast('cuda', args...)` instead.
  @amp.autocast(enabled=False)

I0317 14:15:04.911544 3917007 quantize_finetune_llama.py:201] layer 26 gpu 2
I0317 14:15:05.094715 3923417 data_utils.py:336] using 256 training seqs, 128 validation seqs
I0317 14:15:06.240705 3917007 quantize_finetune_llama.py:232] computed original embedding for layer 26 in 0.8271279335021973s
I0317 14:15:10.010702 3923552 config.py:54] PyTorch version 2.6.0 available.
W0317 14:15:10.331792 3923552 warnings.py:109] /opt/conda/lib/python3.10/site-packages/torchvision/io/image.py:13: UserWarning: Failed to load image Python extension: '/opt/conda/lib/python3.10/site-packages/torchvision/image.so: undefined symbol: _ZN3c1017RegisterOperatorsD1Ev'If you don't plan on using image functionality from `torchvision.io`, you can ignore this warning. Otherwise, there might be something wrong with your environment. Did you have `libjpeg` or `libpng` installed before building `torchvision` from source?
  warn(

W0317 14:15:11.360057 3923552 warnings.py:109] /opt/conda/lib/python3.10/site-packages/compressai/models/video/google.py:353: FutureWarning: `torch.cuda.amp.autocast(args...)` is deprecated. Please use `torch.amp.autocast('cuda', args...)` instead.
  @amp.autocast(enabled=False)

I0317 14:15:11.364451 3917007 quantize_finetune_llama.py:201] layer 27 gpu 3
I0317 14:15:11.549514 3923552 data_utils.py:336] using 256 training seqs, 128 validation seqs
I0317 14:15:12.738559 3917007 quantize_finetune_llama.py:232] computed original embedding for layer 27 in 0.8707566261291504s
I0317 14:15:16.676726 3923675 config.py:54] PyTorch version 2.6.0 available.
W0317 14:15:17.021568 3923675 warnings.py:109] /opt/conda/lib/python3.10/site-packages/torchvision/io/image.py:13: UserWarning: Failed to load image Python extension: '/opt/conda/lib/python3.10/site-packages/torchvision/image.so: undefined symbol: _ZN3c1017RegisterOperatorsD1Ev'If you don't plan on using image functionality from `torchvision.io`, you can ignore this warning. Otherwise, there might be something wrong with your environment. Did you have `libjpeg` or `libpng` installed before building `torchvision` from source?
  warn(

W0317 14:15:18.031538 3923675 warnings.py:109] /opt/conda/lib/python3.10/site-packages/compressai/models/video/google.py:353: FutureWarning: `torch.cuda.amp.autocast(args...)` is deprecated. Please use `torch.amp.autocast('cuda', args...)` instead.
  @amp.autocast(enabled=False)

I0317 14:15:18.035788 3917007 quantize_finetune_llama.py:201] layer 28 gpu 0
I0317 14:15:18.229686 3923675 data_utils.py:336] using 256 training seqs, 128 validation seqs
24_v proxy err 0.0012057479470968246 tr(WHW.T) 1394.900634765625
24_q proxy err 0.00024564549676142633 tr(WHW.T) 7020.447265625
24_k proxy err 0.00016902355127967894 tr(WHW.T) 10323.43359375
24_o proxy err 0.0008062958368100226 tr(WHW.T) 133.98797607421875
24_up proxy err 0.0009390703053213656 tr(WHW.T) 2621.76513671875
24_gate proxy err 0.0005808109417557716 tr(WHW.T) 4262.74853515625
24_down proxy err 0.0011007686844095588 tr(WHW.T) 340.22412109375
25_v proxy err 0.001087449723854661 tr(WHW.T) 1707.664794921875
25_q proxy err 0.0002637161815073341 tr(WHW.T) 7162.16357421875
25_k proxy err 0.00019887587404809892 tr(WHW.T) 9611.58984375
25_o proxy err 0.0009560039034113288 tr(WHW.T) 83.535888671875
25_up proxy err 0.0009326883009634912 tr(WHW.T) 2805.728515625
25_gate proxy err 0.0005645800847560167 tr(WHW.T) 4666.4404296875
25_down proxy err 0.001093141851015389 tr(WHW.T) 373.460693359375
I0317 14:15:54.012396 3917007 quantize_finetune_llama.py:232] computed original embedding for layer 28 in 0.9136087894439697s
I0317 14:15:57.800558 3924149 config.py:54] PyTorch version 2.6.0 available.
W0317 14:15:58.129387 3924149 warnings.py:109] /opt/conda/lib/python3.10/site-packages/torchvision/io/image.py:13: UserWarning: Failed to load image Python extension: '/opt/conda/lib/python3.10/site-packages/torchvision/image.so: undefined symbol: _ZN3c1017RegisterOperatorsD1Ev'If you don't plan on using image functionality from `torchvision.io`, you can ignore this warning. Otherwise, there might be something wrong with your environment. Did you have `libjpeg` or `libpng` installed before building `torchvision` from source?
  warn(

26_v proxy err 0.001089016324840486 tr(WHW.T) 1668.8843994140625
26_q proxy err 0.0002481189731042832 tr(WHW.T) 7469.98291015625
26_k proxy err 0.00017916121578309685 tr(WHW.T) 10487.8740234375
26_o proxy err 0.0006577483145520091 tr(WHW.T) 202.88172912597656
26_up proxy err 0.0008765251259319484 tr(WHW.T) 3154.75146484375
26_gate proxy err 0.0005245273350737989 tr(WHW.T) 5302.16455078125
26_down proxy err 0.001122091431170702 tr(WHW.T) 401.19390869140625
W0317 14:15:59.081568 3924149 warnings.py:109] /opt/conda/lib/python3.10/site-packages/compressai/models/video/google.py:353: FutureWarning: `torch.cuda.amp.autocast(args...)` is deprecated. Please use `torch.amp.autocast('cuda', args...)` instead.
  @amp.autocast(enabled=False)

I0317 14:15:59.085725 3917007 quantize_finetune_llama.py:201] layer 29 gpu 1
I0317 14:15:59.296879 3924149 data_utils.py:336] using 256 training seqs, 128 validation seqs
I0317 14:16:01.020032 3917007 quantize_finetune_llama.py:232] computed original embedding for layer 29 in 1.0708537101745605s
I0317 14:16:04.852020 3924272 config.py:54] PyTorch version 2.6.0 available.
W0317 14:16:05.173119 3924272 warnings.py:109] /opt/conda/lib/python3.10/site-packages/torchvision/io/image.py:13: UserWarning: Failed to load image Python extension: '/opt/conda/lib/python3.10/site-packages/torchvision/image.so: undefined symbol: _ZN3c1017RegisterOperatorsD1Ev'If you don't plan on using image functionality from `torchvision.io`, you can ignore this warning. Otherwise, there might be something wrong with your environment. Did you have `libjpeg` or `libpng` installed before building `torchvision` from source?
  warn(

27_v proxy err 0.000989960040897131 tr(WHW.T) 1799.3350830078125
27_q proxy err 0.00023615009558852762 tr(WHW.T) 7691.708984375
27_k proxy err 0.00017207693599630147 tr(WHW.T) 10618.70703125
27_o proxy err 0.0008906994480639696 tr(WHW.T) 126.13690185546875
27_up proxy err 0.0007987818098627031 tr(WHW.T) 3691.557861328125
27_gate proxy err 0.0004955421318300068 tr(WHW.T) 5990.82568359375
27_down proxy err 0.0011474339989945292 tr(WHW.T) 466.9318542480469
W0317 14:16:06.122168 3924272 warnings.py:109] /opt/conda/lib/python3.10/site-packages/compressai/models/video/google.py:353: FutureWarning: `torch.cuda.amp.autocast(args...)` is deprecated. Please use `torch.amp.autocast('cuda', args...)` instead.
  @amp.autocast(enabled=False)

I0317 14:16:06.126215 3917007 quantize_finetune_llama.py:201] layer 30 gpu 2
I0317 14:16:06.295743 3924272 data_utils.py:336] using 256 training seqs, 128 validation seqs
I0317 14:16:07.490150 3917007 quantize_finetune_llama.py:232] computed original embedding for layer 30 in 0.8325438499450684s
I0317 14:16:11.229820 3924407 config.py:54] PyTorch version 2.6.0 available.
W0317 14:16:11.552346 3924407 warnings.py:109] /opt/conda/lib/python3.10/site-packages/torchvision/io/image.py:13: UserWarning: Failed to load image Python extension: '/opt/conda/lib/python3.10/site-packages/torchvision/image.so: undefined symbol: _ZN3c1017RegisterOperatorsD1Ev'If you don't plan on using image functionality from `torchvision.io`, you can ignore this warning. Otherwise, there might be something wrong with your environment. Did you have `libjpeg` or `libpng` installed before building `torchvision` from source?
  warn(

W0317 14:16:12.550544 3924407 warnings.py:109] /opt/conda/lib/python3.10/site-packages/compressai/models/video/google.py:353: FutureWarning: `torch.cuda.amp.autocast(args...)` is deprecated. Please use `torch.amp.autocast('cuda', args...)` instead.
  @amp.autocast(enabled=False)

I0317 14:16:12.554832 3917007 quantize_finetune_llama.py:201] layer 31 gpu 3
I0317 14:16:12.795557 3924407 data_utils.py:336] using 256 training seqs, 128 validation seqs
I0317 14:16:13.924430 3917007 quantize_finetune_llama.py:232] computed original embedding for layer 31 in 0.8675010204315186s
I0317 14:16:17.732983 3924530 config.py:54] PyTorch version 2.6.0 available.
W0317 14:16:18.071996 3924530 warnings.py:109] /opt/conda/lib/python3.10/site-packages/torchvision/io/image.py:13: UserWarning: Failed to load image Python extension: '/opt/conda/lib/python3.10/site-packages/torchvision/image.so: undefined symbol: _ZN3c1017RegisterOperatorsD1Ev'If you don't plan on using image functionality from `torchvision.io`, you can ignore this warning. Otherwise, there might be something wrong with your environment. Did you have `libjpeg` or `libpng` installed before building `torchvision` from source?
  warn(

W0317 14:16:19.125263 3924530 warnings.py:109] /opt/conda/lib/python3.10/site-packages/compressai/models/video/google.py:353: FutureWarning: `torch.cuda.amp.autocast(args...)` is deprecated. Please use `torch.amp.autocast('cuda', args...)` instead.
  @amp.autocast(enabled=False)

I0317 14:16:19.332413 3924530 data_utils.py:336] using 256 training seqs, 128 validation seqs
28_v proxy err 0.0009142568451352417 tr(WHW.T) 2018.944091796875
28_q proxy err 0.0002464002463966608 tr(WHW.T) 7651.126953125
28_k proxy err 0.00018078405992127955 tr(WHW.T) 10544.8251953125
28_o proxy err 0.0007293933886103332 tr(WHW.T) 194.8240966796875
28_up proxy err 0.0006680911174044013 tr(WHW.T) 4661.2666015625
28_gate proxy err 0.0004781828902196139 tr(WHW.T) 6547.48193359375
28_down proxy err 0.0011539650149643421 tr(WHW.T) 603.8403930664062
29_v proxy err 0.0009667107369750738 tr(WHW.T) 1801.7730712890625
29_q proxy err 0.0002461168041918427 tr(WHW.T) 7227.0009765625
29_k proxy err 0.00017022989050019532 tr(WHW.T) 10558.609375
29_o proxy err 0.0006134243449196219 tr(WHW.T) 207.9054412841797
29_up proxy err 0.0005337431794032454 tr(WHW.T) 6070.0498046875
29_gate proxy err 0.0004406582738738507 tr(WHW.T) 7369.6142578125
29_down proxy err 0.0011732461862266064 tr(WHW.T) 782.2448120117188
30_v proxy err 0.0007909536943770945 tr(WHW.T) 2261.489501953125
30_q proxy err 0.00023377378238365054 tr(WHW.T) 7815.9453125
30_k proxy err 0.00017534934158902615 tr(WHW.T) 10521.625
30_o proxy err 0.0006393831572495401 tr(WHW.T) 251.96908569335938
30_up proxy err 0.0003285355633124709 tr(WHW.T) 10016.376953125
30_gate proxy err 0.00030000132392160594 tr(WHW.T) 11001.119140625
30_down proxy err 0.0006822217255830765 tr(WHW.T) 3582.617919921875
31_v proxy err 0.0009589132387191057 tr(WHW.T) 1268.2034912109375
31_q proxy err 0.00018337517394684255 tr(WHW.T) 6858.09130859375
31_k proxy err 0.0001249120687134564 tr(WHW.T) 10233.677734375
31_o proxy err 0.0004980679950676858 tr(WHW.T) 457.7950744628906
31_up proxy err 0.00018786443979479373 tr(WHW.T) 14563.890625
31_gate proxy err 0.00018480927974451333 tr(WHW.T) 14836.2939453125
31_down proxy err 0.00047496031038463116 tr(WHW.T) 17873.55859375
