I0317 15:53:55.380500 3983610 config.py:54] PyTorch version 2.6.0 available.
W0317 15:53:55.663393 3983610 warnings.py:109] /opt/conda/lib/python3.10/site-packages/torchvision/io/image.py:13: UserWarning: Failed to load image Python extension: '/opt/conda/lib/python3.10/site-packages/torchvision/image.so: undefined symbol: _ZN3c1017RegisterOperatorsD1Ev'If you don't plan on using image functionality from `torchvision.io`, you can ignore this warning. Otherwise, there might be something wrong with your environment. Did you have `libjpeg` or `libpng` installed before building `torchvision` from source?
  warn(

W0317 15:53:56.625395 3983610 warnings.py:109] /opt/conda/lib/python3.10/site-packages/compressai/models/video/google.py:353: FutureWarning: `torch.cuda.amp.autocast(args...)` is deprecated. Please use `torch.amp.autocast('cuda', args...)` instead.
  @amp.autocast(enabled=False)

Loading checkpoint shards:   0%|          | 0/7 [00:00<?, ?it/s]Loading checkpoint shards:  14%|█▍        | 1/7 [00:00<00:00,  7.65it/s]Loading checkpoint shards:  29%|██▊       | 2/7 [00:00<00:00,  7.33it/s]Loading checkpoint shards:  43%|████▎     | 3/7 [00:00<00:00,  7.83it/s]Loading checkpoint shards:  57%|█████▋    | 4/7 [00:00<00:00,  8.10it/s]Loading checkpoint shards:  71%|███████▏  | 5/7 [00:00<00:00,  8.30it/s]Loading checkpoint shards:  86%|████████▌ | 6/7 [00:00<00:00,  8.37it/s]Loading checkpoint shards: 100%|██████████| 7/7 [00:00<00:00,  8.53it/s]Loading checkpoint shards: 100%|██████████| 7/7 [00:00<00:00,  8.23it/s]
I0317 15:53:58.044945 3983610 quantize_finetune_llama.py:144] loaded model
I0317 15:53:58.329707 3983610 quantize_finetune_llama.py:178] loaded compression model
I0317 15:54:16.319517 3983610 quantize_finetune_llama.py:182] loaded dataset and devset
I0317 15:54:22.002413 3983610 quantize_finetune_llama.py:202] layer 0 gpu 0
I0317 15:54:25.671627 3983610 quantize_finetune_llama.py:233] computed original embedding for layer 0 in 3.521707773208618s
tensor(0.0125, device='cuda:0') tensor(5.7775e-08, device='cuda:0')
huggingface/tokenizers: The current process just got forked, after parallelism has already been used. Disabling parallelism to avoid deadlocks...
To disable this warning, you can either:
	- Avoid using `tokenizers` before the fork if possible
	- Explicitly set the environment variable TOKENIZERS_PARALLELISM=(true | false)
I0317 15:54:39.380951 3984326 config.py:54] PyTorch version 2.6.0 available.
W0317 15:54:39.661275 3984326 warnings.py:109] /opt/conda/lib/python3.10/site-packages/torchvision/io/image.py:13: UserWarning: Failed to load image Python extension: '/opt/conda/lib/python3.10/site-packages/torchvision/image.so: undefined symbol: _ZN3c1017RegisterOperatorsD1Ev'If you don't plan on using image functionality from `torchvision.io`, you can ignore this warning. Otherwise, there might be something wrong with your environment. Did you have `libjpeg` or `libpng` installed before building `torchvision` from source?
  warn(

W0317 15:54:40.566483 3984326 warnings.py:109] /opt/conda/lib/python3.10/site-packages/compressai/models/video/google.py:353: FutureWarning: `torch.cuda.amp.autocast(args...)` is deprecated. Please use `torch.amp.autocast('cuda', args...)` instead.
  @amp.autocast(enabled=False)

I0317 15:54:40.570444 3983610 quantize_finetune_llama.py:202] layer 1 gpu 1
I0317 15:54:44.581381 3983610 quantize_finetune_llama.py:233] computed original embedding for layer 1 in 3.8397140502929688s
I0317 15:54:47.808052 3984494 config.py:54] PyTorch version 2.6.0 available.
W0317 15:54:48.089839 3984494 warnings.py:109] /opt/conda/lib/python3.10/site-packages/torchvision/io/image.py:13: UserWarning: Failed to load image Python extension: '/opt/conda/lib/python3.10/site-packages/torchvision/image.so: undefined symbol: _ZN3c1017RegisterOperatorsD1Ev'If you don't plan on using image functionality from `torchvision.io`, you can ignore this warning. Otherwise, there might be something wrong with your environment. Did you have `libjpeg` or `libpng` installed before building `torchvision` from source?
  warn(

W0317 15:54:48.974246 3984494 warnings.py:109] /opt/conda/lib/python3.10/site-packages/compressai/models/video/google.py:353: FutureWarning: `torch.cuda.amp.autocast(args...)` is deprecated. Please use `torch.amp.autocast('cuda', args...)` instead.
  @amp.autocast(enabled=False)

I0317 15:54:48.978206 3983610 quantize_finetune_llama.py:202] layer 2 gpu 2
I0317 15:54:52.337951 3983610 quantize_finetune_llama.py:233] computed original embedding for layer 2 in 3.220837116241455s
I0317 15:54:55.689367 3984655 config.py:54] PyTorch version 2.6.0 available.
W0317 15:54:55.971659 3984655 warnings.py:109] /opt/conda/lib/python3.10/site-packages/torchvision/io/image.py:13: UserWarning: Failed to load image Python extension: '/opt/conda/lib/python3.10/site-packages/torchvision/image.so: undefined symbol: _ZN3c1017RegisterOperatorsD1Ev'If you don't plan on using image functionality from `torchvision.io`, you can ignore this warning. Otherwise, there might be something wrong with your environment. Did you have `libjpeg` or `libpng` installed before building `torchvision` from source?
  warn(

W0317 15:54:56.855779 3984655 warnings.py:109] /opt/conda/lib/python3.10/site-packages/compressai/models/video/google.py:353: FutureWarning: `torch.cuda.amp.autocast(args...)` is deprecated. Please use `torch.amp.autocast('cuda', args...)` instead.
  @amp.autocast(enabled=False)

I0317 15:54:56.859708 3983610 quantize_finetune_llama.py:202] layer 3 gpu 3
I0317 15:55:00.136773 3983610 quantize_finetune_llama.py:233] computed original embedding for layer 3 in 3.1240298748016357s
I0317 15:55:03.384931 3984796 config.py:54] PyTorch version 2.6.0 available.
W0317 15:55:03.666453 3984796 warnings.py:109] /opt/conda/lib/python3.10/site-packages/torchvision/io/image.py:13: UserWarning: Failed to load image Python extension: '/opt/conda/lib/python3.10/site-packages/torchvision/image.so: undefined symbol: _ZN3c1017RegisterOperatorsD1Ev'If you don't plan on using image functionality from `torchvision.io`, you can ignore this warning. Otherwise, there might be something wrong with your environment. Did you have `libjpeg` or `libpng` installed before building `torchvision` from source?
  warn(

W0317 15:55:04.544016 3984796 warnings.py:109] /opt/conda/lib/python3.10/site-packages/compressai/models/video/google.py:353: FutureWarning: `torch.cuda.amp.autocast(args...)` is deprecated. Please use `torch.amp.autocast('cuda', args...)` instead.
  @amp.autocast(enabled=False)

I0317 15:55:04.547849 3983610 quantize_finetune_llama.py:202] layer 4 gpu 0
I0317 15:55:04.740020 3984796 data_utils.py:336] using 256 training seqs, 128 validation seqs
I0317 15:55:05.747461 3983610 quantize_finetune_llama.py:233] computed original embedding for layer 4 in 0.8497655391693115s
I0317 15:55:09.328904 3984932 config.py:54] PyTorch version 2.6.0 available.
W0317 15:55:09.637589 3984932 warnings.py:109] /opt/conda/lib/python3.10/site-packages/torchvision/io/image.py:13: UserWarning: Failed to load image Python extension: '/opt/conda/lib/python3.10/site-packages/torchvision/image.so: undefined symbol: _ZN3c1017RegisterOperatorsD1Ev'If you don't plan on using image functionality from `torchvision.io`, you can ignore this warning. Otherwise, there might be something wrong with your environment. Did you have `libjpeg` or `libpng` installed before building `torchvision` from source?
  warn(

W0317 15:55:10.541358 3984932 warnings.py:109] /opt/conda/lib/python3.10/site-packages/compressai/models/video/google.py:353: FutureWarning: `torch.cuda.amp.autocast(args...)` is deprecated. Please use `torch.amp.autocast('cuda', args...)` instead.
  @amp.autocast(enabled=False)

I0317 15:55:10.545125 3983610 quantize_finetune_llama.py:202] layer 5 gpu 1
I0317 15:55:11.902085 3983610 quantize_finetune_llama.py:233] computed original embedding for layer 5 in 0.9443423748016357s
I0317 15:55:15.340676 3985054 config.py:54] PyTorch version 2.6.0 available.
W0317 15:55:15.619785 3985054 warnings.py:109] /opt/conda/lib/python3.10/site-packages/torchvision/io/image.py:13: UserWarning: Failed to load image Python extension: '/opt/conda/lib/python3.10/site-packages/torchvision/image.so: undefined symbol: _ZN3c1017RegisterOperatorsD1Ev'If you don't plan on using image functionality from `torchvision.io`, you can ignore this warning. Otherwise, there might be something wrong with your environment. Did you have `libjpeg` or `libpng` installed before building `torchvision` from source?
  warn(

W0317 15:55:16.500386 3985054 warnings.py:109] /opt/conda/lib/python3.10/site-packages/compressai/models/video/google.py:353: FutureWarning: `torch.cuda.amp.autocast(args...)` is deprecated. Please use `torch.amp.autocast('cuda', args...)` instead.
  @amp.autocast(enabled=False)

I0317 15:55:16.504079 3983610 quantize_finetune_llama.py:202] layer 6 gpu 2
3_v proxy err 0.005594703368842602 tr(WHW.T) 40.46714782714844
bpp_loss 4.119035005569458
3_q proxy err 0.0001436363090761006 tr(WHW.T) 6654.2763671875
bpp_loss 5.264521598815918
3_k proxy err 6.794099317630753e-05 tr(WHW.T) 3660.859619140625
bpp_loss 6.648915767669678
3_o proxy err 0.003458893159404397 tr(WHW.T) 0.9357947707176208
bpp_loss 4.2196056842803955
3_up proxy err 0.0029855347238481045 tr(WHW.T) 316.0293273925781
bpp_loss 4.371195111955915
3_gate proxy err 0.0010864041978493333 tr(WHW.T) 875.7510375976562
bpp_loss 4.64007704598563
3_down proxy err 0.00321113970130682 tr(WHW.T) 2.1166555881500244
bpp_loss 4.369111129215786
I0317 15:55:56.515523 3983610 quantize_finetune_llama.py:233] computed original embedding for layer 6 in 0.8289194107055664s
I0317 15:55:59.756230 3985653 config.py:54] PyTorch version 2.6.0 available.
W0317 15:56:00.038587 3985653 warnings.py:109] /opt/conda/lib/python3.10/site-packages/torchvision/io/image.py:13: UserWarning: Failed to load image Python extension: '/opt/conda/lib/python3.10/site-packages/torchvision/image.so: undefined symbol: _ZN3c1017RegisterOperatorsD1Ev'If you don't plan on using image functionality from `torchvision.io`, you can ignore this warning. Otherwise, there might be something wrong with your environment. Did you have `libjpeg` or `libpng` installed before building `torchvision` from source?
  warn(

W0317 15:56:00.934349 3985653 warnings.py:109] /opt/conda/lib/python3.10/site-packages/compressai/models/video/google.py:353: FutureWarning: `torch.cuda.amp.autocast(args...)` is deprecated. Please use `torch.amp.autocast('cuda', args...)` instead.
  @amp.autocast(enabled=False)

I0317 15:56:00.938198 3983610 quantize_finetune_llama.py:202] layer 7 gpu 3
I0317 15:56:02.161758 3983610 quantize_finetune_llama.py:233] computed original embedding for layer 7 in 0.8259189128875732s
I0317 15:56:05.392306 3985783 config.py:54] PyTorch version 2.6.0 available.
W0317 15:56:05.672198 3985783 warnings.py:109] /opt/conda/lib/python3.10/site-packages/torchvision/io/image.py:13: UserWarning: Failed to load image Python extension: '/opt/conda/lib/python3.10/site-packages/torchvision/image.so: undefined symbol: _ZN3c1017RegisterOperatorsD1Ev'If you don't plan on using image functionality from `torchvision.io`, you can ignore this warning. Otherwise, there might be something wrong with your environment. Did you have `libjpeg` or `libpng` installed before building `torchvision` from source?
  warn(

W0317 15:56:06.546497 3985783 warnings.py:109] /opt/conda/lib/python3.10/site-packages/compressai/models/video/google.py:353: FutureWarning: `torch.cuda.amp.autocast(args...)` is deprecated. Please use `torch.amp.autocast('cuda', args...)` instead.
  @amp.autocast(enabled=False)

I0317 15:56:06.550542 3983610 quantize_finetune_llama.py:202] layer 8 gpu 0
I0317 15:56:06.709852 3985783 data_utils.py:336] using 256 training seqs, 128 validation seqs
I0317 15:56:08.155984 3983610 quantize_finetune_llama.py:233] computed original embedding for layer 8 in 1.202664852142334s
I0317 15:56:11.674149 3985920 config.py:54] PyTorch version 2.6.0 available.
W0317 15:56:11.975470 3985920 warnings.py:109] /opt/conda/lib/python3.10/site-packages/torchvision/io/image.py:13: UserWarning: Failed to load image Python extension: '/opt/conda/lib/python3.10/site-packages/torchvision/image.so: undefined symbol: _ZN3c1017RegisterOperatorsD1Ev'If you don't plan on using image functionality from `torchvision.io`, you can ignore this warning. Otherwise, there might be something wrong with your environment. Did you have `libjpeg` or `libpng` installed before building `torchvision` from source?
  warn(

W0317 15:56:12.882853 3985920 warnings.py:109] /opt/conda/lib/python3.10/site-packages/compressai/models/video/google.py:353: FutureWarning: `torch.cuda.amp.autocast(args...)` is deprecated. Please use `torch.amp.autocast('cuda', args...)` instead.
  @amp.autocast(enabled=False)

I0317 15:56:12.886771 3983610 quantize_finetune_llama.py:202] layer 9 gpu 1
I0317 15:56:14.132829 3983610 quantize_finetune_llama.py:233] computed original embedding for layer 9 in 0.8235576152801514s
I0317 15:56:17.648429 3986037 config.py:54] PyTorch version 2.6.0 available.
W0317 15:56:17.927857 3986037 warnings.py:109] /opt/conda/lib/python3.10/site-packages/torchvision/io/image.py:13: UserWarning: Failed to load image Python extension: '/opt/conda/lib/python3.10/site-packages/torchvision/image.so: undefined symbol: _ZN3c1017RegisterOperatorsD1Ev'If you don't plan on using image functionality from `torchvision.io`, you can ignore this warning. Otherwise, there might be something wrong with your environment. Did you have `libjpeg` or `libpng` installed before building `torchvision` from source?
  warn(

W0317 15:56:18.813274 3986037 warnings.py:109] /opt/conda/lib/python3.10/site-packages/compressai/models/video/google.py:353: FutureWarning: `torch.cuda.amp.autocast(args...)` is deprecated. Please use `torch.amp.autocast('cuda', args...)` instead.
  @amp.autocast(enabled=False)

I0317 15:56:18.817056 3983610 quantize_finetune_llama.py:202] layer 10 gpu 2
7_v proxy err 0.005097485613077879 tr(WHW.T) 53.14668655395508
bpp_loss 4.096999645233154
7_q proxy err 0.00019076617900282145 tr(WHW.T) 6036.439453125
bpp_loss 5.166736841201782
7_k proxy err 6.726064020767808e-05 tr(WHW.T) 4611.79638671875
bpp_loss 6.627635478973389
7_o proxy err 0.006673670839518309 tr(WHW.T) 3.787719964981079
bpp_loss 4.223361968994141
7_up proxy err 0.002607174916192889 tr(WHW.T) 651.590087890625
bpp_loss 4.364319120134626
7_gate proxy err 0.0006537712179124355 tr(WHW.T) 2636.09716796875
bpp_loss 4.704321997506278
7_down proxy err 0.0034376566763967276 tr(WHW.T) 6.803934574127197
bpp_loss 4.36122328894479
I0317 15:56:59.368559 3983610 quantize_finetune_llama.py:233] computed original embedding for layer 10 in 0.8792407512664795s
I0317 15:57:02.763540 3986861 config.py:54] PyTorch version 2.6.0 available.
W0317 15:57:03.065105 3986861 warnings.py:109] /opt/conda/lib/python3.10/site-packages/torchvision/io/image.py:13: UserWarning: Failed to load image Python extension: '/opt/conda/lib/python3.10/site-packages/torchvision/image.so: undefined symbol: _ZN3c1017RegisterOperatorsD1Ev'If you don't plan on using image functionality from `torchvision.io`, you can ignore this warning. Otherwise, there might be something wrong with your environment. Did you have `libjpeg` or `libpng` installed before building `torchvision` from source?
  warn(

W0317 15:57:03.950878 3986861 warnings.py:109] /opt/conda/lib/python3.10/site-packages/compressai/models/video/google.py:353: FutureWarning: `torch.cuda.amp.autocast(args...)` is deprecated. Please use `torch.amp.autocast('cuda', args...)` instead.
  @amp.autocast(enabled=False)

I0317 15:57:03.954685 3983610 quantize_finetune_llama.py:202] layer 11 gpu 3
I0317 15:57:05.180424 3983610 quantize_finetune_llama.py:233] computed original embedding for layer 11 in 0.8039414882659912s
I0317 15:57:08.505399 3986982 config.py:54] PyTorch version 2.6.0 available.
W0317 15:57:08.787889 3986982 warnings.py:109] /opt/conda/lib/python3.10/site-packages/torchvision/io/image.py:13: UserWarning: Failed to load image Python extension: '/opt/conda/lib/python3.10/site-packages/torchvision/image.so: undefined symbol: _ZN3c1017RegisterOperatorsD1Ev'If you don't plan on using image functionality from `torchvision.io`, you can ignore this warning. Otherwise, there might be something wrong with your environment. Did you have `libjpeg` or `libpng` installed before building `torchvision` from source?
  warn(

W0317 15:57:09.669634 3986982 warnings.py:109] /opt/conda/lib/python3.10/site-packages/compressai/models/video/google.py:353: FutureWarning: `torch.cuda.amp.autocast(args...)` is deprecated. Please use `torch.amp.autocast('cuda', args...)` instead.
  @amp.autocast(enabled=False)

I0317 15:57:09.673512 3983610 quantize_finetune_llama.py:202] layer 12 gpu 0
I0317 15:57:09.817956 3986982 data_utils.py:336] using 256 training seqs, 128 validation seqs
I0317 15:57:11.007495 3983610 quantize_finetune_llama.py:233] computed original embedding for layer 12 in 0.9651391506195068s
I0317 15:57:14.567639 3987112 config.py:54] PyTorch version 2.6.0 available.
W0317 15:57:14.878256 3987112 warnings.py:109] /opt/conda/lib/python3.10/site-packages/torchvision/io/image.py:13: UserWarning: Failed to load image Python extension: '/opt/conda/lib/python3.10/site-packages/torchvision/image.so: undefined symbol: _ZN3c1017RegisterOperatorsD1Ev'If you don't plan on using image functionality from `torchvision.io`, you can ignore this warning. Otherwise, there might be something wrong with your environment. Did you have `libjpeg` or `libpng` installed before building `torchvision` from source?
  warn(

W0317 15:57:15.785860 3987112 warnings.py:109] /opt/conda/lib/python3.10/site-packages/compressai/models/video/google.py:353: FutureWarning: `torch.cuda.amp.autocast(args...)` is deprecated. Please use `torch.amp.autocast('cuda', args...)` instead.
  @amp.autocast(enabled=False)

I0317 15:57:15.789578 3983610 quantize_finetune_llama.py:202] layer 13 gpu 1
I0317 15:57:17.081412 3983610 quantize_finetune_llama.py:233] computed original embedding for layer 13 in 0.8882637023925781s
I0317 15:57:20.580200 3987239 config.py:54] PyTorch version 2.6.0 available.
W0317 15:57:20.859838 3987239 warnings.py:109] /opt/conda/lib/python3.10/site-packages/torchvision/io/image.py:13: UserWarning: Failed to load image Python extension: '/opt/conda/lib/python3.10/site-packages/torchvision/image.so: undefined symbol: _ZN3c1017RegisterOperatorsD1Ev'If you don't plan on using image functionality from `torchvision.io`, you can ignore this warning. Otherwise, there might be something wrong with your environment. Did you have `libjpeg` or `libpng` installed before building `torchvision` from source?
  warn(

W0317 15:57:21.745612 3987239 warnings.py:109] /opt/conda/lib/python3.10/site-packages/compressai/models/video/google.py:353: FutureWarning: `torch.cuda.amp.autocast(args...)` is deprecated. Please use `torch.amp.autocast('cuda', args...)` instead.
  @amp.autocast(enabled=False)

I0317 15:57:21.749401 3983610 quantize_finetune_llama.py:202] layer 14 gpu 2
11_v proxy err 0.004999537952244282 tr(WHW.T) 74.2698974609375
bpp_loss 4.1123669147491455
11_q proxy err 0.0002984644961543381 tr(WHW.T) 5157.30615234375
bpp_loss 5.095381498336792
11_k proxy err 9.589023102307692e-05 tr(WHW.T) 4189.68798828125
bpp_loss 6.5757715702056885
11_o proxy err 0.01140193548053503 tr(WHW.T) 4.454066753387451
bpp_loss 4.2482688426971436
11_up proxy err 0.002449881285429001 tr(WHW.T) 789.370361328125
bpp_loss 4.394079889569964
11_gate proxy err 0.0006184435915201902 tr(WHW.T) 3167.24609375
bpp_loss 4.672172001429966
11_down proxy err 0.0033804757986217737 tr(WHW.T) 9.071778297424316
bpp_loss 4.385319164821079
I0317 15:58:01.754574 3983610 quantize_finetune_llama.py:233] computed original embedding for layer 14 in 1.1954536437988281s
I0317 15:58:05.040406 3987856 config.py:54] PyTorch version 2.6.0 available.
W0317 15:58:05.321075 3987856 warnings.py:109] /opt/conda/lib/python3.10/site-packages/torchvision/io/image.py:13: UserWarning: Failed to load image Python extension: '/opt/conda/lib/python3.10/site-packages/torchvision/image.so: undefined symbol: _ZN3c1017RegisterOperatorsD1Ev'If you don't plan on using image functionality from `torchvision.io`, you can ignore this warning. Otherwise, there might be something wrong with your environment. Did you have `libjpeg` or `libpng` installed before building `torchvision` from source?
  warn(

W0317 15:58:06.196139 3987856 warnings.py:109] /opt/conda/lib/python3.10/site-packages/compressai/models/video/google.py:353: FutureWarning: `torch.cuda.amp.autocast(args...)` is deprecated. Please use `torch.amp.autocast('cuda', args...)` instead.
  @amp.autocast(enabled=False)

I0317 15:58:06.200051 3983610 quantize_finetune_llama.py:202] layer 15 gpu 3
I0317 15:58:07.471831 3983610 quantize_finetune_llama.py:233] computed original embedding for layer 15 in 0.8293662071228027s
I0317 15:58:10.709625 3987982 config.py:54] PyTorch version 2.6.0 available.
W0317 15:58:10.988801 3987982 warnings.py:109] /opt/conda/lib/python3.10/site-packages/torchvision/io/image.py:13: UserWarning: Failed to load image Python extension: '/opt/conda/lib/python3.10/site-packages/torchvision/image.so: undefined symbol: _ZN3c1017RegisterOperatorsD1Ev'If you don't plan on using image functionality from `torchvision.io`, you can ignore this warning. Otherwise, there might be something wrong with your environment. Did you have `libjpeg` or `libpng` installed before building `torchvision` from source?
  warn(

W0317 15:58:11.876253 3987982 warnings.py:109] /opt/conda/lib/python3.10/site-packages/compressai/models/video/google.py:353: FutureWarning: `torch.cuda.amp.autocast(args...)` is deprecated. Please use `torch.amp.autocast('cuda', args...)` instead.
  @amp.autocast(enabled=False)

I0317 15:58:11.880294 3983610 quantize_finetune_llama.py:202] layer 16 gpu 0
I0317 15:58:13.185822 3983610 quantize_finetune_llama.py:233] computed original embedding for layer 16 in 0.926854133605957s
I0317 15:58:16.660205 3988113 config.py:54] PyTorch version 2.6.0 available.
W0317 15:58:16.976715 3988113 warnings.py:109] /opt/conda/lib/python3.10/site-packages/torchvision/io/image.py:13: UserWarning: Failed to load image Python extension: '/opt/conda/lib/python3.10/site-packages/torchvision/image.so: undefined symbol: _ZN3c1017RegisterOperatorsD1Ev'If you don't plan on using image functionality from `torchvision.io`, you can ignore this warning. Otherwise, there might be something wrong with your environment. Did you have `libjpeg` or `libpng` installed before building `torchvision` from source?
  warn(

W0317 15:58:17.962028 3988113 warnings.py:109] /opt/conda/lib/python3.10/site-packages/compressai/models/video/google.py:353: FutureWarning: `torch.cuda.amp.autocast(args...)` is deprecated. Please use `torch.amp.autocast('cuda', args...)` instead.
  @amp.autocast(enabled=False)

I0317 15:58:17.965723 3983610 quantize_finetune_llama.py:202] layer 17 gpu 1
I0317 15:58:19.257589 3983610 quantize_finetune_llama.py:233] computed original embedding for layer 17 in 0.8876621723175049s
I0317 15:58:22.666898 3988230 config.py:54] PyTorch version 2.6.0 available.
W0317 15:58:22.968441 3988230 warnings.py:109] /opt/conda/lib/python3.10/site-packages/torchvision/io/image.py:13: UserWarning: Failed to load image Python extension: '/opt/conda/lib/python3.10/site-packages/torchvision/image.so: undefined symbol: _ZN3c1017RegisterOperatorsD1Ev'If you don't plan on using image functionality from `torchvision.io`, you can ignore this warning. Otherwise, there might be something wrong with your environment. Did you have `libjpeg` or `libpng` installed before building `torchvision` from source?
  warn(

W0317 15:58:23.911536 3988230 warnings.py:109] /opt/conda/lib/python3.10/site-packages/compressai/models/video/google.py:353: FutureWarning: `torch.cuda.amp.autocast(args...)` is deprecated. Please use `torch.amp.autocast('cuda', args...)` instead.
  @amp.autocast(enabled=False)

I0317 15:58:23.915715 3983610 quantize_finetune_llama.py:202] layer 18 gpu 2
I0317 15:58:25.207005 3983610 quantize_finetune_llama.py:233] computed original embedding for layer 18 in 0.8705010414123535s
I0317 15:58:28.805902 3988347 config.py:54] PyTorch version 2.6.0 available.
W0317 15:58:29.150794 3988347 warnings.py:109] /opt/conda/lib/python3.10/site-packages/torchvision/io/image.py:13: UserWarning: Failed to load image Python extension: '/opt/conda/lib/python3.10/site-packages/torchvision/image.so: undefined symbol: _ZN3c1017RegisterOperatorsD1Ev'If you don't plan on using image functionality from `torchvision.io`, you can ignore this warning. Otherwise, there might be something wrong with your environment. Did you have `libjpeg` or `libpng` installed before building `torchvision` from source?
  warn(

W0317 15:58:30.168954 3988347 warnings.py:109] /opt/conda/lib/python3.10/site-packages/compressai/models/video/google.py:353: FutureWarning: `torch.cuda.amp.autocast(args...)` is deprecated. Please use `torch.amp.autocast('cuda', args...)` instead.
  @amp.autocast(enabled=False)

I0317 15:58:30.172994 3983610 quantize_finetune_llama.py:202] layer 19 gpu 3
I0317 15:58:31.524167 3983610 quantize_finetune_llama.py:233] computed original embedding for layer 19 in 0.859243631362915s
I0317 15:58:34.868839 3988479 config.py:54] PyTorch version 2.6.0 available.
W0317 15:58:35.150052 3988479 warnings.py:109] /opt/conda/lib/python3.10/site-packages/torchvision/io/image.py:13: UserWarning: Failed to load image Python extension: '/opt/conda/lib/python3.10/site-packages/torchvision/image.so: undefined symbol: _ZN3c1017RegisterOperatorsD1Ev'If you don't plan on using image functionality from `torchvision.io`, you can ignore this warning. Otherwise, there might be something wrong with your environment. Did you have `libjpeg` or `libpng` installed before building `torchvision` from source?
  warn(

W0317 15:58:36.015701 3988479 warnings.py:109] /opt/conda/lib/python3.10/site-packages/compressai/models/video/google.py:353: FutureWarning: `torch.cuda.amp.autocast(args...)` is deprecated. Please use `torch.amp.autocast('cuda', args...)` instead.
  @amp.autocast(enabled=False)

I0317 15:58:36.019653 3983610 quantize_finetune_llama.py:202] layer 20 gpu 0
I0317 15:58:37.850924 3983610 quantize_finetune_llama.py:233] computed original embedding for layer 20 in 1.4088079929351807s
I0317 15:58:41.472722 3988606 config.py:54] PyTorch version 2.6.0 available.
W0317 15:58:41.763601 3988606 warnings.py:109] /opt/conda/lib/python3.10/site-packages/torchvision/io/image.py:13: UserWarning: Failed to load image Python extension: '/opt/conda/lib/python3.10/site-packages/torchvision/image.so: undefined symbol: _ZN3c1017RegisterOperatorsD1Ev'If you don't plan on using image functionality from `torchvision.io`, you can ignore this warning. Otherwise, there might be something wrong with your environment. Did you have `libjpeg` or `libpng` installed before building `torchvision` from source?
  warn(

W0317 15:58:42.669972 3988606 warnings.py:109] /opt/conda/lib/python3.10/site-packages/compressai/models/video/google.py:353: FutureWarning: `torch.cuda.amp.autocast(args...)` is deprecated. Please use `torch.amp.autocast('cuda', args...)` instead.
  @amp.autocast(enabled=False)

I0317 15:58:42.674195 3983610 quantize_finetune_llama.py:202] layer 21 gpu 1
I0317 15:58:44.107472 3983610 quantize_finetune_llama.py:233] computed original embedding for layer 21 in 0.876908540725708s
I0317 15:58:47.537180 3988745 config.py:54] PyTorch version 2.6.0 available.
W0317 15:58:47.819060 3988745 warnings.py:109] /opt/conda/lib/python3.10/site-packages/torchvision/io/image.py:13: UserWarning: Failed to load image Python extension: '/opt/conda/lib/python3.10/site-packages/torchvision/image.so: undefined symbol: _ZN3c1017RegisterOperatorsD1Ev'If you don't plan on using image functionality from `torchvision.io`, you can ignore this warning. Otherwise, there might be something wrong with your environment. Did you have `libjpeg` or `libpng` installed before building `torchvision` from source?
  warn(

W0317 15:58:48.735609 3988745 warnings.py:109] /opt/conda/lib/python3.10/site-packages/compressai/models/video/google.py:353: FutureWarning: `torch.cuda.amp.autocast(args...)` is deprecated. Please use `torch.amp.autocast('cuda', args...)` instead.
  @amp.autocast(enabled=False)

I0317 15:58:48.739619 3983610 quantize_finetune_llama.py:202] layer 22 gpu 2
I0317 15:58:50.073802 3983610 quantize_finetune_llama.py:233] computed original embedding for layer 22 in 0.943251371383667s
I0317 15:58:53.649611 3988862 config.py:54] PyTorch version 2.6.0 available.
W0317 15:58:53.955392 3988862 warnings.py:109] /opt/conda/lib/python3.10/site-packages/torchvision/io/image.py:13: UserWarning: Failed to load image Python extension: '/opt/conda/lib/python3.10/site-packages/torchvision/image.so: undefined symbol: _ZN3c1017RegisterOperatorsD1Ev'If you don't plan on using image functionality from `torchvision.io`, you can ignore this warning. Otherwise, there might be something wrong with your environment. Did you have `libjpeg` or `libpng` installed before building `torchvision` from source?
  warn(

W0317 15:58:54.949881 3988862 warnings.py:109] /opt/conda/lib/python3.10/site-packages/compressai/models/video/google.py:353: FutureWarning: `torch.cuda.amp.autocast(args...)` is deprecated. Please use `torch.amp.autocast('cuda', args...)` instead.
  @amp.autocast(enabled=False)

I0317 15:58:54.953931 3983610 quantize_finetune_llama.py:202] layer 23 gpu 3
I0317 15:58:56.365428 3983610 quantize_finetune_llama.py:233] computed original embedding for layer 23 in 1.0562119483947754s
I0317 15:58:59.841388 3988989 config.py:54] PyTorch version 2.6.0 available.
W0317 15:59:00.156145 3988989 warnings.py:109] /opt/conda/lib/python3.10/site-packages/torchvision/io/image.py:13: UserWarning: Failed to load image Python extension: '/opt/conda/lib/python3.10/site-packages/torchvision/image.so: undefined symbol: _ZN3c1017RegisterOperatorsD1Ev'If you don't plan on using image functionality from `torchvision.io`, you can ignore this warning. Otherwise, there might be something wrong with your environment. Did you have `libjpeg` or `libpng` installed before building `torchvision` from source?
  warn(

W0317 15:59:01.180854 3988989 warnings.py:109] /opt/conda/lib/python3.10/site-packages/compressai/models/video/google.py:353: FutureWarning: `torch.cuda.amp.autocast(args...)` is deprecated. Please use `torch.amp.autocast('cuda', args...)` instead.
  @amp.autocast(enabled=False)

I0317 15:59:01.184567 3983610 quantize_finetune_llama.py:202] layer 24 gpu 0
I0317 15:59:02.655571 3983610 quantize_finetune_llama.py:233] computed original embedding for layer 24 in 0.893887996673584s
I0317 15:59:06.096877 3989124 config.py:54] PyTorch version 2.6.0 available.
W0317 15:59:06.416381 3989124 warnings.py:109] /opt/conda/lib/python3.10/site-packages/torchvision/io/image.py:13: UserWarning: Failed to load image Python extension: '/opt/conda/lib/python3.10/site-packages/torchvision/image.so: undefined symbol: _ZN3c1017RegisterOperatorsD1Ev'If you don't plan on using image functionality from `torchvision.io`, you can ignore this warning. Otherwise, there might be something wrong with your environment. Did you have `libjpeg` or `libpng` installed before building `torchvision` from source?
  warn(

W0317 15:59:07.448593 3989124 warnings.py:109] /opt/conda/lib/python3.10/site-packages/compressai/models/video/google.py:353: FutureWarning: `torch.cuda.amp.autocast(args...)` is deprecated. Please use `torch.amp.autocast('cuda', args...)` instead.
  @amp.autocast(enabled=False)

I0317 15:59:07.452636 3983610 quantize_finetune_llama.py:202] layer 25 gpu 1
I0317 15:59:09.340494 3983610 quantize_finetune_llama.py:233] computed original embedding for layer 25 in 1.3761446475982666s
I0317 15:59:12.676975 3989250 config.py:54] PyTorch version 2.6.0 available.
W0317 15:59:12.957236 3989250 warnings.py:109] /opt/conda/lib/python3.10/site-packages/torchvision/io/image.py:13: UserWarning: Failed to load image Python extension: '/opt/conda/lib/python3.10/site-packages/torchvision/image.so: undefined symbol: _ZN3c1017RegisterOperatorsD1Ev'If you don't plan on using image functionality from `torchvision.io`, you can ignore this warning. Otherwise, there might be something wrong with your environment. Did you have `libjpeg` or `libpng` installed before building `torchvision` from source?
  warn(

W0317 15:59:13.833576 3989250 warnings.py:109] /opt/conda/lib/python3.10/site-packages/compressai/models/video/google.py:353: FutureWarning: `torch.cuda.amp.autocast(args...)` is deprecated. Please use `torch.amp.autocast('cuda', args...)` instead.
  @amp.autocast(enabled=False)

I0317 15:59:13.837453 3983610 quantize_finetune_llama.py:202] layer 26 gpu 2
I0317 15:59:15.197550 3983610 quantize_finetune_llama.py:233] computed original embedding for layer 26 in 0.9859740734100342s
I0317 15:59:18.986043 3989367 config.py:54] PyTorch version 2.6.0 available.
W0317 15:59:19.281718 3989367 warnings.py:109] /opt/conda/lib/python3.10/site-packages/torchvision/io/image.py:13: UserWarning: Failed to load image Python extension: '/opt/conda/lib/python3.10/site-packages/torchvision/image.so: undefined symbol: _ZN3c1017RegisterOperatorsD1Ev'If you don't plan on using image functionality from `torchvision.io`, you can ignore this warning. Otherwise, there might be something wrong with your environment. Did you have `libjpeg` or `libpng` installed before building `torchvision` from source?
  warn(

W0317 15:59:20.191822 3989367 warnings.py:109] /opt/conda/lib/python3.10/site-packages/compressai/models/video/google.py:353: FutureWarning: `torch.cuda.amp.autocast(args...)` is deprecated. Please use `torch.amp.autocast('cuda', args...)` instead.
  @amp.autocast(enabled=False)

I0317 15:59:20.195630 3983610 quantize_finetune_llama.py:202] layer 27 gpu 3
I0317 15:59:21.473671 3983610 quantize_finetune_llama.py:233] computed original embedding for layer 27 in 0.8932280540466309s
I0317 15:59:25.042354 3989504 config.py:54] PyTorch version 2.6.0 available.
W0317 15:59:25.359562 3989504 warnings.py:109] /opt/conda/lib/python3.10/site-packages/torchvision/io/image.py:13: UserWarning: Failed to load image Python extension: '/opt/conda/lib/python3.10/site-packages/torchvision/image.so: undefined symbol: _ZN3c1017RegisterOperatorsD1Ev'If you don't plan on using image functionality from `torchvision.io`, you can ignore this warning. Otherwise, there might be something wrong with your environment. Did you have `libjpeg` or `libpng` installed before building `torchvision` from source?
  warn(

W0317 15:59:26.341474 3989504 warnings.py:109] /opt/conda/lib/python3.10/site-packages/compressai/models/video/google.py:353: FutureWarning: `torch.cuda.amp.autocast(args...)` is deprecated. Please use `torch.amp.autocast('cuda', args...)` instead.
  @amp.autocast(enabled=False)

I0317 15:59:26.345285 3983610 quantize_finetune_llama.py:202] layer 28 gpu 0
I0317 15:59:27.637108 3983610 quantize_finetune_llama.py:233] computed original embedding for layer 28 in 0.8712279796600342s
I0317 15:59:31.316035 3989631 config.py:54] PyTorch version 2.6.0 available.
W0317 15:59:31.619520 3989631 warnings.py:109] /opt/conda/lib/python3.10/site-packages/torchvision/io/image.py:13: UserWarning: Failed to load image Python extension: '/opt/conda/lib/python3.10/site-packages/torchvision/image.so: undefined symbol: _ZN3c1017RegisterOperatorsD1Ev'If you don't plan on using image functionality from `torchvision.io`, you can ignore this warning. Otherwise, there might be something wrong with your environment. Did you have `libjpeg` or `libpng` installed before building `torchvision` from source?
  warn(

W0317 15:59:32.537150 3989631 warnings.py:109] /opt/conda/lib/python3.10/site-packages/compressai/models/video/google.py:353: FutureWarning: `torch.cuda.amp.autocast(args...)` is deprecated. Please use `torch.amp.autocast('cuda', args...)` instead.
  @amp.autocast(enabled=False)

I0317 15:59:32.541112 3983610 quantize_finetune_llama.py:202] layer 29 gpu 1
I0317 15:59:33.821354 3983610 quantize_finetune_llama.py:233] computed original embedding for layer 29 in 0.8840880393981934s
I0317 15:59:37.499121 3989753 config.py:54] PyTorch version 2.6.0 available.
W0317 15:59:37.818294 3989753 warnings.py:109] /opt/conda/lib/python3.10/site-packages/torchvision/io/image.py:13: UserWarning: Failed to load image Python extension: '/opt/conda/lib/python3.10/site-packages/torchvision/image.so: undefined symbol: _ZN3c1017RegisterOperatorsD1Ev'If you don't plan on using image functionality from `torchvision.io`, you can ignore this warning. Otherwise, there might be something wrong with your environment. Did you have `libjpeg` or `libpng` installed before building `torchvision` from source?
  warn(

W0317 15:59:38.846447 3989753 warnings.py:109] /opt/conda/lib/python3.10/site-packages/compressai/models/video/google.py:353: FutureWarning: `torch.cuda.amp.autocast(args...)` is deprecated. Please use `torch.amp.autocast('cuda', args...)` instead.
  @amp.autocast(enabled=False)

I0317 15:59:38.850435 3983610 quantize_finetune_llama.py:202] layer 30 gpu 2
I0317 15:59:39.986644 3983610 quantize_finetune_llama.py:233] computed original embedding for layer 30 in 0.752716064453125s
I0317 15:59:43.211029 3989867 config.py:54] PyTorch version 2.6.0 available.
W0317 15:59:43.491780 3989867 warnings.py:109] /opt/conda/lib/python3.10/site-packages/torchvision/io/image.py:13: UserWarning: Failed to load image Python extension: '/opt/conda/lib/python3.10/site-packages/torchvision/image.so: undefined symbol: _ZN3c1017RegisterOperatorsD1Ev'If you don't plan on using image functionality from `torchvision.io`, you can ignore this warning. Otherwise, there might be something wrong with your environment. Did you have `libjpeg` or `libpng` installed before building `torchvision` from source?
  warn(

W0317 15:59:44.360471 3989867 warnings.py:109] /opt/conda/lib/python3.10/site-packages/compressai/models/video/google.py:353: FutureWarning: `torch.cuda.amp.autocast(args...)` is deprecated. Please use `torch.amp.autocast('cuda', args...)` instead.
  @amp.autocast(enabled=False)

I0317 15:59:44.364615 3983610 quantize_finetune_llama.py:202] layer 31 gpu 3
I0317 15:59:46.294680 3983610 quantize_finetune_llama.py:233] computed original embedding for layer 31 in 1.3749520778656006s
I0317 15:59:49.894305 3990011 config.py:54] PyTorch version 2.6.0 available.
W0317 15:59:50.176721 3990011 warnings.py:109] /opt/conda/lib/python3.10/site-packages/torchvision/io/image.py:13: UserWarning: Failed to load image Python extension: '/opt/conda/lib/python3.10/site-packages/torchvision/image.so: undefined symbol: _ZN3c1017RegisterOperatorsD1Ev'If you don't plan on using image functionality from `torchvision.io`, you can ignore this warning. Otherwise, there might be something wrong with your environment. Did you have `libjpeg` or `libpng` installed before building `torchvision` from source?
  warn(

W0317 15:59:51.072755 3990011 warnings.py:109] /opt/conda/lib/python3.10/site-packages/compressai/models/video/google.py:353: FutureWarning: `torch.cuda.amp.autocast(args...)` is deprecated. Please use `torch.amp.autocast('cuda', args...)` instead.
  @amp.autocast(enabled=False)

