I0317 13:45:07.169931 3897623 config.py:54] PyTorch version 2.6.0 available.
W0317 13:45:07.450052 3897623 warnings.py:109] /opt/conda/lib/python3.10/site-packages/torchvision/io/image.py:13: UserWarning: Failed to load image Python extension: '/opt/conda/lib/python3.10/site-packages/torchvision/image.so: undefined symbol: _ZN3c1017RegisterOperatorsD1Ev'If you don't plan on using image functionality from `torchvision.io`, you can ignore this warning. Otherwise, there might be something wrong with your environment. Did you have `libjpeg` or `libpng` installed before building `torchvision` from source?
  warn(

W0317 13:45:08.326402 3897623 warnings.py:109] /opt/conda/lib/python3.10/site-packages/compressai/models/video/google.py:353: FutureWarning: `torch.cuda.amp.autocast(args...)` is deprecated. Please use `torch.amp.autocast('cuda', args...)` instead.
  @amp.autocast(enabled=False)

Loading checkpoint shards:   0%|          | 0/6 [00:00<?, ?it/s]Loading checkpoint shards:  17%|█▋        | 1/6 [00:00<00:00,  7.24it/s]Loading checkpoint shards:  33%|███▎      | 2/6 [00:00<00:00,  7.92it/s]Loading checkpoint shards:  50%|█████     | 3/6 [00:00<00:00,  8.25it/s]Loading checkpoint shards:  67%|██████▋   | 4/6 [00:00<00:00,  8.44it/s]Loading checkpoint shards:  83%|████████▎ | 5/6 [00:00<00:00,  8.54it/s]Loading checkpoint shards: 100%|██████████| 6/6 [00:00<00:00,  8.67it/s]Loading checkpoint shards: 100%|██████████| 6/6 [00:00<00:00,  8.42it/s]
I0317 13:45:09.245791 3897623 quantize_finetune_llama.py:144] loaded model
I0317 13:45:09.477240 3897623 quantize_finetune_llama.py:177] loaded compression model
I0317 13:45:24.204194 3897623 quantize_finetune_llama.py:181] loaded dataset and devset
I0317 13:45:29.240589 3897623 quantize_finetune_llama.py:201] layer 0 gpu 0
I0317 13:45:31.971978 3897623 quantize_finetune_llama.py:232] computed original embedding for layer 0 in 2.5718631744384766s
huggingface/tokenizers: The current process just got forked, after parallelism has already been used. Disabling parallelism to avoid deadlocks...
To disable this warning, you can either:
	- Avoid using `tokenizers` before the fork if possible
	- Explicitly set the environment variable TOKENIZERS_PARALLELISM=(true | false)
I0317 13:45:48.873586 3898274 config.py:54] PyTorch version 2.6.0 available.
W0317 13:45:49.154806 3898274 warnings.py:109] /opt/conda/lib/python3.10/site-packages/torchvision/io/image.py:13: UserWarning: Failed to load image Python extension: '/opt/conda/lib/python3.10/site-packages/torchvision/image.so: undefined symbol: _ZN3c1017RegisterOperatorsD1Ev'If you don't plan on using image functionality from `torchvision.io`, you can ignore this warning. Otherwise, there might be something wrong with your environment. Did you have `libjpeg` or `libpng` installed before building `torchvision` from source?
  warn(

W0317 13:45:50.040476 3898274 warnings.py:109] /opt/conda/lib/python3.10/site-packages/compressai/models/video/google.py:353: FutureWarning: `torch.cuda.amp.autocast(args...)` is deprecated. Please use `torch.amp.autocast('cuda', args...)` instead.
  @amp.autocast(enabled=False)

I0317 13:45:50.044542 3897623 quantize_finetune_llama.py:201] layer 1 gpu 1
I0317 13:45:50.205756 3898274 data_utils.py:336] using 256 training seqs, 128 validation seqs
I0317 13:45:52.672661 3897623 quantize_finetune_llama.py:232] computed original embedding for layer 1 in 2.4719271659851074s
I0317 13:45:56.255717 3898405 config.py:54] PyTorch version 2.6.0 available.
W0317 13:45:56.574672 3898405 warnings.py:109] /opt/conda/lib/python3.10/site-packages/torchvision/io/image.py:13: UserWarning: Failed to load image Python extension: '/opt/conda/lib/python3.10/site-packages/torchvision/image.so: undefined symbol: _ZN3c1017RegisterOperatorsD1Ev'If you don't plan on using image functionality from `torchvision.io`, you can ignore this warning. Otherwise, there might be something wrong with your environment. Did you have `libjpeg` or `libpng` installed before building `torchvision` from source?
  warn(

W0317 13:45:57.513361 3898405 warnings.py:109] /opt/conda/lib/python3.10/site-packages/compressai/models/video/google.py:353: FutureWarning: `torch.cuda.amp.autocast(args...)` is deprecated. Please use `torch.amp.autocast('cuda', args...)` instead.
  @amp.autocast(enabled=False)

I0317 13:45:57.517320 3897623 quantize_finetune_llama.py:201] layer 2 gpu 2
I0317 13:45:57.671596 3898405 data_utils.py:336] using 256 training seqs, 128 validation seqs
I0317 13:46:00.365824 3897623 quantize_finetune_llama.py:232] computed original embedding for layer 2 in 2.6915838718414307s
I0317 13:46:03.976704 3898547 config.py:54] PyTorch version 2.6.0 available.
W0317 13:46:04.304922 3898547 warnings.py:109] /opt/conda/lib/python3.10/site-packages/torchvision/io/image.py:13: UserWarning: Failed to load image Python extension: '/opt/conda/lib/python3.10/site-packages/torchvision/image.so: undefined symbol: _ZN3c1017RegisterOperatorsD1Ev'If you don't plan on using image functionality from `torchvision.io`, you can ignore this warning. Otherwise, there might be something wrong with your environment. Did you have `libjpeg` or `libpng` installed before building `torchvision` from source?
  warn(

W0317 13:46:05.307739 3898547 warnings.py:109] /opt/conda/lib/python3.10/site-packages/compressai/models/video/google.py:353: FutureWarning: `torch.cuda.amp.autocast(args...)` is deprecated. Please use `torch.amp.autocast('cuda', args...)` instead.
  @amp.autocast(enabled=False)

I0317 13:46:05.311717 3897623 quantize_finetune_llama.py:201] layer 3 gpu 3
I0317 13:46:05.498893 3898547 data_utils.py:336] using 256 training seqs, 128 validation seqs
I0317 13:46:08.246008 3897623 quantize_finetune_llama.py:232] computed original embedding for layer 3 in 2.776865005493164s
I0317 13:46:12.261908 3898689 config.py:54] PyTorch version 2.6.0 available.
W0317 13:46:12.632971 3898689 warnings.py:109] /opt/conda/lib/python3.10/site-packages/torchvision/io/image.py:13: UserWarning: Failed to load image Python extension: '/opt/conda/lib/python3.10/site-packages/torchvision/image.so: undefined symbol: _ZN3c1017RegisterOperatorsD1Ev'If you don't plan on using image functionality from `torchvision.io`, you can ignore this warning. Otherwise, there might be something wrong with your environment. Did you have `libjpeg` or `libpng` installed before building `torchvision` from source?
  warn(

W0317 13:46:13.788832 3898689 warnings.py:109] /opt/conda/lib/python3.10/site-packages/compressai/models/video/google.py:353: FutureWarning: `torch.cuda.amp.autocast(args...)` is deprecated. Please use `torch.amp.autocast('cuda', args...)` instead.
  @amp.autocast(enabled=False)

I0317 13:46:13.793334 3897623 quantize_finetune_llama.py:201] layer 4 gpu 0
I0317 13:46:13.965099 3898689 data_utils.py:336] using 256 training seqs, 128 validation seqs
0_v proxy err 0.018534090369939804 tr(WHW.T) 4.225186347961426
0_q proxy err 8.368634735234082e-05 tr(WHW.T) 2710.363037109375
0_k proxy err 9.990838589146733e-05 tr(WHW.T) 1698.7349853515625
0_o proxy err 0.0012068840442225337 tr(WHW.T) 0.9668058156967163
0_up proxy err 0.0023763272911310196 tr(WHW.T) 43.27138900756836
0_gate proxy err 0.0016442090272903442 tr(WHW.T) 63.47430419921875
0_down proxy err 0.0016340917209163308 tr(WHW.T) 0.656814694404602
1_v proxy err 0.02684459649026394 tr(WHW.T) 16.465883255004883
1_q proxy err 0.00015186572272796184 tr(WHW.T) 4778.43994140625
1_k proxy err 0.00014496482617687434 tr(WHW.T) 4995.39208984375
1_o proxy err 0.00441370066255331 tr(WHW.T) 1.1115814447402954
1_up proxy err 0.0025041690096259117 tr(WHW.T) 109.66383361816406
1_gate proxy err 0.001286018406972289 tr(WHW.T) 221.3038787841797
1_down proxy err 0.0014572961954399943 tr(WHW.T) 2041.4736328125
I0317 13:46:47.873550 3897623 quantize_finetune_llama.py:232] computed original embedding for layer 4 in 1.0107471942901611s
I0317 13:46:51.740301 3899220 config.py:54] PyTorch version 2.6.0 available.
W0317 13:46:52.086529 3899220 warnings.py:109] /opt/conda/lib/python3.10/site-packages/torchvision/io/image.py:13: UserWarning: Failed to load image Python extension: '/opt/conda/lib/python3.10/site-packages/torchvision/image.so: undefined symbol: _ZN3c1017RegisterOperatorsD1Ev'If you don't plan on using image functionality from `torchvision.io`, you can ignore this warning. Otherwise, there might be something wrong with your environment. Did you have `libjpeg` or `libpng` installed before building `torchvision` from source?
  warn(

W0317 13:46:53.087889 3899220 warnings.py:109] /opt/conda/lib/python3.10/site-packages/compressai/models/video/google.py:353: FutureWarning: `torch.cuda.amp.autocast(args...)` is deprecated. Please use `torch.amp.autocast('cuda', args...)` instead.
  @amp.autocast(enabled=False)

I0317 13:46:53.092143 3897623 quantize_finetune_llama.py:201] layer 5 gpu 1
I0317 13:46:53.272282 3899220 data_utils.py:336] using 256 training seqs, 128 validation seqs
2_v proxy err 0.007147449534386396 tr(WHW.T) 136.67332458496094
2_q proxy err 0.00018288340652361512 tr(WHW.T) 7752.85205078125
2_k proxy err 0.00014136277604848146 tr(WHW.T) 10205.837890625
2_o proxy err 0.0037861287128180265 tr(WHW.T) 1.4603197574615479
2_up proxy err 0.002923964522778988 tr(WHW.T) 193.43603515625
2_gate proxy err 0.001905091805383563 tr(WHW.T) 306.6622619628906
2_down proxy err 0.003373818239197135 tr(WHW.T) 3.010739803314209
I0317 13:46:55.836545 3897623 quantize_finetune_llama.py:232] computed original embedding for layer 5 in 0.9817931652069092s
I0317 13:46:59.438622 3899368 config.py:54] PyTorch version 2.6.0 available.
W0317 13:46:59.772915 3899368 warnings.py:109] /opt/conda/lib/python3.10/site-packages/torchvision/io/image.py:13: UserWarning: Failed to load image Python extension: '/opt/conda/lib/python3.10/site-packages/torchvision/image.so: undefined symbol: _ZN3c1017RegisterOperatorsD1Ev'If you don't plan on using image functionality from `torchvision.io`, you can ignore this warning. Otherwise, there might be something wrong with your environment. Did you have `libjpeg` or `libpng` installed before building `torchvision` from source?
  warn(

W0317 13:47:00.767694 3899368 warnings.py:109] /opt/conda/lib/python3.10/site-packages/compressai/models/video/google.py:353: FutureWarning: `torch.cuda.amp.autocast(args...)` is deprecated. Please use `torch.amp.autocast('cuda', args...)` instead.
  @amp.autocast(enabled=False)

I0317 13:47:00.771834 3897623 quantize_finetune_llama.py:201] layer 6 gpu 2
I0317 13:47:00.940243 3899368 data_utils.py:336] using 256 training seqs, 128 validation seqs
3_v proxy err 0.006698602810502052 tr(WHW.T) 284.77557373046875
3_q proxy err 0.0003505938220769167 tr(WHW.T) 7217.63720703125
3_k proxy err 0.00025791945517994463 tr(WHW.T) 10074.73828125
3_o proxy err 0.003752949647605419 tr(WHW.T) 3.3527450561523438
3_up proxy err 0.0033367504365742207 tr(WHW.T) 284.7950744628906
3_gate proxy err 0.00205788086168468 tr(WHW.T) 478.13714599609375
3_down proxy err 0.003447266761213541 tr(WHW.T) 6.133229732513428
I0317 13:47:10.083012 3897623 quantize_finetune_llama.py:232] computed original embedding for layer 6 in 0.8722198009490967s
I0317 13:47:13.885743 3899589 config.py:54] PyTorch version 2.6.0 available.
W0317 13:47:14.241879 3899589 warnings.py:109] /opt/conda/lib/python3.10/site-packages/torchvision/io/image.py:13: UserWarning: Failed to load image Python extension: '/opt/conda/lib/python3.10/site-packages/torchvision/image.so: undefined symbol: _ZN3c1017RegisterOperatorsD1Ev'If you don't plan on using image functionality from `torchvision.io`, you can ignore this warning. Otherwise, there might be something wrong with your environment. Did you have `libjpeg` or `libpng` installed before building `torchvision` from source?
  warn(

W0317 13:47:15.225540 3899589 warnings.py:109] /opt/conda/lib/python3.10/site-packages/compressai/models/video/google.py:353: FutureWarning: `torch.cuda.amp.autocast(args...)` is deprecated. Please use `torch.amp.autocast('cuda', args...)` instead.
  @amp.autocast(enabled=False)

I0317 13:47:15.229900 3897623 quantize_finetune_llama.py:201] layer 7 gpu 3
I0317 13:47:15.407260 3899589 data_utils.py:336] using 256 training seqs, 128 validation seqs
I0317 13:47:16.707761 3897623 quantize_finetune_llama.py:232] computed original embedding for layer 7 in 0.9793744087219238s
I0317 13:47:20.644118 3899723 config.py:54] PyTorch version 2.6.0 available.
W0317 13:47:21.028691 3899723 warnings.py:109] /opt/conda/lib/python3.10/site-packages/torchvision/io/image.py:13: UserWarning: Failed to load image Python extension: '/opt/conda/lib/python3.10/site-packages/torchvision/image.so: undefined symbol: _ZN3c1017RegisterOperatorsD1Ev'If you don't plan on using image functionality from `torchvision.io`, you can ignore this warning. Otherwise, there might be something wrong with your environment. Did you have `libjpeg` or `libpng` installed before building `torchvision` from source?
  warn(

W0317 13:47:22.085045 3899723 warnings.py:109] /opt/conda/lib/python3.10/site-packages/compressai/models/video/google.py:353: FutureWarning: `torch.cuda.amp.autocast(args...)` is deprecated. Please use `torch.amp.autocast('cuda', args...)` instead.
  @amp.autocast(enabled=False)

I0317 13:47:22.089365 3897623 quantize_finetune_llama.py:201] layer 8 gpu 0
I0317 13:47:22.308541 3899723 data_utils.py:336] using 256 training seqs, 128 validation seqs
4_v proxy err 0.006434325594455004 tr(WHW.T) 274.6131286621094
4_q proxy err 0.00033714628079906106 tr(WHW.T) 6914.9892578125
4_k proxy err 0.0002317717589903623 tr(WHW.T) 10415.33203125
4_o proxy err 0.003767099929973483 tr(WHW.T) 5.139806270599365
4_up proxy err 0.0032924823462963104 tr(WHW.T) 397.6960144042969
4_gate proxy err 0.0016733420779928565 tr(WHW.T) 821.1856689453125
4_down proxy err 0.0034498400054872036 tr(WHW.T) 11.562739372253418
5_v proxy err 0.006430530920624733 tr(WHW.T) 298.47540283203125
5_q proxy err 0.0003655770269688219 tr(WHW.T) 6770.97509765625
5_k proxy err 0.00024043774465098977 tr(WHW.T) 10841.955078125
5_o proxy err 0.005342882126569748 tr(WHW.T) 7.947142601013184
5_up proxy err 0.0032305768691003323 tr(WHW.T) 506.6408386230469
5_gate proxy err 0.0015590691473335028 tr(WHW.T) 1104.867919921875
5_down proxy err 0.0036338220816105604 tr(WHW.T) 15.6494779586792
I0317 13:47:51.362941 3897623 quantize_finetune_llama.py:232] computed original embedding for layer 8 in 1.039175033569336s
I0317 13:47:54.954750 3900199 config.py:54] PyTorch version 2.6.0 available.
W0317 13:47:55.262189 3900199 warnings.py:109] /opt/conda/lib/python3.10/site-packages/torchvision/io/image.py:13: UserWarning: Failed to load image Python extension: '/opt/conda/lib/python3.10/site-packages/torchvision/image.so: undefined symbol: _ZN3c1017RegisterOperatorsD1Ev'If you don't plan on using image functionality from `torchvision.io`, you can ignore this warning. Otherwise, there might be something wrong with your environment. Did you have `libjpeg` or `libpng` installed before building `torchvision` from source?
  warn(

W0317 13:47:56.315356 3900199 warnings.py:109] /opt/conda/lib/python3.10/site-packages/compressai/models/video/google.py:353: FutureWarning: `torch.cuda.amp.autocast(args...)` is deprecated. Please use `torch.amp.autocast('cuda', args...)` instead.
  @amp.autocast(enabled=False)

I0317 13:47:56.319965 3897623 quantize_finetune_llama.py:201] layer 9 gpu 1
I0317 13:47:56.663053 3900199 data_utils.py:336] using 256 training seqs, 128 validation seqs
6_v proxy err 0.00622536288574338 tr(WHW.T) 443.5464782714844
6_q proxy err 0.0004691478970926255 tr(WHW.T) 7576.53857421875
6_k proxy err 0.000351835711626336 tr(WHW.T) 10409.4033203125
6_o proxy err 0.004891062155365944 tr(WHW.T) 11.564380645751953
6_up proxy err 0.0032361808698624372 tr(WHW.T) 617.2608642578125
6_gate proxy err 0.0013664650032296777 tr(WHW.T) 1554.7271728515625
6_down proxy err 0.003746115369722247 tr(WHW.T) 22.988168716430664
I0317 13:48:05.553871 3897623 quantize_finetune_llama.py:232] computed original embedding for layer 9 in 0.9205586910247803s
I0317 13:48:09.222104 3900423 config.py:54] PyTorch version 2.6.0 available.
W0317 13:48:09.594856 3900423 warnings.py:109] /opt/conda/lib/python3.10/site-packages/torchvision/io/image.py:13: UserWarning: Failed to load image Python extension: '/opt/conda/lib/python3.10/site-packages/torchvision/image.so: undefined symbol: _ZN3c1017RegisterOperatorsD1Ev'If you don't plan on using image functionality from `torchvision.io`, you can ignore this warning. Otherwise, there might be something wrong with your environment. Did you have `libjpeg` or `libpng` installed before building `torchvision` from source?
  warn(

W0317 13:48:10.588766 3900423 warnings.py:109] /opt/conda/lib/python3.10/site-packages/compressai/models/video/google.py:353: FutureWarning: `torch.cuda.amp.autocast(args...)` is deprecated. Please use `torch.amp.autocast('cuda', args...)` instead.
  @amp.autocast(enabled=False)

I0317 13:48:10.593114 3897623 quantize_finetune_llama.py:201] layer 10 gpu 2
I0317 13:48:10.860216 3900423 data_utils.py:336] using 256 training seqs, 128 validation seqs
7_v proxy err 0.0060808127745985985 tr(WHW.T) 489.9357604980469
7_q proxy err 0.0005006332066841424 tr(WHW.T) 7672.17919921875
7_k proxy err 0.00038332853000611067 tr(WHW.T) 10198.3701171875
7_o proxy err 0.005595488008111715 tr(WHW.T) 15.11335563659668
7_up proxy err 0.0031916790176182985 tr(WHW.T) 735.8538818359375
7_gate proxy err 0.001331009203568101 tr(WHW.T) 1876.0390625
7_down proxy err 0.0037974631413817406 tr(WHW.T) 30.58672523498535
I0317 13:48:18.869918 3897623 quantize_finetune_llama.py:232] computed original embedding for layer 10 in 1.0135021209716797s
I0317 13:48:22.707450 3900641 config.py:54] PyTorch version 2.6.0 available.
W0317 13:48:23.002470 3900641 warnings.py:109] /opt/conda/lib/python3.10/site-packages/torchvision/io/image.py:13: UserWarning: Failed to load image Python extension: '/opt/conda/lib/python3.10/site-packages/torchvision/image.so: undefined symbol: _ZN3c1017RegisterOperatorsD1Ev'If you don't plan on using image functionality from `torchvision.io`, you can ignore this warning. Otherwise, there might be something wrong with your environment. Did you have `libjpeg` or `libpng` installed before building `torchvision` from source?
  warn(

W0317 13:48:23.925633 3900641 warnings.py:109] /opt/conda/lib/python3.10/site-packages/compressai/models/video/google.py:353: FutureWarning: `torch.cuda.amp.autocast(args...)` is deprecated. Please use `torch.amp.autocast('cuda', args...)` instead.
  @amp.autocast(enabled=False)

I0317 13:48:23.929573 3897623 quantize_finetune_llama.py:201] layer 11 gpu 3
I0317 13:48:24.137389 3900641 data_utils.py:336] using 256 training seqs, 128 validation seqs
I0317 13:48:25.698665 3897623 quantize_finetune_llama.py:232] computed original embedding for layer 11 in 1.2065184116363525s
I0317 13:48:29.587039 3900787 config.py:54] PyTorch version 2.6.0 available.
W0317 13:48:29.924371 3900787 warnings.py:109] /opt/conda/lib/python3.10/site-packages/torchvision/io/image.py:13: UserWarning: Failed to load image Python extension: '/opt/conda/lib/python3.10/site-packages/torchvision/image.so: undefined symbol: _ZN3c1017RegisterOperatorsD1Ev'If you don't plan on using image functionality from `torchvision.io`, you can ignore this warning. Otherwise, there might be something wrong with your environment. Did you have `libjpeg` or `libpng` installed before building `torchvision` from source?
  warn(

W0317 13:48:31.047185 3900787 warnings.py:109] /opt/conda/lib/python3.10/site-packages/compressai/models/video/google.py:353: FutureWarning: `torch.cuda.amp.autocast(args...)` is deprecated. Please use `torch.amp.autocast('cuda', args...)` instead.
  @amp.autocast(enabled=False)

I0317 13:48:31.051580 3897623 quantize_finetune_llama.py:201] layer 12 gpu 0
I0317 13:48:31.248431 3900787 data_utils.py:336] using 256 training seqs, 128 validation seqs
8_v proxy err 0.005780090112239122 tr(WHW.T) 530.9967041015625
8_q proxy err 0.0005429210723377764 tr(WHW.T) 7228.1201171875
8_k proxy err 0.00037691774195991457 tr(WHW.T) 10639.1015625
8_o proxy err 0.006360669620335102 tr(WHW.T) 20.092191696166992
8_up proxy err 0.002946137683466077 tr(WHW.T) 866.312744140625
8_gate proxy err 0.0013631078181788325 tr(WHW.T) 1970.857177734375
8_down proxy err 0.0037886498030275106 tr(WHW.T) 37.177734375
9_v proxy err 0.0054483115673065186 tr(WHW.T) 565.0663452148438
9_q proxy err 0.0005622185999527574 tr(WHW.T) 6970.3359375
9_k proxy err 0.00036477501271292567 tr(WHW.T) 10987.3515625
9_o proxy err 0.006347151473164558 tr(WHW.T) 25.610172271728516
9_up proxy err 0.002846963470801711 tr(WHW.T) 970.8984375
9_gate proxy err 0.001354339299723506 tr(WHW.T) 2132.69384765625
9_down proxy err 0.0038017411716282368 tr(WHW.T) 42.99482727050781
I0317 13:49:01.036400 3897623 quantize_finetune_llama.py:232] computed original embedding for layer 12 in 0.9697136878967285s
I0317 13:49:04.641011 3901267 config.py:54] PyTorch version 2.6.0 available.
W0317 13:49:04.989367 3901267 warnings.py:109] /opt/conda/lib/python3.10/site-packages/torchvision/io/image.py:13: UserWarning: Failed to load image Python extension: '/opt/conda/lib/python3.10/site-packages/torchvision/image.so: undefined symbol: _ZN3c1017RegisterOperatorsD1Ev'If you don't plan on using image functionality from `torchvision.io`, you can ignore this warning. Otherwise, there might be something wrong with your environment. Did you have `libjpeg` or `libpng` installed before building `torchvision` from source?
  warn(

W0317 13:49:06.006484 3901267 warnings.py:109] /opt/conda/lib/python3.10/site-packages/compressai/models/video/google.py:353: FutureWarning: `torch.cuda.amp.autocast(args...)` is deprecated. Please use `torch.amp.autocast('cuda', args...)` instead.
  @amp.autocast(enabled=False)

I0317 13:49:06.010686 3897623 quantize_finetune_llama.py:201] layer 13 gpu 1
I0317 13:49:06.179660 3901267 data_utils.py:336] using 256 training seqs, 128 validation seqs
10_v proxy err 0.005503384862095118 tr(WHW.T) 578.807373046875
10_q proxy err 0.0005846901331096888 tr(WHW.T) 6915.87109375
10_k proxy err 0.0003786786401178688 tr(WHW.T) 10996.2431640625
10_o proxy err 0.00653056101873517 tr(WHW.T) 35.184165954589844
10_up proxy err 0.002692434936761856 tr(WHW.T) 1080.198486328125
10_gate proxy err 0.0013389101950451732 tr(WHW.T) 2260.88330078125
10_down proxy err 0.0036299102939665318 tr(WHW.T) 52.33584976196289
I0317 13:49:14.893963 3897623 quantize_finetune_llama.py:232] computed original embedding for layer 13 in 0.9141583442687988s
I0317 13:49:18.559390 3901473 config.py:54] PyTorch version 2.6.0 available.
W0317 13:49:18.872569 3901473 warnings.py:109] /opt/conda/lib/python3.10/site-packages/torchvision/io/image.py:13: UserWarning: Failed to load image Python extension: '/opt/conda/lib/python3.10/site-packages/torchvision/image.so: undefined symbol: _ZN3c1017RegisterOperatorsD1Ev'If you don't plan on using image functionality from `torchvision.io`, you can ignore this warning. Otherwise, there might be something wrong with your environment. Did you have `libjpeg` or `libpng` installed before building `torchvision` from source?
  warn(

W0317 13:49:19.910598 3901473 warnings.py:109] /opt/conda/lib/python3.10/site-packages/compressai/models/video/google.py:353: FutureWarning: `torch.cuda.amp.autocast(args...)` is deprecated. Please use `torch.amp.autocast('cuda', args...)` instead.
  @amp.autocast(enabled=False)

I0317 13:49:19.914902 3897623 quantize_finetune_llama.py:201] layer 14 gpu 2
I0317 13:49:20.127451 3901473 data_utils.py:336] using 256 training seqs, 128 validation seqs
11_v proxy err 0.005218825303018093 tr(WHW.T) 723.1956176757812
11_q proxy err 0.0006618999177590013 tr(WHW.T) 7027.10986328125
11_k proxy err 0.0004487443948164582 tr(WHW.T) 10511.23046875
11_o proxy err 0.0066229840740561485 tr(WHW.T) 36.654052734375
11_up proxy err 0.0027454732917249203 tr(WHW.T) 1139.6044921875
11_gate proxy err 0.0013532766606658697 tr(WHW.T) 2392.716552734375
11_down proxy err 0.003721791785210371 tr(WHW.T) 56.13530731201172
I0317 13:49:27.597345 3897623 quantize_finetune_llama.py:232] computed original embedding for layer 14 in 1.0266642570495605s
I0317 13:49:31.437607 3901681 config.py:54] PyTorch version 2.6.0 available.
W0317 13:49:31.753824 3901681 warnings.py:109] /opt/conda/lib/python3.10/site-packages/torchvision/io/image.py:13: UserWarning: Failed to load image Python extension: '/opt/conda/lib/python3.10/site-packages/torchvision/image.so: undefined symbol: _ZN3c1017RegisterOperatorsD1Ev'If you don't plan on using image functionality from `torchvision.io`, you can ignore this warning. Otherwise, there might be something wrong with your environment. Did you have `libjpeg` or `libpng` installed before building `torchvision` from source?
  warn(

W0317 13:49:32.669485 3901681 warnings.py:109] /opt/conda/lib/python3.10/site-packages/compressai/models/video/google.py:353: FutureWarning: `torch.cuda.amp.autocast(args...)` is deprecated. Please use `torch.amp.autocast('cuda', args...)` instead.
  @amp.autocast(enabled=False)

I0317 13:49:32.673352 3897623 quantize_finetune_llama.py:201] layer 15 gpu 3
I0317 13:49:32.894757 3901681 data_utils.py:336] using 256 training seqs, 128 validation seqs
I0317 13:49:34.189607 3897623 quantize_finetune_llama.py:232] computed original embedding for layer 15 in 1.0403225421905518s
I0317 13:49:38.226288 3901806 config.py:54] PyTorch version 2.6.0 available.
W0317 13:49:38.580122 3901806 warnings.py:109] /opt/conda/lib/python3.10/site-packages/torchvision/io/image.py:13: UserWarning: Failed to load image Python extension: '/opt/conda/lib/python3.10/site-packages/torchvision/image.so: undefined symbol: _ZN3c1017RegisterOperatorsD1Ev'If you don't plan on using image functionality from `torchvision.io`, you can ignore this warning. Otherwise, there might be something wrong with your environment. Did you have `libjpeg` or `libpng` installed before building `torchvision` from source?
  warn(

W0317 13:49:39.630326 3901806 warnings.py:109] /opt/conda/lib/python3.10/site-packages/compressai/models/video/google.py:353: FutureWarning: `torch.cuda.amp.autocast(args...)` is deprecated. Please use `torch.amp.autocast('cuda', args...)` instead.
  @amp.autocast(enabled=False)

I0317 13:49:39.635035 3897623 quantize_finetune_llama.py:201] layer 16 gpu 0
I0317 13:49:39.832477 3901806 data_utils.py:336] using 256 training seqs, 128 validation seqs
12_v proxy err 0.005327990278601646 tr(WHW.T) 703.318603515625
12_q proxy err 0.0006638740887865424 tr(WHW.T) 7045.6435546875
12_k proxy err 0.00043796736281365156 tr(WHW.T) 10893.65625
12_o proxy err 0.006729814689606428 tr(WHW.T) 39.29071044921875
12_up proxy err 0.0027247685939073563 tr(WHW.T) 1228.298583984375
12_gate proxy err 0.0014407122507691383 tr(WHW.T) 2381.994873046875
12_down proxy err 0.0037238895893096924 tr(WHW.T) 64.17745208740234
13_v proxy err 0.005311526823788881 tr(WHW.T) 714.5677490234375
13_q proxy err 0.0006648633279837668 tr(WHW.T) 6956.03564453125
13_k proxy err 0.00045328345731832087 tr(WHW.T) 10426.6318359375
13_o proxy err 0.006003616843372583 tr(WHW.T) 45.8377571105957
13_up proxy err 0.002627851441502571 tr(WHW.T) 1367.6221923828125
13_gate proxy err 0.0014120700070634484 tr(WHW.T) 2601.504638671875
13_down proxy err 0.0037398471031337976 tr(WHW.T) 79.3589096069336
I0317 13:50:10.163501 3897623 quantize_finetune_llama.py:232] computed original embedding for layer 16 in 0.9666876792907715s
I0317 13:50:13.950699 3902266 config.py:54] PyTorch version 2.6.0 available.
W0317 13:50:14.309796 3902266 warnings.py:109] /opt/conda/lib/python3.10/site-packages/torchvision/io/image.py:13: UserWarning: Failed to load image Python extension: '/opt/conda/lib/python3.10/site-packages/torchvision/image.so: undefined symbol: _ZN3c1017RegisterOperatorsD1Ev'If you don't plan on using image functionality from `torchvision.io`, you can ignore this warning. Otherwise, there might be something wrong with your environment. Did you have `libjpeg` or `libpng` installed before building `torchvision` from source?
  warn(

W0317 13:50:15.306538 3902266 warnings.py:109] /opt/conda/lib/python3.10/site-packages/compressai/models/video/google.py:353: FutureWarning: `torch.cuda.amp.autocast(args...)` is deprecated. Please use `torch.amp.autocast('cuda', args...)` instead.
  @amp.autocast(enabled=False)

I0317 13:50:15.310719 3897623 quantize_finetune_llama.py:201] layer 17 gpu 1
I0317 13:50:15.469659 3902266 data_utils.py:336] using 256 training seqs, 128 validation seqs
14_v proxy err 0.00560404546558857 tr(WHW.T) 706.1612548828125
14_q proxy err 0.0006817042594775558 tr(WHW.T) 7077.06103515625
14_k proxy err 0.0004371072573121637 tr(WHW.T) 11295.16796875
14_o proxy err 0.00659476313740015 tr(WHW.T) 50.921180725097656
14_up proxy err 0.00265351845882833 tr(WHW.T) 1464.7159423828125
14_gate proxy err 0.001477534999139607 tr(WHW.T) 2682.584716796875
14_down proxy err 0.0038231955841183662 tr(WHW.T) 90.28684997558594
I0317 13:50:23.571894 3897623 quantize_finetune_llama.py:232] computed original embedding for layer 17 in 1.2031569480895996s
I0317 13:50:27.395932 3902472 config.py:54] PyTorch version 2.6.0 available.
W0317 13:50:27.711627 3902472 warnings.py:109] /opt/conda/lib/python3.10/site-packages/torchvision/io/image.py:13: UserWarning: Failed to load image Python extension: '/opt/conda/lib/python3.10/site-packages/torchvision/image.so: undefined symbol: _ZN3c1017RegisterOperatorsD1Ev'If you don't plan on using image functionality from `torchvision.io`, you can ignore this warning. Otherwise, there might be something wrong with your environment. Did you have `libjpeg` or `libpng` installed before building `torchvision` from source?
  warn(

W0317 13:50:28.749444 3902472 warnings.py:109] /opt/conda/lib/python3.10/site-packages/compressai/models/video/google.py:353: FutureWarning: `torch.cuda.amp.autocast(args...)` is deprecated. Please use `torch.amp.autocast('cuda', args...)` instead.
  @amp.autocast(enabled=False)

I0317 13:50:28.753449 3897623 quantize_finetune_llama.py:201] layer 18 gpu 2
I0317 13:50:28.931124 3902472 data_utils.py:336] using 256 training seqs, 128 validation seqs
15_v proxy err 0.005148082505911589 tr(WHW.T) 762.7275390625
15_q proxy err 0.0006571480771526694 tr(WHW.T) 7252.0009765625
15_k proxy err 0.00044069194700568914 tr(WHW.T) 11072.3974609375
15_o proxy err 0.005653098691254854 tr(WHW.T) 59.61664962768555
15_up proxy err 0.002590218326076865 tr(WHW.T) 1641.0228271484375
15_gate proxy err 0.0014920888934284449 tr(WHW.T) 2905.140380859375
15_down proxy err 0.0038245352916419506 tr(WHW.T) 114.09001922607422
I0317 13:50:31.605790 3897623 quantize_finetune_llama.py:232] computed original embedding for layer 18 in 0.9834909439086914s
I0317 13:50:35.366904 3902620 config.py:54] PyTorch version 2.6.0 available.
W0317 13:50:35.706226 3902620 warnings.py:109] /opt/conda/lib/python3.10/site-packages/torchvision/io/image.py:13: UserWarning: Failed to load image Python extension: '/opt/conda/lib/python3.10/site-packages/torchvision/image.so: undefined symbol: _ZN3c1017RegisterOperatorsD1Ev'If you don't plan on using image functionality from `torchvision.io`, you can ignore this warning. Otherwise, there might be something wrong with your environment. Did you have `libjpeg` or `libpng` installed before building `torchvision` from source?
  warn(

W0317 13:50:36.679875 3902620 warnings.py:109] /opt/conda/lib/python3.10/site-packages/compressai/models/video/google.py:353: FutureWarning: `torch.cuda.amp.autocast(args...)` is deprecated. Please use `torch.amp.autocast('cuda', args...)` instead.
  @amp.autocast(enabled=False)

I0317 13:50:36.683897 3897623 quantize_finetune_llama.py:201] layer 19 gpu 3
I0317 13:50:36.899156 3902620 data_utils.py:336] using 256 training seqs, 128 validation seqs
I0317 13:50:38.147679 3897623 quantize_finetune_llama.py:232] computed original embedding for layer 19 in 0.986339807510376s
I0317 13:50:41.993269 3902741 config.py:54] PyTorch version 2.6.0 available.
W0317 13:50:42.341317 3902741 warnings.py:109] /opt/conda/lib/python3.10/site-packages/torchvision/io/image.py:13: UserWarning: Failed to load image Python extension: '/opt/conda/lib/python3.10/site-packages/torchvision/image.so: undefined symbol: _ZN3c1017RegisterOperatorsD1Ev'If you don't plan on using image functionality from `torchvision.io`, you can ignore this warning. Otherwise, there might be something wrong with your environment. Did you have `libjpeg` or `libpng` installed before building `torchvision` from source?
  warn(

W0317 13:50:43.371205 3902741 warnings.py:109] /opt/conda/lib/python3.10/site-packages/compressai/models/video/google.py:353: FutureWarning: `torch.cuda.amp.autocast(args...)` is deprecated. Please use `torch.amp.autocast('cuda', args...)` instead.
  @amp.autocast(enabled=False)

I0317 13:50:43.375921 3897623 quantize_finetune_llama.py:201] layer 20 gpu 0
I0317 13:50:43.555403 3902741 data_utils.py:336] using 256 training seqs, 128 validation seqs
16_v proxy err 0.005238572135567665 tr(WHW.T) 780.7407836914062
16_q proxy err 0.0006752265617251396 tr(WHW.T) 7193.3974609375
16_k proxy err 0.0004290012293495238 tr(WHW.T) 11630.361328125
16_o proxy err 0.004458069335669279 tr(WHW.T) 88.22785186767578
16_up proxy err 0.0025339743588119745 tr(WHW.T) 1890.9385986328125
16_gate proxy err 0.0014545731246471405 tr(WHW.T) 3369.859130859375
16_down proxy err 0.003878780175000429 tr(WHW.T) 152.0294952392578
17_v proxy err 0.004927000962197781 tr(WHW.T) 845.7654418945312
17_q proxy err 0.0006865066825412214 tr(WHW.T) 7163.2734375
17_k proxy err 0.00046896361163817346 tr(WHW.T) 10697.431640625
17_o proxy err 0.004869422409683466 tr(WHW.T) 58.14826965332031
17_up proxy err 0.00275610713288188 tr(WHW.T) 1921.07861328125
17_gate proxy err 0.0015217168256640434 tr(WHW.T) 3571.31640625
17_down proxy err 0.003839291399344802 tr(WHW.T) 165.43495178222656
I0317 13:51:19.726918 3897623 quantize_finetune_llama.py:232] computed original embedding for layer 20 in 1.003852128982544s
I0317 13:51:23.463221 3903241 config.py:54] PyTorch version 2.6.0 available.
W0317 13:51:23.783805 3903241 warnings.py:109] /opt/conda/lib/python3.10/site-packages/torchvision/io/image.py:13: UserWarning: Failed to load image Python extension: '/opt/conda/lib/python3.10/site-packages/torchvision/image.so: undefined symbol: _ZN3c1017RegisterOperatorsD1Ev'If you don't plan on using image functionality from `torchvision.io`, you can ignore this warning. Otherwise, there might be something wrong with your environment. Did you have `libjpeg` or `libpng` installed before building `torchvision` from source?
  warn(

W0317 13:51:24.764146 3903241 warnings.py:109] /opt/conda/lib/python3.10/site-packages/compressai/models/video/google.py:353: FutureWarning: `torch.cuda.amp.autocast(args...)` is deprecated. Please use `torch.amp.autocast('cuda', args...)` instead.
  @amp.autocast(enabled=False)

I0317 13:51:24.768176 3897623 quantize_finetune_llama.py:201] layer 21 gpu 1
I0317 13:51:24.960765 3903241 data_utils.py:336] using 256 training seqs, 128 validation seqs
18_v proxy err 0.004557819105684757 tr(WHW.T) 1003.7705078125
18_q proxy err 0.000702962395735085 tr(WHW.T) 7510.48046875
18_k proxy err 0.0005131072248332202 tr(WHW.T) 10462.6650390625
18_o proxy err 0.004315681289881468 tr(WHW.T) 69.96558380126953
18_up proxy err 0.0029311380349099636 tr(WHW.T) 2023.183837890625
18_gate proxy err 0.0016146276611834764 tr(WHW.T) 3783.076416015625
18_down proxy err 0.003854458685964346 tr(WHW.T) 198.52699279785156
I0317 13:51:27.599131 3897623 quantize_finetune_llama.py:232] computed original embedding for layer 21 in 1.009455919265747s
I0317 13:51:31.436694 3903382 config.py:54] PyTorch version 2.6.0 available.
W0317 13:51:31.767934 3903382 warnings.py:109] /opt/conda/lib/python3.10/site-packages/torchvision/io/image.py:13: UserWarning: Failed to load image Python extension: '/opt/conda/lib/python3.10/site-packages/torchvision/image.so: undefined symbol: _ZN3c1017RegisterOperatorsD1Ev'If you don't plan on using image functionality from `torchvision.io`, you can ignore this warning. Otherwise, there might be something wrong with your environment. Did you have `libjpeg` or `libpng` installed before building `torchvision` from source?
  warn(

19_v proxy err 0.004454678390175104 tr(WHW.T) 1019.1412353515625
19_q proxy err 0.0007485958631150424 tr(WHW.T) 6944.4130859375
19_k proxy err 0.0005024914280511439 tr(WHW.T) 10548.4892578125
19_o proxy err 0.004256407730281353 tr(WHW.T) 62.291683197021484
19_up proxy err 0.0029477516654878855 tr(WHW.T) 2149.330322265625
19_gate proxy err 0.0017706756480038166 tr(WHW.T) 3687.5126953125
19_down proxy err 0.0037551820278167725 tr(WHW.T) 222.93177795410156
W0317 13:51:32.805905 3903382 warnings.py:109] /opt/conda/lib/python3.10/site-packages/compressai/models/video/google.py:353: FutureWarning: `torch.cuda.amp.autocast(args...)` is deprecated. Please use `torch.amp.autocast('cuda', args...)` instead.
  @amp.autocast(enabled=False)

I0317 13:51:32.809997 3897623 quantize_finetune_llama.py:201] layer 22 gpu 2
I0317 13:51:32.984503 3903382 data_utils.py:336] using 256 training seqs, 128 validation seqs
I0317 13:51:34.126165 3897623 quantize_finetune_llama.py:232] computed original embedding for layer 22 in 0.8809852600097656s
I0317 13:51:37.881474 3903516 config.py:54] PyTorch version 2.6.0 available.
W0317 13:51:38.508459 3903516 warnings.py:109] /opt/conda/lib/python3.10/site-packages/torchvision/io/image.py:13: UserWarning: Failed to load image Python extension: '/opt/conda/lib/python3.10/site-packages/torchvision/image.so: undefined symbol: _ZN3c1017RegisterOperatorsD1Ev'If you don't plan on using image functionality from `torchvision.io`, you can ignore this warning. Otherwise, there might be something wrong with your environment. Did you have `libjpeg` or `libpng` installed before building `torchvision` from source?
  warn(

W0317 13:51:39.522305 3903516 warnings.py:109] /opt/conda/lib/python3.10/site-packages/compressai/models/video/google.py:353: FutureWarning: `torch.cuda.amp.autocast(args...)` is deprecated. Please use `torch.amp.autocast('cuda', args...)` instead.
  @amp.autocast(enabled=False)

I0317 13:51:39.526738 3897623 quantize_finetune_llama.py:201] layer 23 gpu 3
I0317 13:51:39.690327 3903516 data_utils.py:336] using 256 training seqs, 128 validation seqs
I0317 13:51:41.189523 3897623 quantize_finetune_llama.py:232] computed original embedding for layer 23 in 1.1588876247406006s
I0317 13:51:45.150906 3903642 config.py:54] PyTorch version 2.6.0 available.
W0317 13:51:45.494035 3903642 warnings.py:109] /opt/conda/lib/python3.10/site-packages/torchvision/io/image.py:13: UserWarning: Failed to load image Python extension: '/opt/conda/lib/python3.10/site-packages/torchvision/image.so: undefined symbol: _ZN3c1017RegisterOperatorsD1Ev'If you don't plan on using image functionality from `torchvision.io`, you can ignore this warning. Otherwise, there might be something wrong with your environment. Did you have `libjpeg` or `libpng` installed before building `torchvision` from source?
  warn(

W0317 13:51:46.557667 3903642 warnings.py:109] /opt/conda/lib/python3.10/site-packages/compressai/models/video/google.py:353: FutureWarning: `torch.cuda.amp.autocast(args...)` is deprecated. Please use `torch.amp.autocast('cuda', args...)` instead.
  @amp.autocast(enabled=False)

I0317 13:51:46.561994 3897623 quantize_finetune_llama.py:201] layer 24 gpu 0
I0317 13:51:46.784524 3903642 data_utils.py:336] using 256 training seqs, 128 validation seqs
20_v proxy err 0.00462782708927989 tr(WHW.T) 990.5983276367188
20_q proxy err 0.0007307012565433979 tr(WHW.T) 7150.947265625
20_k proxy err 0.0005120415007695556 tr(WHW.T) 10386.2470703125
20_o proxy err 0.0031648543663322926 tr(WHW.T) 100.31707000732422
20_up proxy err 0.002885660855099559 tr(WHW.T) 2340.89453125
20_gate proxy err 0.0017327195964753628 tr(WHW.T) 4024.62744140625
20_down proxy err 0.003732247045263648 tr(WHW.T) 274.8815002441406
21_v proxy err 0.004450014792382717 tr(WHW.T) 1144.5655517578125
21_q proxy err 0.0008082481799647212 tr(WHW.T) 7064.314453125
21_k proxy err 0.0005805097171105444 tr(WHW.T) 9976.4658203125
21_o proxy err 0.0033928488846868277 tr(WHW.T) 75.50972747802734
21_up proxy err 0.003035204717889428 tr(WHW.T) 2361.650390625
21_gate proxy err 0.00185388105455786 tr(WHW.T) 4004.37646484375
21_down proxy err 0.0037346805911511183 tr(WHW.T) 276.5857849121094
I0317 13:52:23.260644 3897623 quantize_finetune_llama.py:232] computed original embedding for layer 24 in 1.047980546951294s
I0317 13:52:27.026086 3904160 config.py:54] PyTorch version 2.6.0 available.
W0317 13:52:27.363425 3904160 warnings.py:109] /opt/conda/lib/python3.10/site-packages/torchvision/io/image.py:13: UserWarning: Failed to load image Python extension: '/opt/conda/lib/python3.10/site-packages/torchvision/image.so: undefined symbol: _ZN3c1017RegisterOperatorsD1Ev'If you don't plan on using image functionality from `torchvision.io`, you can ignore this warning. Otherwise, there might be something wrong with your environment. Did you have `libjpeg` or `libpng` installed before building `torchvision` from source?
  warn(

22_v proxy err 0.004268952179700136 tr(WHW.T) 1243.2529296875
22_q proxy err 0.0007697500404901803 tr(WHW.T) 7746.84765625
22_k proxy err 0.0005697561427950859 tr(WHW.T) 10603.2041015625
22_o proxy err 0.0028631980530917645 tr(WHW.T) 114.30065155029297
22_up proxy err 0.003053998574614525 tr(WHW.T) 2474.510498046875
22_gate proxy err 0.0018872133223339915 tr(WHW.T) 4156.64013671875
22_down proxy err 0.0037160292267799377 tr(WHW.T) 311.8800048828125
W0317 13:52:28.321208 3904160 warnings.py:109] /opt/conda/lib/python3.10/site-packages/compressai/models/video/google.py:353: FutureWarning: `torch.cuda.amp.autocast(args...)` is deprecated. Please use `torch.amp.autocast('cuda', args...)` instead.
  @amp.autocast(enabled=False)

I0317 13:52:28.325637 3897623 quantize_finetune_llama.py:201] layer 25 gpu 1
I0317 13:52:28.480313 3904160 data_utils.py:336] using 256 training seqs, 128 validation seqs
I0317 13:52:30.177889 3897623 quantize_finetune_llama.py:232] computed original embedding for layer 25 in 0.9595255851745605s
I0317 13:52:33.994522 3904286 config.py:54] PyTorch version 2.6.0 available.
W0317 13:52:34.348022 3904286 warnings.py:109] /opt/conda/lib/python3.10/site-packages/torchvision/io/image.py:13: UserWarning: Failed to load image Python extension: '/opt/conda/lib/python3.10/site-packages/torchvision/image.so: undefined symbol: _ZN3c1017RegisterOperatorsD1Ev'If you don't plan on using image functionality from `torchvision.io`, you can ignore this warning. Otherwise, there might be something wrong with your environment. Did you have `libjpeg` or `libpng` installed before building `torchvision` from source?
  warn(

23_v proxy err 0.0039208861999213696 tr(WHW.T) 1486.037353515625
23_q proxy err 0.0008690983522683382 tr(WHW.T) 7346.60986328125
23_k proxy err 0.0006512378458864987 tr(WHW.T) 9982.2392578125
23_o proxy err 0.0034851611126214266 tr(WHW.T) 85.13458251953125
23_up proxy err 0.0031675754580646753 tr(WHW.T) 2533.51025390625
23_gate proxy err 0.002026299247518182 tr(WHW.T) 4097.51953125
23_down proxy err 0.003735113888978958 tr(WHW.T) 321.33892822265625
W0317 13:52:35.310343 3904286 warnings.py:109] /opt/conda/lib/python3.10/site-packages/compressai/models/video/google.py:353: FutureWarning: `torch.cuda.amp.autocast(args...)` is deprecated. Please use `torch.amp.autocast('cuda', args...)` instead.
  @amp.autocast(enabled=False)

I0317 13:52:35.314416 3897623 quantize_finetune_llama.py:201] layer 26 gpu 2
I0317 13:52:35.513484 3904286 data_utils.py:336] using 256 training seqs, 128 validation seqs
I0317 13:52:37.452239 3897623 quantize_finetune_llama.py:232] computed original embedding for layer 26 in 0.9486649036407471s
I0317 13:52:41.110408 3904421 config.py:54] PyTorch version 2.6.0 available.
W0317 13:52:41.419201 3904421 warnings.py:109] /opt/conda/lib/python3.10/site-packages/torchvision/io/image.py:13: UserWarning: Failed to load image Python extension: '/opt/conda/lib/python3.10/site-packages/torchvision/image.so: undefined symbol: _ZN3c1017RegisterOperatorsD1Ev'If you don't plan on using image functionality from `torchvision.io`, you can ignore this warning. Otherwise, there might be something wrong with your environment. Did you have `libjpeg` or `libpng` installed before building `torchvision` from source?
  warn(

W0317 13:52:42.477163 3904421 warnings.py:109] /opt/conda/lib/python3.10/site-packages/compressai/models/video/google.py:353: FutureWarning: `torch.cuda.amp.autocast(args...)` is deprecated. Please use `torch.amp.autocast('cuda', args...)` instead.
  @amp.autocast(enabled=False)

I0317 13:52:42.481858 3897623 quantize_finetune_llama.py:201] layer 27 gpu 3
I0317 13:52:42.658677 3904421 data_utils.py:336] using 256 training seqs, 128 validation seqs
I0317 13:52:43.888104 3897623 quantize_finetune_llama.py:232] computed original embedding for layer 27 in 0.9261116981506348s
I0317 13:52:47.647713 3904544 config.py:54] PyTorch version 2.6.0 available.
W0317 13:52:47.968727 3904544 warnings.py:109] /opt/conda/lib/python3.10/site-packages/torchvision/io/image.py:13: UserWarning: Failed to load image Python extension: '/opt/conda/lib/python3.10/site-packages/torchvision/image.so: undefined symbol: _ZN3c1017RegisterOperatorsD1Ev'If you don't plan on using image functionality from `torchvision.io`, you can ignore this warning. Otherwise, there might be something wrong with your environment. Did you have `libjpeg` or `libpng` installed before building `torchvision` from source?
  warn(

W0317 13:52:49.063468 3904544 warnings.py:109] /opt/conda/lib/python3.10/site-packages/compressai/models/video/google.py:353: FutureWarning: `torch.cuda.amp.autocast(args...)` is deprecated. Please use `torch.amp.autocast('cuda', args...)` instead.
  @amp.autocast(enabled=False)

I0317 13:52:49.068099 3897623 quantize_finetune_llama.py:201] layer 28 gpu 0
I0317 13:52:49.268637 3904544 data_utils.py:336] using 256 training seqs, 128 validation seqs
24_v proxy err 0.004131773021072149 tr(WHW.T) 1394.900634765625
24_q proxy err 0.0008950463379733264 tr(WHW.T) 7020.447265625
24_k proxy err 0.0006186660029925406 tr(WHW.T) 10323.43359375
24_o proxy err 0.0027525597251951694 tr(WHW.T) 133.98797607421875
24_up proxy err 0.0032119627576321363 tr(WHW.T) 2621.76513671875
24_gate proxy err 0.002043552929535508 tr(WHW.T) 4262.74853515625
24_down proxy err 0.0037568951956927776 tr(WHW.T) 340.22412109375
25_v proxy err 0.003775984048843384 tr(WHW.T) 1707.664794921875
25_q proxy err 0.0009629905689507723 tr(WHW.T) 7162.16357421875
25_k proxy err 0.0007289060740731657 tr(WHW.T) 9611.58984375
25_o proxy err 0.003300406038761139 tr(WHW.T) 83.535888671875
25_up proxy err 0.003195909783244133 tr(WHW.T) 2805.728515625
25_gate proxy err 0.001988182542845607 tr(WHW.T) 4666.4404296875
25_down proxy err 0.0037366095930337906 tr(WHW.T) 373.460693359375
I0317 13:53:25.501074 3897623 quantize_finetune_llama.py:232] computed original embedding for layer 28 in 1.002166748046875s
I0317 13:53:29.239774 3905040 config.py:54] PyTorch version 2.6.0 available.
W0317 13:53:29.584934 3905040 warnings.py:109] /opt/conda/lib/python3.10/site-packages/torchvision/io/image.py:13: UserWarning: Failed to load image Python extension: '/opt/conda/lib/python3.10/site-packages/torchvision/image.so: undefined symbol: _ZN3c1017RegisterOperatorsD1Ev'If you don't plan on using image functionality from `torchvision.io`, you can ignore this warning. Otherwise, there might be something wrong with your environment. Did you have `libjpeg` or `libpng` installed before building `torchvision` from source?
  warn(

W0317 13:53:30.563855 3905040 warnings.py:109] /opt/conda/lib/python3.10/site-packages/compressai/models/video/google.py:353: FutureWarning: `torch.cuda.amp.autocast(args...)` is deprecated. Please use `torch.amp.autocast('cuda', args...)` instead.
  @amp.autocast(enabled=False)

I0317 13:53:30.568017 3897623 quantize_finetune_llama.py:201] layer 29 gpu 1
I0317 13:53:30.745650 3905040 data_utils.py:336] using 256 training seqs, 128 validation seqs
26_v proxy err 0.0038048457354307175 tr(WHW.T) 1668.8843994140625
26_q proxy err 0.0009028392960317433 tr(WHW.T) 7469.98291015625
26_k proxy err 0.0006551345577463508 tr(WHW.T) 10487.8740234375
26_o proxy err 0.002298948587849736 tr(WHW.T) 202.88172912597656
26_up proxy err 0.0030068703927099705 tr(WHW.T) 3154.75146484375
26_gate proxy err 0.0018494417890906334 tr(WHW.T) 5302.16455078125
26_down proxy err 0.003841459285467863 tr(WHW.T) 401.19390869140625
I0317 13:53:33.158824 3897623 quantize_finetune_llama.py:232] computed original embedding for layer 29 in 1.158886194229126s
I0317 13:53:36.943718 3905166 config.py:54] PyTorch version 2.6.0 available.
W0317 13:53:37.273317 3905166 warnings.py:109] /opt/conda/lib/python3.10/site-packages/torchvision/io/image.py:13: UserWarning: Failed to load image Python extension: '/opt/conda/lib/python3.10/site-packages/torchvision/image.so: undefined symbol: _ZN3c1017RegisterOperatorsD1Ev'If you don't plan on using image functionality from `torchvision.io`, you can ignore this warning. Otherwise, there might be something wrong with your environment. Did you have `libjpeg` or `libpng` installed before building `torchvision` from source?
  warn(

27_v proxy err 0.0034589527640491724 tr(WHW.T) 1799.3350830078125
27_q proxy err 0.0008684155181981623 tr(WHW.T) 7691.708984375
27_k proxy err 0.0006350612384267151 tr(WHW.T) 10618.70703125
27_o proxy err 0.0031136737670749426 tr(WHW.T) 126.13690185546875
27_up proxy err 0.002746428595855832 tr(WHW.T) 3691.557861328125
27_gate proxy err 0.0017482605762779713 tr(WHW.T) 5990.82568359375
27_down proxy err 0.003935410175472498 tr(WHW.T) 466.9318542480469
W0317 13:53:38.291548 3905166 warnings.py:109] /opt/conda/lib/python3.10/site-packages/compressai/models/video/google.py:353: FutureWarning: `torch.cuda.amp.autocast(args...)` is deprecated. Please use `torch.amp.autocast('cuda', args...)` instead.
  @amp.autocast(enabled=False)

I0317 13:53:38.295496 3897623 quantize_finetune_llama.py:201] layer 30 gpu 2
I0317 13:53:38.458690 3905166 data_utils.py:336] using 256 training seqs, 128 validation seqs
I0317 13:53:39.647612 3897623 quantize_finetune_llama.py:232] computed original embedding for layer 30 in 0.8956959247589111s
I0317 13:53:43.446057 3905301 config.py:54] PyTorch version 2.6.0 available.
W0317 13:53:43.786836 3905301 warnings.py:109] /opt/conda/lib/python3.10/site-packages/torchvision/io/image.py:13: UserWarning: Failed to load image Python extension: '/opt/conda/lib/python3.10/site-packages/torchvision/image.so: undefined symbol: _ZN3c1017RegisterOperatorsD1Ev'If you don't plan on using image functionality from `torchvision.io`, you can ignore this warning. Otherwise, there might be something wrong with your environment. Did you have `libjpeg` or `libpng` installed before building `torchvision` from source?
  warn(

W0317 13:53:44.820490 3905301 warnings.py:109] /opt/conda/lib/python3.10/site-packages/compressai/models/video/google.py:353: FutureWarning: `torch.cuda.amp.autocast(args...)` is deprecated. Please use `torch.amp.autocast('cuda', args...)` instead.
  @amp.autocast(enabled=False)

I0317 13:53:44.824859 3897623 quantize_finetune_llama.py:201] layer 31 gpu 3
I0317 13:53:45.043643 3905301 data_utils.py:336] using 256 training seqs, 128 validation seqs
I0317 13:53:46.275649 3897623 quantize_finetune_llama.py:232] computed original embedding for layer 31 in 0.9269964694976807s
I0317 13:53:50.286851 3905427 config.py:54] PyTorch version 2.6.0 available.
W0317 13:53:50.632633 3905427 warnings.py:109] /opt/conda/lib/python3.10/site-packages/torchvision/io/image.py:13: UserWarning: Failed to load image Python extension: '/opt/conda/lib/python3.10/site-packages/torchvision/image.so: undefined symbol: _ZN3c1017RegisterOperatorsD1Ev'If you don't plan on using image functionality from `torchvision.io`, you can ignore this warning. Otherwise, there might be something wrong with your environment. Did you have `libjpeg` or `libpng` installed before building `torchvision` from source?
  warn(

W0317 13:53:51.690562 3905427 warnings.py:109] /opt/conda/lib/python3.10/site-packages/compressai/models/video/google.py:353: FutureWarning: `torch.cuda.amp.autocast(args...)` is deprecated. Please use `torch.amp.autocast('cuda', args...)` instead.
  @amp.autocast(enabled=False)

I0317 13:53:51.939958 3905427 data_utils.py:336] using 256 training seqs, 128 validation seqs
28_v proxy err 0.003231936367228627 tr(WHW.T) 2018.944091796875
28_q proxy err 0.0008972775540314615 tr(WHW.T) 7651.126953125
28_k proxy err 0.0006619198247790337 tr(WHW.T) 10544.8251953125
28_o proxy err 0.0025788582861423492 tr(WHW.T) 194.8240966796875
28_up proxy err 0.002306244568899274 tr(WHW.T) 4661.2666015625
28_gate proxy err 0.0016844625351950526 tr(WHW.T) 6547.48193359375
28_down proxy err 0.0039679985493421555 tr(WHW.T) 603.8403930664062
29_v proxy err 0.0034217904321849346 tr(WHW.T) 1801.7730712890625
29_q proxy err 0.0008909246535040438 tr(WHW.T) 7227.0009765625
29_k proxy err 0.0006187998224049807 tr(WHW.T) 10558.609375
29_o proxy err 0.0021781737450510263 tr(WHW.T) 207.9054412841797
29_up proxy err 0.0018508033826947212 tr(WHW.T) 6070.0498046875
29_gate proxy err 0.0015557387378066778 tr(WHW.T) 7369.6142578125
29_down proxy err 0.004030636977404356 tr(WHW.T) 782.2448120117188
30_v proxy err 0.002823370508849621 tr(WHW.T) 2261.489501953125
30_q proxy err 0.0008480644901283085 tr(WHW.T) 7815.9453125
30_k proxy err 0.0006391992210410535 tr(WHW.T) 10521.625
30_o proxy err 0.002289424417540431 tr(WHW.T) 251.96908569335938
30_up proxy err 0.001150515046902001 tr(WHW.T) 10016.376953125
30_gate proxy err 0.0010702753206714988 tr(WHW.T) 11001.119140625
30_down proxy err 0.002341003157198429 tr(WHW.T) 3582.617919921875
31_v proxy err 0.003310642670840025 tr(WHW.T) 1268.2034912109375
31_q proxy err 0.0006656732293777168 tr(WHW.T) 6858.09130859375
31_k proxy err 0.0004610432661138475 tr(WHW.T) 10233.677734375
31_o proxy err 0.001732328673824668 tr(WHW.T) 457.7950744628906
31_up proxy err 0.0006687190616503358 tr(WHW.T) 14563.890625
31_gate proxy err 0.0006699016666971147 tr(WHW.T) 14836.2939453125
31_down proxy err 0.0016391626559197903 tr(WHW.T) 17873.55859375
