Launching 8 rht_rht (tied) runs across 2 GPU(s): 4 7
================================================================
[skip 3/8] already done: gaussian_rht_rht_compressai_M16_lmbda1024
[skip 4/8] already done: gaussian_rht_rht_compressai_M16_lmbda8192
[skip 5/8] already done: llama8b_rht_rht_compressai_M16_lmbda32
[skip 6/8] already done: llama8b_rht_rht_compressai_M16_lmbda128
[skip 7/8] already done: llama8b_rht_rht_compressai_M16_lmbda1024
[skip 8/8] already done: llama8b_rht_rht_compressai_M16_lmbda8192
[RUN 1/8] dataset=gaussian cfg=rht_rht (tied) lmbda=32 batch=512 GPU=4
================================================================
================================================================
[RUN 2/8] dataset=gaussian cfg=rht_rht (tied) lmbda=128 batch=512 GPU=7
================================================================
/opt/conda/lib/python3.10/site-packages/pydantic/_internal/_generate_schema.py:2249: UnsupportedFieldAttributeWarning: The 'repr' attribute with value False was provided to the `Field()` function, which has no effect in the context it was used. 'repr' is field-specific metadata, and can only be attached to a model field using `Annotated` metadata or by assignment. This may have happened because an `Annotated` type alias using the `type` statement was used, or if the `Field()` function was attached to a single member of a union type.
  warnings.warn(
/opt/conda/lib/python3.10/site-packages/pydantic/_internal/_generate_schema.py:2249: UnsupportedFieldAttributeWarning: The 'frozen' attribute with value True was provided to the `Field()` function, which has no effect in the context it was used. 'frozen' is field-specific metadata, and can only be attached to a model field using `Annotated` metadata or by assignment. This may have happened because an `Annotated` type alias using the `type` statement was used, or if the `Field()` function was attached to a single member of a union type.
  warnings.warn(
/opt/conda/lib/python3.10/site-packages/pydantic/_internal/_generate_schema.py:2249: UnsupportedFieldAttributeWarning: The 'repr' attribute with value False was provided to the `Field()` function, which has no effect in the context it was used. 'repr' is field-specific metadata, and can only be attached to a model field using `Annotated` metadata or by assignment. This may have happened because an `Annotated` type alias using the `type` statement was used, or if the `Field()` function was attached to a single member of a union type.
  warnings.warn(
/opt/conda/lib/python3.10/site-packages/pydantic/_internal/_generate_schema.py:2249: UnsupportedFieldAttributeWarning: The 'frozen' attribute with value True was provided to the `Field()` function, which has no effect in the context it was used. 'frozen' is field-specific metadata, and can only be attached to a model field using `Annotated` metadata or by assignment. This may have happened because an `Annotated` type alias using the `type` statement was used, or if the `Field()` function was attached to a single member of a union type.
  warnings.warn(
/opt/conda/lib/python3.10/site-packages/torchvision/io/image.py:13: UserWarning: Failed to load image Python extension: '/opt/conda/lib/python3.10/site-packages/torchvision/image.so: undefined symbol: _ZN3c1017RegisterOperatorsD1Ev'If you don't plan on using image functionality from `torchvision.io`, you can ignore this warning. Otherwise, there might be something wrong with your environment. Did you have `libjpeg` or `libpng` installed before building `torchvision` from source?
  warn(
/opt/conda/lib/python3.10/site-packages/torchvision/io/image.py:13: UserWarning: Failed to load image Python extension: '/opt/conda/lib/python3.10/site-packages/torchvision/image.so: undefined symbol: _ZN3c1017RegisterOperatorsD1Ev'If you don't plan on using image functionality from `torchvision.io`, you can ignore this warning. Otherwise, there might be something wrong with your environment. Did you have `libjpeg` or `libpng` installed before building `torchvision` from source?
  warn(
/opt/conda/lib/python3.10/site-packages/compressai/models/video/google.py:353: FutureWarning: `torch.cuda.amp.autocast(args...)` is deprecated. Please use `torch.amp.autocast('cuda', args...)` instead.
  @amp.autocast(enabled=False)
16:13:47 [INFO] args: {'dataset': 'gaussian', 'num_blocks': 100000, 'seq_len': 1024, 'input_size': 16, 'gaussian_std': 1.0, 'hf_path': None, 'direction': 'row', 'normalize': 'none', 'M': 16, 'encoder_transform': 'rht', 'decoder_transform': 'rht', 'n_resblock': 4, 'encoder_n_resblock': None, 'decoder_n_resblock': None, 'dim_encoder': 512, 'no_layernorm': False, 'rht_seed': 0, 'entropy_model': 'compressai', 'num_gaussian': 3, 'num_laplacian': 3, 'lmbda': 128.0, 'iter': 20000, 'batch_size': 512, 'num_workers': 2, 'learning_rate': 0.0001, 'aux_learning_rate': 0.001, 'clip_max_norm': 1.0, 'early_stop_patience': 3, 'early_stop_min_iter': 5000, 'early_stop_metric': 'mse', 'log_every': 1000, 'eval_every': 2000, 'save_dir': './checkpoint/rd_sweep_normnone', 'run_name': 'gaussian_rht_rht_compressai_M16_lmbda128', 'wandb_project': 'nwc_v2_rd_normnone', 'wandb_mode': 'online', 'checkpoint': None, 'seed': 0}
/opt/conda/lib/python3.10/site-packages/compressai/models/video/google.py:353: FutureWarning: `torch.cuda.amp.autocast(args...)` is deprecated. Please use `torch.amp.autocast('cuda', args...)` instead.
  @amp.autocast(enabled=False)
16:13:47 [INFO] args: {'dataset': 'gaussian', 'num_blocks': 100000, 'seq_len': 1024, 'input_size': 16, 'gaussian_std': 1.0, 'hf_path': None, 'direction': 'row', 'normalize': 'none', 'M': 16, 'encoder_transform': 'rht', 'decoder_transform': 'rht', 'n_resblock': 4, 'encoder_n_resblock': None, 'decoder_n_resblock': None, 'dim_encoder': 512, 'no_layernorm': False, 'rht_seed': 0, 'entropy_model': 'compressai', 'num_gaussian': 3, 'num_laplacian': 3, 'lmbda': 32.0, 'iter': 20000, 'batch_size': 512, 'num_workers': 2, 'learning_rate': 0.0001, 'aux_learning_rate': 0.001, 'clip_max_norm': 1.0, 'early_stop_patience': 3, 'early_stop_min_iter': 5000, 'early_stop_metric': 'mse', 'log_every': 1000, 'eval_every': 2000, 'save_dir': './checkpoint/rd_sweep_normnone', 'run_name': 'gaussian_rht_rht_compressai_M16_lmbda32', 'wandb_project': 'nwc_v2_rd_normnone', 'wandb_mode': 'online', 'checkpoint': None, 'seed': 0}
wandb: Currently logged in as: jegwang-ryu99 (jegwang-ryu99-postech) to https://api.wandb.ai. Use `wandb login --relogin` to force relogin
wandb: Currently logged in as: jegwang-ryu99 (jegwang-ryu99-postech) to https://api.wandb.ai. Use `wandb login --relogin` to force relogin
wandb: setting up run pv0ql4bs
wandb: setting up run hu9xf78n
wandb: Tracking run with wandb version 0.22.2
wandb: Run data is saved locally in /home/jgryu/workspace/weight_compression/NWC_v2/wandb/run-20260429_161347-hu9xf78n
wandb: Run `wandb offline` to turn off syncing.
wandb: Syncing run gaussian_rht_rht_compressai_M16_lmbda128
wandb: ⭐️ View project at https://wandb.ai/jegwang-ryu99-postech/nwc_v2_rd_normnone
wandb: 🚀 View run at https://wandb.ai/jegwang-ryu99-postech/nwc_v2_rd_normnone/runs/hu9xf78n
wandb: Tracking run with wandb version 0.22.2
wandb: Run data is saved locally in /home/jgryu/workspace/weight_compression/NWC_v2/wandb/run-20260429_161347-pv0ql4bs
wandb: Run `wandb offline` to turn off syncing.
wandb: Syncing run gaussian_rht_rht_compressai_M16_lmbda32
wandb: ⭐️ View project at https://wandb.ai/jegwang-ryu99-postech/nwc_v2_rd_normnone
wandb: 🚀 View run at https://wandb.ai/jegwang-ryu99-postech/nwc_v2_rd_normnone/runs/pv0ql4bs
16:13:49 [INFO] dataset=gaussian train_size=100000 val_size=500 train_std=1.00000 train_mean=0.00000
16:13:49 [INFO] dataset=gaussian train_size=100000 val_size=500 train_std=1.00000 train_mean=0.00000
16:13:50 [INFO] model:
NWCv2Codec(
  (g_a): RHTTransform(rows=128, cols=128, in_dim=16)
  (g_s): RHTInverse(
    tied (decoder = encoder.inverse)
    (base): RHTTransform(rows=128, cols=128, in_dim=16)
  )
  (entropy_bottleneck): EntropyBottleneck(
    (likelihood_lower_bound): LowerBound()
  )
)
16:13:50 [INFO] trainable params: 1,234
16:13:50 [INFO] main optimizer + aux: 1 params
16:13:50 [INFO] model:
NWCv2Codec(
  (g_a): RHTTransform(rows=128, cols=128, in_dim=16)
  (g_s): RHTInverse(
    tied (decoder = encoder.inverse)
    (base): RHTTransform(rows=128, cols=128, in_dim=16)
  )
  (entropy_bottleneck): EntropyBottleneck(
    (likelihood_lower_bound): LowerBound()
  )
)
16:13:50 [INFO] trainable params: 1,234
16:13:50 [INFO] main optimizer + aux: 1 params
16:13:51 [INFO] iter 1/20000 loss=16.14625 recon=0.08330 bpp=5.48382 aux=662.16956 (1.0 it/s)
16:13:51 [INFO] iter 1/20000 loss=8.14943 recon=0.08330 bpp=5.48382 aux=662.16956 (0.9 it/s)
16:15:14 [INFO] iter 1000/20000 loss=5.62586 recon=0.04713 bpp=4.11781 aux=611.88300 (11.9 it/s)
16:15:15 [INFO] iter 1000/20000 loss=10.14693 recon=0.04708 bpp=4.12076 aux=612.00977 (11.8 it/s)
16:16:38 [INFO] iter 2000/20000 loss=4.03532 recon=0.02805 bpp=3.13765 aux=526.00732 (11.9 it/s)
16:16:38 [INFO] [VAL] iter 2000: {'loss': 4.034278869628906, 'recon_loss': 0.028052274137735367, 'bpp_loss': 3.136605978012085, 'mse': 0.028052274137707313}
16:16:38 [INFO]   best_mse updated -> 0.028052  (bpp=3.1366)
16:16:39 [INFO] iter 2000/20000 loss=6.75545 recon=0.02792 bpp=3.18145 aux=531.94580 (11.8 it/s)
16:16:40 [INFO] [VAL] iter 2000: {'loss': 6.754404544830322, 'recon_loss': 0.0279212798923254, 'bpp_loss': 3.180480718612671, 'mse': 0.02792127989229748}
16:16:40 [INFO]   best_mse updated -> 0.027921  (bpp=3.1805)
16:18:02 [INFO] iter 3000/20000 loss=3.79371 recon=0.02264 bpp=3.06935 aux=460.09329 (11.9 it/s)
16:18:04 [INFO] iter 3000/20000 loss=5.47097 recon=0.01727 bpp=3.26001 aux=468.04279 (11.8 it/s)
16:19:26 [INFO] iter 4000/20000 loss=3.78860 recon=0.02227 bpp=3.07602 aux=435.57059 (11.9 it/s)
16:19:26 [INFO] [VAL] iter 4000: {'loss': 3.7873411178588867, 'recon_loss': 0.02226768620312214, 'bpp_loss': 3.074775218963623, 'mse': 0.02226768620309987}
16:19:26 [INFO]   best_mse updated -> 0.022268  (bpp=3.0748)
16:19:28 [INFO] iter 4000/20000 loss=4.98378 recon=0.01108 bpp=3.56615 aux=473.48178 (11.8 it/s)
16:19:28 [INFO] [VAL] iter 4000: {'loss': 4.981251239776611, 'recon_loss': 0.011063328944146633, 'bpp_loss': 3.565145254135132, 'mse': 0.011063328944135569}
16:19:28 [INFO]   best_mse updated -> 0.011063  (bpp=3.5651)
16:20:51 [INFO] iter 5000/20000 loss=3.78107 recon=0.02225 bpp=3.06900 aux=413.45471 (11.9 it/s)
16:20:52 [INFO] iter 5000/20000 loss=4.80818 recon=0.00815 bpp=3.76555 aux=463.09628 (11.8 it/s)
16:22:15 [INFO] iter 6000/20000 loss=3.77359 recon=0.02219 bpp=3.06340 aux=385.76764 (11.9 it/s)
16:22:15 [INFO] [VAL] iter 6000: {'loss': 3.772900342941284, 'recon_loss': 0.02219906635582447, 'bpp_loss': 3.062530279159546, 'mse': 0.02219906635580227}
16:22:15 [INFO]   best_mse updated -> 0.022199  (bpp=3.0625)
16:22:16 [INFO] iter 6000/20000 loss=4.74919 recon=0.00676 bpp=3.88430 aux=439.54889 (11.9 it/s)
16:22:16 [INFO] [VAL] iter 6000: {'loss': 4.748298168182373, 'recon_loss': 0.0067571597173810005, 'bpp_loss': 3.8833818435668945, 'mse': 0.006757159717374243}
16:22:16 [INFO]   best_mse updated -> 0.006757  (bpp=3.8834)
16:23:39 [INFO] iter 7000/20000 loss=3.76457 recon=0.02212 bpp=3.05661 aux=350.33356 (11.9 it/s)
16:23:40 [INFO] iter 7000/20000 loss=4.72564 recon=0.00601 bpp=3.95592 aux=403.57596 (11.9 it/s)
16:25:04 [INFO] iter 8000/20000 loss=3.75581 recon=0.02207 bpp=3.04943 aux=305.14319 (11.9 it/s)
16:25:04 [INFO] iter 8000/20000 loss=4.71813 recon=0.00569 bpp=3.98985 aux=359.93304 (11.9 it/s)
16:25:04 [INFO] [VAL] iter 8000: {'loss': 3.7555575370788574, 'recon_loss': 0.022077573463320732, 'bpp_loss': 3.049075126647949, 'mse': 0.022077573463298653}
16:25:04 [INFO]   best_mse updated -> 0.022078  (bpp=3.0491)
16:25:04 [INFO] [VAL] iter 8000: {'loss': 4.717753887176514, 'recon_loss': 0.00569002004340291, 'bpp_loss': 3.989431142807007, 'mse': 0.0056900200433972195}
16:25:04 [INFO]   best_mse updated -> 0.005690  (bpp=3.9894)
16:26:28 [INFO] iter 9000/20000 loss=4.71796 recon=0.00561 bpp=3.99954 aux=321.92053 (11.9 it/s)
16:26:29 [INFO] iter 9000/20000 loss=3.74938 recon=0.02202 bpp=3.04463 aux=247.75685 (11.9 it/s)
16:27:52 [INFO] iter 10000/20000 loss=4.71679 recon=0.00561 bpp=3.99882 aux=290.69623 (11.9 it/s)
16:27:53 [INFO] [VAL] iter 10000: {'loss': 4.716179847717285, 'recon_loss': 0.005611071828752756, 'bpp_loss': 3.997962713241577, 'mse': 0.005611071828747144}
16:27:53 [INFO]   best_mse updated -> 0.005611  (bpp=3.9980)
16:27:53 [INFO] iter 10000/20000 loss=3.74173 recon=0.02199 bpp=3.03794 aux=174.34280 (11.9 it/s)
16:27:53 [INFO] [VAL] iter 10000: {'loss': 3.7411670684814453, 'recon_loss': 0.022002939134836197, 'bpp_loss': 3.0370731353759766, 'mse': 0.022002939134814194}
16:27:53 [INFO]   best_mse updated -> 0.022003  (bpp=3.0371)
16:29:17 [INFO] iter 11000/20000 loss=4.71724 recon=0.00561 bpp=3.99886 aux=259.19510 (11.9 it/s)
16:29:17 [INFO] iter 11000/20000 loss=3.73620 recon=0.02199 bpp=3.03264 aux=80.02145 (11.9 it/s)
16:30:40 [INFO] iter 12000/20000 loss=4.71651 recon=0.00561 bpp=3.99884 aux=225.86674 (11.9 it/s)
16:30:41 [INFO] [VAL] iter 12000: {'loss': 4.715594291687012, 'recon_loss': 0.0056091840378940105, 'bpp_loss': 3.9976189136505127, 'mse': 0.0056091840378884004}
16:30:41 [INFO]   best_mse updated -> 0.005609  (bpp=3.9976)
16:30:42 [INFO] iter 12000/20000 loss=3.73111 recon=0.02198 bpp=3.02771 aux=34.65306 (11.9 it/s)
16:30:42 [INFO] [VAL] iter 12000: {'loss': 3.7302792072296143, 'recon_loss': 0.021991895511746407, 'bpp_loss': 3.026538610458374, 'mse': 0.021991895511724414}
16:30:42 [INFO]   best_mse updated -> 0.021992  (bpp=3.0265)
16:32:04 [INFO] iter 13000/20000 loss=4.71631 recon=0.00561 bpp=3.99863 aux=191.44263 (11.9 it/s)
16:32:06 [INFO] iter 13000/20000 loss=3.72902 recon=0.02204 bpp=3.02388 aux=52.90956 (11.9 it/s)
16:33:28 [INFO] iter 14000/20000 loss=4.71669 recon=0.00561 bpp=3.99885 aux=156.49219 (11.9 it/s)
16:33:29 [INFO] [VAL] iter 14000: {'loss': 4.715271949768066, 'recon_loss': 0.0056074210442602634, 'bpp_loss': 3.9975218772888184, 'mse': 0.005607421044254656}
16:33:29 [INFO]   best_mse updated -> 0.005607  (bpp=3.9975)
16:33:31 [INFO] iter 14000/20000 loss=3.72906 recon=0.02207 bpp=3.02289 aux=56.52843 (11.9 it/s)
16:33:31 [INFO] [VAL] iter 14000: {'loss': 3.727745294570923, 'recon_loss': 0.022066647186875343, 'bpp_loss': 3.0216126441955566, 'mse': 0.022066647186853274}
16:33:31 [INFO]   early-stop: no-improve count = 1/3 (best mse=0.021992, current=0.022067)
16:34:52 [INFO] iter 15000/20000 loss=4.71559 recon=0.00560 bpp=3.99820 aux=122.45370 (11.9 it/s)
16:34:55 [INFO] iter 15000/20000 loss=3.72779 recon=0.02206 bpp=3.02186 aux=43.20049 (11.9 it/s)
16:36:17 [INFO] iter 16000/20000 loss=4.71631 recon=0.00561 bpp=3.99844 aux=89.48181 (11.9 it/s)
16:36:17 [INFO] [VAL] iter 16000: {'loss': 4.715165138244629, 'recon_loss': 0.0056071896106004715, 'bpp_loss': 3.9974448680877686, 'mse': 0.005607189610594864}
16:36:17 [INFO]   best_mse updated -> 0.005607  (bpp=3.9974)
16:36:20 [INFO] iter 16000/20000 loss=3.72849 recon=0.02208 bpp=3.02199 aux=25.99580 (11.8 it/s)
16:36:20 [INFO] [VAL] iter 16000: {'loss': 3.727400064468384, 'recon_loss': 0.022074798122048378, 'bpp_loss': 3.0210065841674805, 'mse': 0.022074798122026302}
16:36:20 [INFO]   early-stop: no-improve count = 2/3 (best mse=0.021992, current=0.022075)
16:37:41 [INFO] iter 17000/20000 loss=4.71624 recon=0.00560 bpp=3.99913 aux=57.35927 (11.9 it/s)
16:37:45 [INFO] iter 17000/20000 loss=3.72826 recon=0.02205 bpp=3.02265 aux=10.33181 (11.8 it/s)
16:39:06 [INFO] iter 18000/20000 loss=4.71614 recon=0.00561 bpp=3.99851 aux=26.16092 (11.9 it/s)
16:39:06 [INFO] [VAL] iter 18000: {'loss': 4.715115547180176, 'recon_loss': 0.0056069642305374146, 'bpp_loss': 3.9974241256713867, 'mse': 0.005606964230531807}
16:39:06 [INFO]   best_mse updated -> 0.005607  (bpp=3.9974)
16:39:09 [INFO] iter 18000/20000 loss=3.72805 recon=0.02207 bpp=3.02191 aux=0.55501 (11.8 it/s)
16:39:09 [INFO] [VAL] iter 18000: {'loss': 3.7271995544433594, 'recon_loss': 0.022069932892918587, 'bpp_loss': 3.0209617614746094, 'mse': 0.022069932892896514}
16:39:09 [INFO]   early-stop: no-improve count = 3/3 (best mse=0.021992, current=0.022070)
16:39:09 [INFO]   early-stop: triggered at iter 18000 (no improvement on val/mse for 3 evals)
16:39:09 [INFO] training stopped early at iter 18000
wandb: updating run metadata
wandb: uploading output.log; uploading wandb-summary.json; uploading config.yaml
wandb: 
wandb: Run history:
wandb:             iter ▁▁▂▂▂▃▃▃▃▃▄▄▄▄▅▅▅▆▆▆▆▆▇▇▇███
wandb:   train/aux_loss █▇▇▆▆▅▅▅▄▄▃▂▁▂▂▁▁▁▁
wandb:   train/bpp_loss █▄▁▁▁▁▁▁▁▁▁▁▁▁▁▁▁▁▁
wandb:       train/loss █▄▁▁▁▁▁▁▁▁▁▁▁▁▁▁▁▁▁
wandb: train/recon_loss █▄▂▁▁▁▁▁▁▁▁▁▁▁▁▁▁▁▁
wandb:     val/bpp_loss █▄▄▃▂▁▁▁▁
wandb:         val/loss █▂▂▂▁▁▁▁▁
wandb:          val/mse █▁▁▁▁▁▁▁▁
wandb:   val/recon_loss █▁▁▁▁▁▁▁▁
wandb: 
wandb: Run summary:
wandb:             iter 18000
wandb:   train/aux_loss 0.55501
wandb:   train/bpp_loss 3.02191
wandb:       train/loss 3.72805
wandb: train/recon_loss 0.02207
wandb:     val/bpp_loss 3.02096
wandb:         val/loss 3.7272
wandb:          val/mse 0.02207
wandb:   val/recon_loss 0.02207
wandb: 
wandb: 🚀 View run gaussian_rht_rht_compressai_M16_lmbda32 at: https://wandb.ai/jegwang-ryu99-postech/nwc_v2_rd_normnone/runs/pv0ql4bs
wandb: ⭐️ View project at: https://wandb.ai/jegwang-ryu99-postech/nwc_v2_rd_normnone
wandb: Synced 5 W&B file(s), 0 media file(s), 0 artifact file(s) and 0 other file(s)
wandb: Find logs at: ./wandb/run-20260429_161347-pv0ql4bs/logs
16:40:30 [INFO] iter 19000/20000 loss=4.71600 recon=0.00561 bpp=3.99844 aux=0.42703 (11.9 it/s)
16:41:55 [INFO] iter 20000/20000 loss=4.71574 recon=0.00560 bpp=3.99867 aux=0.32015 (11.9 it/s)
16:41:55 [INFO] [VAL] iter 20000: {'loss': 4.715073108673096, 'recon_loss': 0.005606905557215214, 'bpp_loss': 3.997389078140259, 'mse': 0.005606905557209606}
16:41:55 [INFO]   best_mse updated -> 0.005607  (bpp=3.9974)
16:41:55 [INFO] training complete
wandb: updating run metadata
wandb: uploading output.log; uploading wandb-summary.json; uploading config.yaml
wandb: 
wandb: Run history:
wandb:             iter ▁▁▂▂▂▂▂▃▃▃▃▄▄▄▄▄▅▅▅▆▆▆▆▇▇▇▇▇███
wandb:   train/aux_loss █▇▇▆▆▆▆▅▅▄▄▄▃▃▃▂▂▂▁▁▁
wandb:   train/bpp_loss █▄▁▁▂▃▃▃▃▃▃▃▃▃▃▃▃▃▃▃▃
wandb:       train/loss █▄▂▁▁▁▁▁▁▁▁▁▁▁▁▁▁▁▁▁▁
wandb: train/recon_loss █▅▃▂▁▁▁▁▁▁▁▁▁▁▁▁▁▁▁▁▁
wandb:     val/bpp_loss ▁▄▇███████
wandb:         val/loss █▂▁▁▁▁▁▁▁▁
wandb:          val/mse █▃▁▁▁▁▁▁▁▁
wandb:   val/recon_loss █▃▁▁▁▁▁▁▁▁
wandb: 
wandb: Run summary:
wandb:             iter 20000
wandb:   train/aux_loss 0.32015
wandb:   train/bpp_loss 3.99867
wandb:       train/loss 4.71574
wandb: train/recon_loss 0.0056
wandb:     val/bpp_loss 3.99739
wandb:         val/loss 4.71507
wandb:          val/mse 0.00561
wandb:   val/recon_loss 0.00561
wandb: 
wandb: 🚀 View run gaussian_rht_rht_compressai_M16_lmbda128 at: https://wandb.ai/jegwang-ryu99-postech/nwc_v2_rd_normnone/runs/hu9xf78n
wandb: ⭐️ View project at: https://wandb.ai/jegwang-ryu99-postech/nwc_v2_rd_normnone
wandb: Synced 5 W&B file(s), 0 media file(s), 0 artifact file(s) and 0 other file(s)
wandb: Find logs at: ./wandb/run-20260429_161347-hu9xf78n/logs
Done.  rht_rht (tied) results under ./checkpoint/rd_sweep_normnone/<run_name>/best.pth.tar
